2011-12-01 00:00:07 [W(1)][640.0x92b30450][cds_inner_func.c-171]RecordCopyNum configed:0 is out of value(1~3), set to 1
2011-12-01 00:00:07 [W(1)][640.0x92b30450][cds_inner_func.c-171]AlarmCopyNum configed:0 is out of value(1~3), set to 1
2011-12-01 00:00:07 [W(1)][640.0x92b30450][cds_inner_func.c-171]CommonCopyNum configed:0 is out of value(1~3), set to 1
2011-12-01 00:00:07 [I(0)][640.0x92b30450][cds_socket.c-1006]=== Succeed to init socket global info ===
2011-12-01 00:00:07 [I(0)][640.0x92b30450][cds_socket_rx.c-567]There are 2 received threads have been created.
2011-12-01 00:00:07 [I(0)][640.0x92b30450][cds_socket_tx.c-671]There are 2 tx queues have been created.
2011-12-01 00:00:07 [I(0)][640.0x92b30450][cds_socket_rx.c-567]There are 2 received threads have been created.
2011-12-01 00:00:07 [I(0)][640.0x92b30450][cds_socket_tx.c-671]There are 2 tx queues have been created.
2011-12-01 00:00:07 [I(0)][640.0x92b30450][cds_iscsi_rx.c-544]There are 2 received threads have been created.
2011-12-01 00:00:07 [I(0)][640.0x92b30450][cds_iscsi.c-761]Succeed to init ISCSI module, reg info(MaxCmnds: 1024, MaxHandles: 1024, MaxThreads: 2).
2011-12-01 00:00:07 [I(0)][640.0x92b30450][cds_socket_rx.c-567]There are 1 received threads have been created.
2011-12-01 00:00:07 [I(0)][640.0x92b30450][cds_socket_tx.c-671]There are 2 tx queues have been created.
2011-12-01 00:00:07 [I(0)][640.0x92b30450][cds_interface.c-406]CDS Init Done!
2011-12-01 00:00:06 [W(1)][831.0x92b51450][cds_inner_func.c-171]RecordCopyNum configed:0 is out of value(1~3), set to 1
2011-12-01 00:00:06 [W(1)][831.0x92b51450][cds_inner_func.c-171]AlarmCopyNum configed:0 is out of value(1~3), set to 1
2011-12-01 00:00:06 [W(1)][831.0x92b51450][cds_inner_func.c-171]CommonCopyNum configed:0 is out of value(1~3), set to 1
2011-12-01 00:00:06 [I(0)][831.0x92b51450][cds_socket.c-1006]=== Succeed to init socket global info ===
2011-12-01 00:00:06 [I(0)][831.0x92b51450][cds_socket_rx.c-567]There are 2 received threads have been created.
2011-12-01 00:00:06 [I(0)][831.0x92b51450][cds_socket_tx.c-671]There are 2 tx queues have been created.
2011-12-01 00:00:06 [I(0)][831.0x92b51450][cds_socket_rx.c-567]There are 2 received threads have been created.
2011-12-01 00:00:06 [I(0)][831.0x92b51450][cds_socket_tx.c-671]There are 2 tx queues have been created.
2011-12-01 00:00:06 [I(0)][831.0x92b51450][cds_iscsi_rx.c-544]There are 2 received threads have been created.
2011-12-01 00:00:06 [I(0)][831.0x92b51450][cds_iscsi.c-761]Succeed to init ISCSI module, reg info(MaxCmnds: 1024, MaxHandles: 1024, MaxThreads: 2).
2011-12-01 00:00:06 [I(0)][831.0x92b51450][cds_socket_rx.c-567]There are 1 received threads have been created.
2011-12-01 00:00:06 [I(0)][831.0x92b51450][cds_socket_tx.c-671]There are 2 tx queues have been created.
2011-12-01 00:00:06 [I(0)][831.0x92b51450][cds_interface.c-406]CDS Init Done!
2011-12-01 00:00:06 [W(1)][860.0x92b51450][cds_inner_func.c-171]RecordCopyNum configed:0 is out of value(1~3), set to 1
2011-12-01 00:00:06 [W(1)][860.0x92b51450][cds_inner_func.c-171]AlarmCopyNum configed:0 is out of value(1~3), set to 1
2011-12-01 00:00:06 [W(1)][860.0x92b51450][cds_inner_func.c-171]CommonCopyNum configed:0 is out of value(1~3), set to 1
2011-12-01 00:00:06 [I(0)][860.0x92b51450][cds_socket.c-1006]=== Succeed to init socket global info ===
2011-12-01 00:00:06 [I(0)][860.0x92b51450][cds_socket_rx.c-567]There are 2 received threads have been created.
2011-12-01 00:00:06 [I(0)][860.0x92b51450][cds_socket_tx.c-671]There are 2 tx queues have been created.
2011-12-01 00:00:06 [I(0)][860.0x92b51450][cds_socket_rx.c-567]There are 2 received threads have been created.
2011-12-01 00:00:06 [I(0)][860.0x92b51450][cds_socket_tx.c-671]There are 2 tx queues have been created.
2011-12-01 00:00:06 [I(0)][860.0x92b51450][cds_iscsi_rx.c-544]There are 2 received threads have been created.
2011-12-01 00:00:06 [I(0)][860.0x92b51450][cds_iscsi.c-761]Succeed to init ISCSI module, reg info(MaxCmnds: 1024, MaxHandles: 1024, MaxThreads: 2).
2011-12-01 00:00:06 [I(0)][860.0x92b51450][cds_socket_rx.c-567]There are 1 received threads have been created.
2011-12-01 00:00:06 [I(0)][860.0x92b51450][cds_socket_tx.c-671]There are 2 tx queues have been created.
2011-12-01 00:00:06 [I(0)][860.0x92b51450][cds_interface.c-406]CDS Init Done!
2011-12-01 00:00:06 [W(1)][819.0x92aa2450][cds_inner_func.c-171]RecordCopyNum configed:0 is out of value(1~3), set to 1
2011-12-01 00:00:06 [W(1)][819.0x92aa2450][cds_inner_func.c-171]AlarmCopyNum configed:0 is out of value(1~3), set to 1
2011-12-01 00:00:06 [W(1)][819.0x92aa2450][cds_inner_func.c-171]CommonCopyNum configed:0 is out of value(1~3), set to 1
2011-12-01 00:00:06 [I(0)][819.0x92aa2450][cds_socket.c-1006]=== Succeed to init socket global info ===
2011-12-01 00:00:06 [I(0)][819.0x92aa2450][cds_socket_rx.c-567]There are 2 received threads have been created.
2011-12-01 00:00:06 [I(0)][819.0x92aa2450][cds_socket_tx.c-671]There are 2 tx queues have been created.
2011-12-01 00:00:06 [I(0)][819.0x92aa2450][cds_socket_rx.c-567]There are 2 received threads have been created.
2011-12-01 00:00:06 [I(0)][819.0x92aa2450][cds_socket_tx.c-671]There are 2 tx queues have been created.
2011-12-01 00:00:06 [I(0)][819.0x92aa2450][cds_iscsi_rx.c-544]There are 2 received threads have been created.
2011-12-01 00:00:06 [I(0)][819.0x92aa2450][cds_iscsi.c-761]Succeed to init ISCSI module, reg info(MaxCmnds: 1024, MaxHandles: 1024, MaxThreads: 2).
2011-12-01 00:00:06 [I(0)][819.0x92aa2450][cds_socket_rx.c-567]There are 1 received threads have been created.
2011-12-01 00:00:06 [I(0)][819.0x92aa2450][cds_socket_tx.c-671]There are 2 tx queues have been created.
2011-12-01 00:00:06 [I(0)][819.0x92aa2450][cds_interface.c-406]CDS Init Done!
2011-12-01 00:00:06 [W(1)][913.0x92b30450][cds_inner_func.c-171]RecordCopyNum configed:0 is out of value(1~3), set to 1
2011-12-01 00:00:06 [W(1)][913.0x92b30450][cds_inner_func.c-171]AlarmCopyNum configed:0 is out of value(1~3), set to 1
2011-12-01 00:00:06 [W(1)][913.0x92b30450][cds_inner_func.c-171]CommonCopyNum configed:0 is out of value(1~3), set to 1
2011-12-01 00:00:06 [I(0)][913.0x92b30450][cds_socket.c-1006]=== Succeed to init socket global info ===
2011-12-01 00:00:06 [I(0)][913.0x92b30450][cds_socket_rx.c-567]There are 2 received threads have been created.
2011-12-01 00:00:06 [I(0)][913.0x92b30450][cds_socket_tx.c-671]There are 2 tx queues have been created.
2011-12-01 00:00:06 [I(0)][913.0x92b30450][cds_socket_rx.c-567]There are 2 received threads have been created.
2011-12-01 00:00:06 [I(0)][913.0x92b30450][cds_socket_tx.c-671]There are 2 tx queues have been created.
2011-12-01 00:00:06 [I(0)][913.0x92b30450][cds_iscsi_rx.c-544]There are 2 received threads have been created.
2011-12-01 00:00:06 [I(0)][913.0x92b30450][cds_iscsi.c-761]Succeed to init ISCSI module, reg info(MaxCmnds: 1024, MaxHandles: 1024, MaxThreads: 2).
2011-12-01 00:00:06 [I(0)][913.0x92b30450][cds_socket_rx.c-567]There are 1 received threads have been created.
2011-12-01 00:00:06 [I(0)][913.0x92b30450][cds_socket_tx.c-671]There are 2 tx queues have been created.
2011-12-01 00:00:06 [I(0)][913.0x92b30450][cds_interface.c-406]CDS Init Done!
2011-12-01 00:00:06 [W(1)][821.0x9266f450][cds_inner_func.c-171]RecordCopyNum configed:0 is out of value(1~3), set to 1
2011-12-01 00:00:06 [W(1)][821.0x9266f450][cds_inner_func.c-171]AlarmCopyNum configed:0 is out of value(1~3), set to 1
2011-12-01 00:00:06 [W(1)][821.0x9266f450][cds_inner_func.c-171]CommonCopyNum configed:0 is out of value(1~3), set to 1
2011-12-01 00:00:06 [I(0)][821.0x9266f450][cds_socket.c-1006]=== Succeed to init socket global info ===
2011-12-01 00:00:06 [I(0)][821.0x9266f450][cds_socket_rx.c-567]There are 2 received threads have been created.
2011-12-01 00:00:06 [I(0)][821.0x9266f450][cds_socket_tx.c-671]There are 2 tx queues have been created.
2011-12-01 00:00:06 [I(0)][821.0x9266f450][cds_socket_rx.c-567]There are 2 received threads have been created.
2011-12-01 00:00:06 [I(0)][821.0x9266f450][cds_socket_tx.c-671]There are 2 tx queues have been created.
2011-12-01 00:00:06 [I(0)][821.0x9266f450][cds_iscsi_rx.c-544]There are 2 received threads have been created.
2011-12-01 00:00:06 [I(0)][821.0x9266f450][cds_iscsi.c-761]Succeed to init ISCSI module, reg info(MaxCmnds: 1024, MaxHandles: 1024, MaxThreads: 2).
2011-12-01 00:00:06 [I(0)][821.0x9266f450][cds_socket_rx.c-567]There are 1 received threads have been created.
2011-12-01 00:00:06 [I(0)][821.0x9266f450][cds_socket_tx.c-671]There are 2 tx queues have been created.
2011-12-01 00:00:06 [I(0)][821.0x9266f450][cds_interface.c-406]CDS Init Done!
2011-12-01 00:00:06 [W(1)][877.0xb1cfe450][cds_inner_func.c-171]RecordCopyNum configed:0 is out of value(1~3), set to 1
2011-12-01 00:00:06 [W(1)][877.0xb1cfe450][cds_inner_func.c-171]AlarmCopyNum configed:0 is out of value(1~3), set to 1
2011-12-01 00:00:06 [W(1)][877.0xb1cfe450][cds_inner_func.c-171]CommonCopyNum configed:0 is out of value(1~3), set to 1
2011-12-01 00:00:06 [I(0)][877.0xb1cfe450][cds_socket.c-1006]=== Succeed to init socket global info ===
2011-12-01 00:00:06 [I(0)][877.0xb1cfe450][cds_socket_rx.c-567]There are 2 received threads have been created.
2011-12-01 00:00:06 [I(0)][877.0xb1cfe450][cds_socket_tx.c-671]There are 2 tx queues have been created.
2011-12-01 00:00:06 [I(0)][877.0xb1cfe450][cds_socket_rx.c-567]There are 2 received threads have been created.
2011-12-01 00:00:06 [I(0)][877.0xb1cfe450][cds_socket_tx.c-671]There are 2 tx queues have been created.
2011-12-01 00:00:06 [I(0)][877.0xb1cfe450][cds_iscsi_rx.c-544]There are 2 received threads have been created.
2011-12-01 00:00:06 [I(0)][877.0xb1cfe450][cds_iscsi.c-761]Succeed to init ISCSI module, reg info(MaxCmnds: 1024, MaxHandles: 1024, MaxThreads: 2).
2011-12-01 00:00:06 [I(0)][877.0xb1cfe450][cds_socket_rx.c-567]There are 1 received threads have been created.
2011-12-01 00:00:06 [I(0)][877.0xb1cfe450][cds_socket_tx.c-671]There are 2 tx queues have been created.
2011-12-01 00:00:06 [I(0)][877.0xb1cfe450][cds_interface.c-406]CDS Init Done!
2011-12-01 01:35:28 [W(1)][14287.0x933ef450][cds_inner_func.c-171]RecordCopyNum configed:0 is out of value(1~3), set to 1
2011-12-01 01:35:28 [W(1)][14287.0x933ef450][cds_inner_func.c-171]AlarmCopyNum configed:0 is out of value(1~3), set to 1
2011-12-01 01:35:28 [W(1)][14287.0x933ef450][cds_inner_func.c-171]CommonCopyNum configed:0 is out of value(1~3), set to 1
2011-12-01 01:35:28 [I(0)][14287.0x933ef450][cds_socket.c-1006]=== Succeed to init socket global info ===
2011-12-01 01:35:28 [I(0)][14287.0x933ef450][cds_socket_rx.c-567]There are 2 received threads have been created.
2011-12-01 01:35:28 [I(0)][14287.0x933ef450][cds_socket_tx.c-671]There are 2 tx queues have been created.
2011-12-01 01:35:28 [I(0)][14287.0x933ef450][cds_socket_rx.c-567]There are 2 received threads have been created.
2011-12-01 01:35:28 [I(0)][14287.0x933ef450][cds_socket_tx.c-671]There are 2 tx queues have been created.
2011-12-01 01:35:28 [I(0)][14287.0x933ef450][cds_iscsi_rx.c-544]There are 2 received threads have been created.
2011-12-01 01:35:28 [I(0)][14287.0x933ef450][cds_iscsi.c-761]Succeed to init ISCSI module, reg info(MaxCmnds: 1024, MaxHandles: 1024, MaxThreads: 2).
2011-12-01 01:35:28 [I(0)][14287.0x933ef450][cds_socket_rx.c-567]There are 1 received threads have been created.
2011-12-01 01:35:28 [I(0)][14287.0x933ef450][cds_socket_tx.c-671]There are 2 tx queues have been created.
2011-12-01 01:35:28 [I(0)][14287.0x933ef450][cds_interface.c-406]CDS Init Done!
2011-12-01 00:00:05 [W(1)][883.0x916b1450][cds_inner_func.c-171]RecordCopyNum configed:0 is out of value(1~3), set to 1
2011-12-01 00:00:05 [W(1)][883.0x916b1450][cds_inner_func.c-171]AlarmCopyNum configed:0 is out of value(1~3), set to 1
2011-12-01 00:00:05 [W(1)][883.0x916b1450][cds_inner_func.c-171]CommonCopyNum configed:0 is out of value(1~3), set to 1
2011-12-01 00:00:05 [I(0)][883.0x916b1450][cds_socket.c-1006]=== Succeed to init socket global info ===
2011-12-01 00:00:05 [I(0)][883.0x916b1450][cds_socket_rx.c-567]There are 2 received threads have been created.
2011-12-01 00:00:05 [I(0)][883.0x916b1450][cds_socket_tx.c-671]There are 2 tx queues have been created.
2011-12-01 00:00:05 [I(0)][883.0x916b1450][cds_socket_rx.c-567]There are 2 received threads have been created.
2011-12-01 00:00:05 [I(0)][883.0x916b1450][cds_socket_tx.c-671]There are 2 tx queues have been created.
2011-12-01 00:00:05 [I(0)][883.0x916b1450][cds_iscsi_rx.c-544]There are 2 received threads have been created.
2011-12-01 00:00:05 [I(0)][883.0x916b1450][cds_iscsi.c-761]Succeed to init ISCSI module, reg info(MaxCmnds: 1024, MaxHandles: 1024, MaxThreads: 2).
2011-12-01 00:00:05 [I(0)][883.0x916b1450][cds_socket_rx.c-567]There are 1 received threads have been created.
2011-12-01 00:00:05 [I(0)][883.0x916b1450][cds_socket_tx.c-671]There are 2 tx queues have been created.
2011-12-01 00:00:05 [I(0)][883.0x916b1450][cds_interface.c-406]CDS Init Done!
2011-12-01 00:03:20 [W(1)][1906.0x93381450][cds_inner_func.c-171]RecordCopyNum configed:0 is out of value(1~3), set to 1
2011-12-01 00:03:20 [W(1)][1906.0x93381450][cds_inner_func.c-171]AlarmCopyNum configed:0 is out of value(1~3), set to 1
2011-12-01 00:03:20 [W(1)][1906.0x93381450][cds_inner_func.c-171]CommonCopyNum configed:0 is out of value(1~3), set to 1
2011-12-01 00:03:20 [I(0)][1906.0x93381450][cds_socket.c-1006]=== Succeed to init socket global info ===
2011-12-01 00:03:20 [I(0)][1906.0x93381450][cds_socket_rx.c-567]There are 2 received threads have been created.
2011-12-01 00:03:20 [I(0)][1906.0x93381450][cds_socket_tx.c-671]There are 2 tx queues have been created.
2011-12-01 00:03:20 [I(0)][1906.0x93381450][cds_socket_rx.c-567]There are 2 received threads have been created.
2011-12-01 00:03:20 [I(0)][1906.0x93381450][cds_socket_tx.c-671]There are 2 tx queues have been created.
2011-12-01 00:03:20 [I(0)][1906.0x93381450][cds_iscsi_rx.c-544]There are 2 received threads have been created.
2011-12-01 00:03:20 [I(0)][1906.0x93381450][cds_iscsi.c-761]Succeed to init ISCSI module, reg info(MaxCmnds: 1024, MaxHandles: 1024, MaxThreads: 2).
2011-12-01 00:03:20 [I(0)][1906.0x93381450][cds_socket_rx.c-567]There are 1 received threads have been created.
2011-12-01 00:03:20 [I(0)][1906.0x93381450][cds_socket_tx.c-671]There are 2 tx queues have been created.
2011-12-01 00:03:20 [I(0)][1906.0x93381450][cds_interface.c-406]CDS Init Done!
2011-12-01 00:00:06 [W(1)][853.0x922ea450][cds_inner_func.c-171]RecordCopyNum configed:0 is out of value(1~3), set to 1
2011-12-01 00:00:06 [W(1)][853.0x922ea450][cds_inner_func.c-171]AlarmCopyNum configed:0 is out of value(1~3), set to 1
2011-12-01 00:00:06 [W(1)][853.0x922ea450][cds_inner_func.c-171]CommonCopyNum configed:0 is out of value(1~3), set to 1
2011-12-01 00:00:06 [I(0)][853.0x922ea450][cds_socket.c-1006]=== Succeed to init socket global info ===
2011-12-01 00:00:06 [I(0)][853.0x922ea450][cds_socket_rx.c-567]There are 2 received threads have been created.
2011-12-01 00:00:06 [I(0)][853.0x922ea450][cds_socket_tx.c-671]There are 2 tx queues have been created.
2011-12-01 00:00:06 [I(0)][853.0x922ea450][cds_socket_rx.c-567]There are 2 received threads have been created.
2011-12-01 00:00:06 [I(0)][853.0x922ea450][cds_socket_tx.c-671]There are 2 tx queues have been created.
2011-12-01 00:00:06 [I(0)][853.0x922ea450][cds_iscsi_rx.c-544]There are 2 received threads have been created.
2011-12-01 00:00:06 [I(0)][853.0x922ea450][cds_iscsi.c-761]Succeed to init ISCSI module, reg info(MaxCmnds: 1024, MaxHandles: 1024, MaxThreads: 2).
2011-12-01 00:00:06 [I(0)][853.0x922ea450][cds_socket_rx.c-567]There are 1 received threads have been created.
2011-12-01 00:00:06 [I(0)][853.0x922ea450][cds_socket_tx.c-671]There are 2 tx queues have been created.
2011-12-01 00:00:06 [I(0)][853.0x922ea450][cds_interface.c-406]CDS Init Done!
2011-12-01 00:00:05 [W(1)][875.0x91674450][cds_inner_func.c-171]RecordCopyNum configed:0 is out of value(1~3), set to 1
2011-12-01 00:00:05 [W(1)][875.0x91674450][cds_inner_func.c-171]AlarmCopyNum configed:0 is out of value(1~3), set to 1
2011-12-01 00:00:05 [W(1)][875.0x91674450][cds_inner_func.c-171]CommonCopyNum configed:0 is out of value(1~3), set to 1
2011-12-01 00:00:05 [I(0)][875.0x91674450][cds_socket.c-1006]=== Succeed to init socket global info ===
2011-12-01 00:00:05 [I(0)][875.0x91674450][cds_socket_rx.c-567]There are 2 received threads have been created.
2011-12-01 00:00:05 [I(0)][875.0x91674450][cds_socket_tx.c-671]There are 2 tx queues have been created.
2011-12-01 00:00:05 [I(0)][875.0x91674450][cds_socket_rx.c-567]There are 2 received threads have been created.
2011-12-01 00:00:05 [I(0)][875.0x91674450][cds_socket_tx.c-671]There are 2 tx queues have been created.
2011-12-01 00:00:05 [I(0)][875.0x91674450][cds_iscsi_rx.c-544]There are 2 received threads have been created.
2011-12-01 00:00:05 [I(0)][875.0x91674450][cds_iscsi.c-761]Succeed to init ISCSI module, reg info(MaxCmnds: 1024, MaxHandles: 1024, MaxThreads: 2).
2011-12-01 00:00:05 [I(0)][875.0x91674450][cds_socket_rx.c-567]There are 1 received threads have been created.
2011-12-01 00:00:05 [I(0)][875.0x91674450][cds_socket_tx.c-671]There are 2 tx queues have been created.
2011-12-01 00:00:05 [I(0)][875.0x91674450][cds_interface.c-406]CDS Init Done!
