12-01 01:17:13 179[I(0)][ui_mainwndnew.c-2037][MMI_TempVerson_ShowProc] Set FirmwareVersion[] FirmwareVersion[]
12-01 01:17:21 218[I(0)][ui_mainwndnew.c-2037][MMI_TempVerson_ShowProc] Set FirmwareVersion[] FirmwareVersion[]
12-01 01:17:29 263[I(0)][ui_mainwndnew.c-2037][MMI_TempVerson_ShowProc] Set FirmwareVersion[] FirmwareVersion[]
12-01 01:17:37 296[I(0)][ui_mainwndnew.c-2037][MMI_TempVerson_ShowProc] Set FirmwareVersion[] FirmwareVersion[]
12-01 01:17:45 347[I(0)][ui_mainwndnew.c-2037][MMI_TempVerson_ShowProc] Set FirmwareVersion[] FirmwareVersion[]
12-01 01:17:53 386[I(0)][ui_mainwndnew.c-2037][MMI_TempVerson_ShowProc] Set FirmwareVersion[] FirmwareVersion[]
12-01 01:18:01 426[I(0)][ui_mainwndnew.c-2037][MMI_TempVerson_ShowProc] Set FirmwareVersion[] FirmwareVersion[]
12-01 01:18:09 466[I(0)][ui_mainwndnew.c-2037][MMI_TempVerson_ShowProc] Set FirmwareVersion[] FirmwareVersion[]
12-01 01:18:17 506[I(0)][ui_mainwndnew.c-2037][MMI_TempVerson_ShowProc] Set FirmwareVersion[] FirmwareVersion[]
12-01 01:18:25 548[I(0)][ui_mainwndnew.c-2037][MMI_TempVerson_ShowProc] Set FirmwareVersion[] FirmwareVersion[]
12-01 01:18:33 588[I(0)][ui_mainwndnew.c-2037][MMI_TempVerson_ShowProc] Set FirmwareVersion[] FirmwareVersion[]
12-01 01:18:41 626[I(0)][ui_mainwndnew.c-2037][MMI_TempVerson_ShowProc] Set FirmwareVersion[] FirmwareVersion[]
12-01 01:18:49 666[I(0)][ui_mainwndnew.c-2037][MMI_TempVerson_ShowProc] Set FirmwareVersion[] FirmwareVersion[]
12-01 01:18:57 706[I(0)][ui_mainwndnew.c-2037][MMI_TempVerson_ShowProc] Set FirmwareVersion[] FirmwareVersion[]
12-01 01:19:05 747[I(0)][ui_mainwndnew.c-2037][MMI_TempVerson_ShowProc] Set FirmwareVersion[] FirmwareVersion[]
12-01 01:19:13 788[I(0)][ui_mainwndnew.c-2037][MMI_TempVerson_ShowProc] Set FirmwareVersion[] FirmwareVersion[]
12-01 01:19:21 857[I(0)][ui_mainwndnew.c-2037][MMI_TempVerson_ShowProc] Set FirmwareVersion[] FirmwareVersion[]
12-01 01:19:29 896[I(0)][ui_mainwndnew.c-2037][MMI_TempVerson_ShowProc] Set FirmwareVersion[] FirmwareVersion[]
12-01 01:19:37 936[I(0)][ui_mainwndnew.c-2037][MMI_TempVerson_ShowProc] Set FirmwareVersion[] FirmwareVersion[]
12-01 01:19:45 976[I(0)][ui_mainwndnew.c-2037][MMI_TempVerson_ShowProc] Set FirmwareVersion[] FirmwareVersion[]
12-01 01:19:54 018[I(0)][ui_mainwndnew.c-2037][MMI_TempVerson_ShowProc] Set FirmwareVersion[] FirmwareVersion[]
12-01 01:20:02 067[I(0)][ui_mainwndnew.c-2037][MMI_TempVerson_ShowProc] Set FirmwareVersion[] FirmwareVersion[]
12-01 01:20:10 107[I(0)][ui_mainwndnew.c-2037][MMI_TempVerson_ShowProc] Set FirmwareVersion[] FirmwareVersion[]
12-01 01:20:18 159[I(0)][ui_mainwndnew.c-2037][MMI_TempVerson_ShowProc] Set FirmwareVersion[] FirmwareVersion[]
12-01 01:20:26 198[I(0)][ui_mainwndnew.c-2037][MMI_TempVerson_ShowProc] Set FirmwareVersion[] FirmwareVersion[]
12-01 01:20:34 236[I(0)][ui_mainwndnew.c-2037][MMI_TempVerson_ShowProc] Set FirmwareVersion[] FirmwareVersion[]
12-01 01:20:42 279[I(0)][ui_mainwndnew.c-2037][MMI_TempVerson_ShowProc] Set FirmwareVersion[] FirmwareVersion[]
12-01 01:20:50 316[I(0)][ui_mainwndnew.c-2037][MMI_TempVerson_ShowProc] Set FirmwareVersion[] FirmwareVersion[]
12-01 01:20:58 356[I(0)][ui_mainwndnew.c-2037][MMI_TempVerson_ShowProc] Set FirmwareVersion[] FirmwareVersion[]
12-01 01:21:06 396[I(0)][ui_mainwndnew.c-2037][MMI_TempVerson_ShowProc] Set FirmwareVersion[] FirmwareVersion[]
12-01 01:21:14 436[I(0)][ui_mainwndnew.c-2037][MMI_TempVerson_ShowProc] Set FirmwareVersion[] FirmwareVersion[]
12-01 01:21:22 487[I(0)][ui_mainwndnew.c-2037][MMI_TempVerson_ShowProc] Set FirmwareVersion[] FirmwareVersion[]
12-01 01:21:30 529[I(0)][ui_mainwndnew.c-2037][MMI_TempVerson_ShowProc] Set FirmwareVersion[] FirmwareVersion[]
12-01 01:21:38 567[I(0)][ui_mainwndnew.c-2037][MMI_TempVerson_ShowProc] Set FirmwareVersion[] FirmwareVersion[]
12-01 01:21:46 607[I(0)][ui_mainwndnew.c-2037][MMI_TempVerson_ShowProc] Set FirmwareVersion[] FirmwareVersion[]
12-01 01:21:54 646[I(0)][ui_mainwndnew.c-2037][MMI_TempVerson_ShowProc] Set FirmwareVersion[] FirmwareVersion[]
12-01 01:22:02 686[I(0)][ui_mainwndnew.c-2037][MMI_TempVerson_ShowProc] Set FirmwareVersion[] FirmwareVersion[]
12-01 01:22:10 726[I(0)][ui_mainwndnew.c-2037][MMI_TempVerson_ShowProc] Set FirmwareVersion[] FirmwareVersion[]
12-01 01:22:18 778[I(0)][ui_mainwndnew.c-2037][MMI_TempVerson_ShowProc] Set FirmwareVersion[] FirmwareVersion[]
12-01 01:22:26 817[I(0)][ui_mainwndnew.c-2037][MMI_TempVerson_ShowProc] Set FirmwareVersion[] FirmwareVersion[]
12-01 01:22:34 857[I(0)][ui_mainwndnew.c-2037][MMI_TempVerson_ShowProc] Set FirmwareVersion[] FirmwareVersion[]
12-01 01:22:42 898[I(0)][ui_mainwndnew.c-2037][MMI_TempVerson_ShowProc] Set FirmwareVersion[] FirmwareVersion[]
12-01 01:22:50 937[I(0)][ui_mainwndnew.c-2037][MMI_TempVerson_ShowProc] Set FirmwareVersion[] FirmwareVersion[]
12-01 01:22:53 921[I(0)][ui_mainwndnew.c-1884][_Mainwnd_Touch_Screen] Time Old[1322697630] New[1322702573]
12-01 01:22:54 019[I(0)][ui_mainwndnew.c-1884][_Mainwnd_Touch_Screen] Time Old[1322697630] New[1322702574]
12-01 01:22:58 976[I(0)][ui_mainwndnew.c-2037][MMI_TempVerson_ShowProc] Set FirmwareVersion[] FirmwareVersion[]
12-01 01:23:07 016[I(0)][ui_mainwndnew.c-2037][MMI_TempVerson_ShowProc] Set FirmwareVersion[] FirmwareVersion[]
12-01 01:23:15 056[I(0)][ui_mainwndnew.c-2037][MMI_TempVerson_ShowProc] Set FirmwareVersion[] FirmwareVersion[]
12-01 01:23:23 096[I(0)][ui_mainwndnew.c-2037][MMI_TempVerson_ShowProc] Set FirmwareVersion[] FirmwareVersion[]
12-01 01:23:31 138[I(0)][ui_mainwndnew.c-2037][MMI_TempVerson_ShowProc] Set FirmwareVersion[] FirmwareVersion[]
12-01 01:23:39 178[I(0)][ui_mainwndnew.c-2037][MMI_TempVerson_ShowProc] Set FirmwareVersion[] FirmwareVersion[]
12-01 01:23:47 217[I(0)][ui_mainwndnew.c-2037][MMI_TempVerson_ShowProc] Set FirmwareVersion[] FirmwareVersion[]
12-01 01:23:55 256[I(0)][ui_mainwndnew.c-2037][MMI_TempVerson_ShowProc] Set FirmwareVersion[] FirmwareVersion[]
12-01 01:24:03 312[I(0)][ui_mainwndnew.c-2037][MMI_TempVerson_ShowProc] Set FirmwareVersion[] FirmwareVersion[]
12-01 01:24:11 346[I(0)][ui_mainwndnew.c-2037][MMI_TempVerson_ShowProc] Set FirmwareVersion[] FirmwareVersion[]
12-01 01:24:19 386[I(0)][ui_mainwndnew.c-2037][MMI_TempVerson_ShowProc] Set FirmwareVersion[] FirmwareVersion[]
12-01 01:24:27 426[I(0)][ui_mainwndnew.c-2037][MMI_TempVerson_ShowProc] Set FirmwareVersion[] FirmwareVersion[]
12-01 01:24:35 466[I(0)][ui_mainwndnew.c-2037][MMI_TempVerson_ShowProc] Set FirmwareVersion[] FirmwareVersion[]
12-01 01:24:43 511[I(0)][ui_mainwndnew.c-2037][MMI_TempVerson_ShowProc] Set FirmwareVersion[] FirmwareVersion[]
12-01 01:24:51 547[I(0)][ui_mainwndnew.c-2037][MMI_TempVerson_ShowProc] Set FirmwareVersion[] FirmwareVersion[]
12-01 01:24:59 586[I(0)][ui_mainwndnew.c-2037][MMI_TempVerson_ShowProc] Set FirmwareVersion[] FirmwareVersion[]
12-01 01:25:07 626[I(0)][ui_mainwndnew.c-2037][MMI_TempVerson_ShowProc] Set FirmwareVersion[] FirmwareVersion[]
12-01 01:25:15 666[I(0)][ui_mainwndnew.c-2037][MMI_TempVerson_ShowProc] Set FirmwareVersion[] FirmwareVersion[]
12-01 01:25:23 708[I(0)][ui_mainwndnew.c-2037][MMI_TempVerson_ShowProc] Set FirmwareVersion[] FirmwareVersion[]
12-01 01:25:31 747[I(0)][ui_mainwndnew.c-2037][MMI_TempVerson_ShowProc] Set FirmwareVersion[] FirmwareVersion[]
12-01 01:25:39 789[I(0)][ui_mainwndnew.c-2037][MMI_TempVerson_ShowProc] Set FirmwareVersion[] FirmwareVersion[]
12-01 01:25:47 826[I(0)][ui_mainwndnew.c-2037][MMI_TempVerson_ShowProc] Set FirmwareVersion[] FirmwareVersion[]
12-01 01:25:55 866[I(0)][ui_mainwndnew.c-2037][MMI_TempVerson_ShowProc] Set FirmwareVersion[] FirmwareVersion[]
12-01 01:26:03 906[I(0)][ui_mainwndnew.c-2037][MMI_TempVerson_ShowProc] Set FirmwareVersion[] FirmwareVersion[]
12-01 01:26:11 956[I(0)][ui_mainwndnew.c-2037][MMI_TempVerson_ShowProc] Set FirmwareVersion[] FirmwareVersion[]
12-01 01:26:19 996[I(0)][ui_mainwndnew.c-2037][MMI_TempVerson_ShowProc] Set FirmwareVersion[] FirmwareVersion[]
12-01 01:26:28 037[I(0)][ui_mainwndnew.c-2037][MMI_TempVerson_ShowProc] Set FirmwareVersion[] FirmwareVersion[]
12-01 01:26:36 077[I(0)][ui_mainwndnew.c-2037][MMI_TempVerson_ShowProc] Set FirmwareVersion[] FirmwareVersion[]
12-01 01:26:44 117[I(0)][ui_mainwndnew.c-2037][MMI_TempVerson_ShowProc] Set FirmwareVersion[] FirmwareVersion[]
12-01 01:26:52 157[I(0)][ui_mainwndnew.c-2037][MMI_TempVerson_ShowProc] Set FirmwareVersion[] FirmwareVersion[]
12-01 01:27:00 208[I(0)][ui_mainwndnew.c-2037][MMI_TempVerson_ShowProc] Set FirmwareVersion[] FirmwareVersion[]
12-01 01:27:08 247[I(0)][ui_mainwndnew.c-2037][MMI_TempVerson_ShowProc] Set FirmwareVersion[] FirmwareVersion[]
12-01 01:27:16 290[I(0)][ui_mainwndnew.c-2037][MMI_TempVerson_ShowProc] Set FirmwareVersion[] FirmwareVersion[]
12-01 01:27:24 326[I(0)][ui_mainwndnew.c-2037][MMI_TempVerson_ShowProc] Set FirmwareVersion[] FirmwareVersion[]
12-01 01:27:32 366[I(0)][ui_mainwndnew.c-2037][MMI_TempVerson_ShowProc] Set FirmwareVersion[] FirmwareVersion[]
12-01 01:27:40 406[I(0)][ui_mainwndnew.c-2037][MMI_TempVerson_ShowProc] Set FirmwareVersion[] FirmwareVersion[]
12-01 01:27:48 447[I(0)][ui_mainwndnew.c-2037][MMI_TempVerson_ShowProc] Set FirmwareVersion[] FirmwareVersion[]
12-01 01:27:56 487[I(0)][ui_mainwndnew.c-2037][MMI_TempVerson_ShowProc] Set FirmwareVersion[] FirmwareVersion[]
12-01 01:28:04 528[I(0)][ui_mainwndnew.c-2037][MMI_TempVerson_ShowProc] Set FirmwareVersion[] FirmwareVersion[]
12-01 01:28:12 566[I(0)][ui_mainwndnew.c-2037][MMI_TempVerson_ShowProc] Set FirmwareVersion[] FirmwareVersion[]
12-01 01:28:20 606[I(0)][ui_mainwndnew.c-2037][MMI_TempVerson_ShowProc] Set FirmwareVersion[] FirmwareVersion[]
12-01 01:28:28 646[I(0)][ui_mainwndnew.c-2037][MMI_TempVerson_ShowProc] Set FirmwareVersion[] FirmwareVersion[]
12-01 01:28:36 687[I(0)][ui_mainwndnew.c-2037][MMI_TempVerson_ShowProc] Set FirmwareVersion[] FirmwareVersion[]
12-01 01:28:44 774[I(0)][ui_mainwndnew.c-2037][MMI_TempVerson_ShowProc] Set FirmwareVersion[] FirmwareVersion[]
12-01 01:28:52 808[I(0)][ui_mainwndnew.c-2037][MMI_TempVerson_ShowProc] Set FirmwareVersion[] FirmwareVersion[]
12-01 01:29:00 847[I(0)][ui_mainwndnew.c-2037][MMI_TempVerson_ShowProc] Set FirmwareVersion[] FirmwareVersion[]
12-01 01:29:08 886[I(0)][ui_mainwndnew.c-2037][MMI_TempVerson_ShowProc] Set FirmwareVersion[] FirmwareVersion[]
12-01 01:29:16 926[I(0)][ui_mainwndnew.c-2037][MMI_TempVerson_ShowProc] Set FirmwareVersion[] FirmwareVersion[]
12-01 01:29:24 966[I(0)][ui_mainwndnew.c-2037][MMI_TempVerson_ShowProc] Set FirmwareVersion[] FirmwareVersion[]
12-01 01:29:33 006[I(0)][ui_mainwndnew.c-2037][MMI_TempVerson_ShowProc] Set FirmwareVersion[] FirmwareVersion[]
12-01 01:29:41 057[I(0)][ui_mainwndnew.c-2037][MMI_TempVerson_ShowProc] Set FirmwareVersion[] FirmwareVersion[]
12-01 01:29:49 097[I(0)][ui_mainwndnew.c-2037][MMI_TempVerson_ShowProc] Set FirmwareVersion[] FirmwareVersion[]
12-01 01:29:57 137[I(0)][ui_mainwndnew.c-2037][MMI_TempVerson_ShowProc] Set FirmwareVersion[] FirmwareVersion[]
12-01 01:30:05 177[I(0)][ui_mainwndnew.c-2037][MMI_TempVerson_ShowProc] Set FirmwareVersion[] FirmwareVersion[]
12-01 01:30:13 216[I(0)][ui_mainwndnew.c-2037][MMI_TempVerson_ShowProc] Set FirmwareVersion[] FirmwareVersion[]
12-01 01:30:21 256[I(0)][ui_mainwndnew.c-2037][MMI_TempVerson_ShowProc] Set FirmwareVersion[] FirmwareVersion[]
12-01 01:30:29 296[I(0)][ui_mainwndnew.c-2037][MMI_TempVerson_ShowProc] Set FirmwareVersion[] FirmwareVersion[]
12-01 01:30:37 346[I(0)][ui_mainwndnew.c-2037][MMI_TempVerson_ShowProc] Set FirmwareVersion[] FirmwareVersion[]
12-01 01:30:45 386[I(0)][ui_mainwndnew.c-2037][MMI_TempVerson_ShowProc] Set FirmwareVersion[] FirmwareVersion[]
12-01 01:30:53 426[I(0)][ui_mainwndnew.c-2037][MMI_TempVerson_ShowProc] Set FirmwareVersion[] FirmwareVersion[]
12-01 01:31:01 467[I(0)][ui_mainwndnew.c-2037][MMI_TempVerson_ShowProc] Set FirmwareVersion[] FirmwareVersion[]
12-01 01:31:09 507[I(0)][ui_mainwndnew.c-2037][MMI_TempVerson_ShowProc] Set FirmwareVersion[] FirmwareVersion[]
12-01 01:31:17 546[I(0)][ui_mainwndnew.c-2037][MMI_TempVerson_ShowProc] Set FirmwareVersion[] FirmwareVersion[]
12-01 01:31:25 597[I(0)][ui_mainwndnew.c-2037][MMI_TempVerson_ShowProc] Set FirmwareVersion[] FirmwareVersion[]
12-01 01:31:33 636[I(0)][ui_mainwndnew.c-2037][MMI_TempVerson_ShowProc] Set FirmwareVersion[] FirmwareVersion[]
12-01 01:31:41 676[I(0)][ui_mainwndnew.c-2037][MMI_TempVerson_ShowProc] Set FirmwareVersion[] FirmwareVersion[]
12-01 01:31:49 716[I(0)][ui_mainwndnew.c-2037][MMI_TempVerson_ShowProc] Set FirmwareVersion[] FirmwareVersion[]
12-01 01:31:57 757[I(0)][ui_mainwndnew.c-2037][MMI_TempVerson_ShowProc] Set FirmwareVersion[] FirmwareVersion[]
12-01 01:32:05 801[I(0)][ui_mainwndnew.c-2037][MMI_TempVerson_ShowProc] Set FirmwareVersion[] FirmwareVersion[]
12-01 01:32:13 837[I(0)][ui_mainwndnew.c-2037][MMI_TempVerson_ShowProc] Set FirmwareVersion[] FirmwareVersion[]
12-01 01:32:21 876[I(0)][ui_mainwndnew.c-2037][MMI_TempVerson_ShowProc] Set FirmwareVersion[] FirmwareVersion[]
12-01 01:32:29 920[I(0)][ui_mainwndnew.c-2037][MMI_TempVerson_ShowProc] Set FirmwareVersion[] FirmwareVersion[]
12-01 01:32:37 956[I(0)][ui_mainwndnew.c-2037][MMI_TempVerson_ShowProc] Set FirmwareVersion[] FirmwareVersion[]
12-01 01:32:45 996[I(0)][ui_mainwndnew.c-2037][MMI_TempVerson_ShowProc] Set FirmwareVersion[] FirmwareVersion[]
12-01 01:32:54 047[I(0)][ui_mainwndnew.c-2037][MMI_TempVerson_ShowProc] Set FirmwareVersion[] FirmwareVersion[]
12-01 01:33:02 086[I(0)][ui_mainwndnew.c-2037][MMI_TempVerson_ShowProc] Set FirmwareVersion[] FirmwareVersion[]
12-01 01:33:10 136[I(0)][ui_mainwndnew.c-2037][MMI_TempVerson_ShowProc] Set FirmwareVersion[] FirmwareVersion[]
12-01 01:33:18 177[I(0)][ui_mainwndnew.c-2037][MMI_TempVerson_ShowProc] Set FirmwareVersion[] FirmwareVersion[]
12-01 01:33:26 217[I(0)][ui_mainwndnew.c-2037][MMI_TempVerson_ShowProc] Set FirmwareVersion[] FirmwareVersion[]
12-01 01:33:34 266[I(0)][ui_mainwndnew.c-2037][MMI_TempVerson_ShowProc] Set FirmwareVersion[] FirmwareVersion[]
12-01 01:33:42 326[I(0)][ui_mainwndnew.c-2037][MMI_TempVerson_ShowProc] Set FirmwareVersion[] FirmwareVersion[]
12-01 01:33:50 376[I(0)][ui_mainwndnew.c-2037][MMI_TempVerson_ShowProc] Set FirmwareVersion[] FirmwareVersion[]
12-01 01:33:58 417[I(0)][ui_mainwndnew.c-2037][MMI_TempVerson_ShowProc] Set FirmwareVersion[] FirmwareVersion[]
12-01 01:34:06 457[I(0)][ui_mainwndnew.c-2037][MMI_TempVerson_ShowProc] Set FirmwareVersion[] FirmwareVersion[]
12-01 01:34:14 497[I(0)][ui_mainwndnew.c-2037][MMI_TempVerson_ShowProc] Set FirmwareVersion[] FirmwareVersion[]
12-01 01:34:22 546[I(0)][ui_mainwndnew.c-2037][MMI_TempVerson_ShowProc] Set FirmwareVersion[] FirmwareVersion[]
12-01 01:34:30 586[I(0)][ui_mainwndnew.c-2037][MMI_TempVerson_ShowProc] Set FirmwareVersion[] FirmwareVersion[]
12-01 01:34:38 628[I(0)][ui_mainwndnew.c-2037][MMI_TempVerson_ShowProc] Set FirmwareVersion[] FirmwareVersion[]
12-01 01:34:46 667[I(0)][ui_mainwndnew.c-2037][MMI_TempVerson_ShowProc] Set FirmwareVersion[] FirmwareVersion[]
12-01 01:34:54 718[I(0)][ui_mainwndnew.c-2037][MMI_TempVerson_ShowProc] Set FirmwareVersion[] FirmwareVersion[]
12-01 01:35:02 757[I(0)][ui_mainwndnew.c-2037][MMI_TempVerson_ShowProc] Set FirmwareVersion[] FirmwareVersion[]
12-01 01:35:10 811[I(0)][ui_mainwndnew.c-2037][MMI_TempVerson_ShowProc] Set FirmwareVersion[] FirmwareVersion[]
12-01 01:35:18 856[I(0)][ui_mainwndnew.c-2037][MMI_TempVerson_ShowProc] Set FirmwareVersion[] FirmwareVersion[]
12-01 01:35:26 887[I(0)][ui_mainwndnew.c-2037][MMI_TempVerson_ShowProc] Set FirmwareVersion[] FirmwareVersion[]
12-01 01:35:34 927[I(0)][ui_mainwndnew.c-2037][MMI_TempVerson_ShowProc] Set FirmwareVersion[] FirmwareVersion[]
12-01 01:35:42 966[I(0)][ui_mainwndnew.c-2037][MMI_TempVerson_ShowProc] Set FirmwareVersion[] FirmwareVersion[]
12-01 01:35:51 009[I(0)][ui_mainwndnew.c-2037][MMI_TempVerson_ShowProc] Set FirmwareVersion[] FirmwareVersion[]
12-01 01:35:59 046[I(0)][ui_mainwndnew.c-2037][MMI_TempVerson_ShowProc] Set FirmwareVersion[] FirmwareVersion[]
12-01 01:36:07 086[I(0)][ui_mainwndnew.c-2037][MMI_TempVerson_ShowProc] Set FirmwareVersion[] FirmwareVersion[]
12-01 01:36:15 126[I(0)][ui_mainwndnew.c-2037][MMI_TempVerson_ShowProc] Set FirmwareVersion[] FirmwareVersion[]
12-01 01:36:23 166[I(0)][ui_mainwndnew.c-2037][MMI_TempVerson_ShowProc] Set FirmwareVersion[] FirmwareVersion[]
12-01 01:36:31 206[I(0)][ui_mainwndnew.c-2037][MMI_TempVerson_ShowProc] Set FirmwareVersion[] FirmwareVersion[]
12-01 01:36:39 246[I(0)][ui_mainwndnew.c-2037][MMI_TempVerson_ShowProc] Set FirmwareVersion[] FirmwareVersion[]
12-01 01:36:47 286[I(0)][ui_mainwndnew.c-2037][MMI_TempVerson_ShowProc] Set FirmwareVersion[] FirmwareVersion[]
12-01 01:36:55 326[I(0)][ui_mainwndnew.c-2037][MMI_TempVerson_ShowProc] Set FirmwareVersion[] FirmwareVersion[]
12-01 01:37:03 366[I(0)][ui_mainwndnew.c-2037][MMI_TempVerson_ShowProc] Set FirmwareVersion[] FirmwareVersion[]
12-01 01:37:11 406[I(0)][ui_mainwndnew.c-2037][MMI_TempVerson_ShowProc] Set FirmwareVersion[] FirmwareVersion[]
12-01 01:37:19 446[I(0)][ui_mainwndnew.c-2037][MMI_TempVerson_ShowProc] Set FirmwareVersion[] FirmwareVersion[]
12-01 01:37:27 491[I(0)][ui_mainwndnew.c-2037][MMI_TempVerson_ShowProc] Set FirmwareVersion[] FirmwareVersion[]
12-01 01:37:35 526[I(0)][ui_mainwndnew.c-2037][MMI_TempVerson_ShowProc] Set FirmwareVersion[] FirmwareVersion[]
12-01 01:37:43 566[I(0)][ui_mainwndnew.c-2037][MMI_TempVerson_ShowProc] Set FirmwareVersion[] FirmwareVersion[]
12-01 01:37:51 605[I(0)][ui_mainwndnew.c-2037][MMI_TempVerson_ShowProc] Set FirmwareVersion[] FirmwareVersion[]
12-01 01:37:59 646[I(0)][ui_mainwndnew.c-2037][MMI_TempVerson_ShowProc] Set FirmwareVersion[] FirmwareVersion[]
12-01 00:00:28 539[I(0)][bp_module.c-2052][BP_MwareInit]current process name is 'mmi_client'.
12-01 00:00:28 550[I(0)][bp_module.c-1894][BP_ProcInit]socket init 2050 127.0.0.1
12-01 00:00:28 552[I(0)][bp_module.c-2062][BP_MwareInit]BP_MwareInit succeed.
12-01 00:00:28 577[I(0)][bp_util.c-12010][BP_ACS_SetLanguageMode]Mode[1]
12-01 00:00:28 579[I(0)][bp_util.c-12232][BP_ACS_SupportTouchScreen]DevName[OET-213H-NB-WH] IsSupport[1]
12-01 00:00:28 620[I(0)][ui_mainwndnew.c-242]MMI_ACS_InitLangResNode OK
12-01 00:00:28 755[E(0)][ui_title.c-349]_Get_FaceDetStatus_Info 1
12-01 00:00:28 784[E(0)][ui_title.c-350]4g[2] bluetooth[2] WIFI[2]
12-01 00:00:28 787[E(0)][ui_title.c-723]MMI_Creat_TitleDlg End
12-01 00:00:28 792[I(0)][ui_mainwndnew.c-3317]Index[0]: LoadGUIFile[/program/mmi_source/fastgate_7_en/main_success.jpg]
12-01 00:00:28 828[I(0)][ui_mainwndnew.c-3317]Index[1]: LoadGUIFile[/program/mmi_source/fastgate_7_en/main_failed.jpg]
12-01 00:00:28 862[I(0)][ui_mainwndnew.c-3317]Index[2]: LoadGUIFile[/program/mmi_source/fastgate_7_en/main_defence.jpg]
12-01 00:00:28 901[I(0)][ui_mainwndnew.c-3317]Index[3]: LoadGUIFile[/program/mmi_source/fastgate_7_en/main_Id_failed.jpg]
12-01 00:00:28 939[I(0)][ui_mainwndnew.c-3317]Index[4]: LoadGUIFile[/program/mmi_source/fastgate_7_en/main_Id_overdue.jpg]
12-01 00:00:28 970[I(0)][ui_mainwndnew.c-3317]Index[5]: LoadGUIFile[/program/mmi_source/fastgate_7_en/main_Ic_failed.jpg]
12-01 00:00:29 019[I(0)][ui_mainwndnew.c-3317]Index[6]: LoadGUIFile[/program/mmi_source/fastgate_7_en/main_noliveness.jpg]
12-01 00:00:29 051[I(0)][ui_mainwndnew.c-3317]Index[7]: LoadGUIFile[/program/mmi_source/fastgate_7_en/main_Id_tips.jpg]
12-01 00:00:29 093[I(0)][ui_mainwndnew.c-3317]Index[8]: LoadGUIFile[/program/mmi_source/fastgate_7_en/main_success_nophoto.jpg]
12-01 00:00:29 099[E(0)][ui_mainwndnew.c-3320]Load bmp[8] fail
12-01 00:00:29 099[I(0)][ui_mainwndnew.c-3317]Index[9]: LoadGUIFile[/program/mmi_source/fastgate_7_en/main_bottom.jpg]
12-01 00:00:29 105[I(0)][ui_mainwndnew.c-3317]Index[10]: LoadGUIFile[/program/mmi_source/fastgate_7_en/main_collect_success.jpg]
12-01 00:00:29 141[I(0)][ui_mainwndnew.c-3317]Index[11]: LoadGUIFile[/program/mmi_source/fastgate_7_en/main_collect_fail.jpg]
12-01 00:00:29 172[I(0)][ui_mainwndnew.c-3317]Index[12]: LoadGUIFile[/program/mmi_source/fastgate_7_en/main_face_box.jpg]
12-01 00:00:29 173[E(0)][ui_mainwndnew.c-3320]Load bmp[12] fail
12-01 00:00:29 177[I(0)][ui_mainwndnew.c-3317]Index[13]: LoadGUIFile[/program/mmi_source/fastgate_7_en/main_diy_failed.jpg]
12-01 00:00:29 219[I(0)][ui_mainwndnew.c-3317]Index[14]: LoadGUIFile[/program/mmi_source/fastgate_7_en/main_success_diy_nophoto.jpg]
12-01 00:00:29 235[I(0)][ui_mainwndnew.c-3317]Index[15]: LoadGUIFile[/program/mmi_source/fastgate_7_en/main_IC_tips.jpg]
12-01 00:00:29 235[E(0)][ui_mainwndnew.c-3320]Load bmp[15] fail
12-01 00:00:29 236[I(0)][ui_mainwndnew.c-3317]Index[16]: LoadGUIFile[/program/mmi_source/fastgate_7_en/main_Open_tips.jpg]
12-01 00:00:29 271[I(0)][ui_mainwndnew.c-3317]Index[17]: LoadGUIFile[/program/mmi_source/fastgate_7_en/main_No_SafetyCap.jpg]
12-01 00:00:29 311[I(0)][ui_mainwndnew.c-3317]Index[18]: LoadGUIFile[/program/mmi_source/fastgate_7_en/main_FacePosition.jpg]
12-01 00:00:29 348[I(0)][ui_mainwndnew.c-3317]Index[19]: LoadGUIFile[/program/mmi_source/fastgate_7_en/main_No_Mask.jpg]
12-01 00:00:29 382[I(0)][ui_mainwndnew.c-3317]Index[20]: LoadGUIFile[/program/mmi_source/fastgate_7_en/main_Tmp_Abnormal.jpg]
12-01 00:00:29 422[I(0)][ui_mainwndnew.c-3317]Index[21]: LoadGUIFile[/program/mmi_source/fastgate_7_en/main_Access_Tmp.jpg]
12-01 00:00:29 453[I(0)][ui_mainwndnew.c-3317]Index[22]: LoadGUIFile[/program/mmi_source/fastgate_7_en/main_NoAccess_Tmp.jpg]
12-01 00:00:29 493[I(0)][ui_mainwndnew.c-3317]Index[23]: LoadGUIFile[/program/mmi_source/fastgate_7_en/main_NoMask_Tmp.jpg]
12-01 00:00:29 535[I(0)][ui_mainwndnew.c-3317]Index[24]: LoadGUIFile[/program/mmi_source/fastgate_7_en/main_NoAccess.jpg]
12-01 00:00:29 553[I(0)][ui_mainwndnew.c-3317]Index[25]: LoadGUIFile[/program/mmi_source/fastgate_7_en/main_Access.jpg]
12-01 00:00:29 594[I(0)][ui_mainwndnew.c-3317]Index[26]: LoadGUIFile[/program/mmi_source/fastgate_7_en/main_TmpCollect_fail.jpg]
12-01 00:00:29 628[I(0)][ui_mainwndnew.c-3317]Index[27]: LoadGUIFile[/program/mmi_source/fastgate_7_en/main_NearTips.jpg]
12-01 00:00:29 662[I(0)][ui_mainwndnew.c-3317]Index[28]: LoadGUIFile[/program/mmi_source/fastgate_7_en/main_NeedTmp.jpg]
12-01 00:00:29 703[I(0)][ui_mainwndnew.c-3317]Index[29]: LoadGUIFile[/program/mmi_source/fastgate_7_en/main_Access_Tmp.jpg]
12-01 00:00:29 737[I(0)][ui_mainwndnew.c-3317]Index[30]: LoadGUIFile[/program/mmi_source/fastgate_7_en/main_TempRechek.jpg]
12-01 00:00:29 756[I(0)][ui_mainwndnew.c-3317]Index[31]: LoadGUIFile[/program/mmi_source/fastgate_7_en/main_third_code_failed.jpg]
12-01 00:00:29 811[I(0)][ui_mainwndnew.c-3317]Index[32]: LoadGUIFile[/program/mmi_source/fastgate_7_en/main_third_green_code.jpg]
12-01 00:00:29 835[I(0)][ui_mainwndnew.c-3317]Index[33]: LoadGUIFile[/program/mmi_source/fastgate_7_en/main_third_yellow_code.jpg]
12-01 00:00:29 869[I(0)][ui_mainwndnew.c-3317]Index[34]: LoadGUIFile[/program/mmi_source/fastgate_7_en/main_third_red_code.jpg]
12-01 00:00:29 911[I(0)][ui_mainwndnew.c-3317]Index[35]: LoadGUIFile[/program/mmi_source/fastgate_7_en/main_TmpLow.jpg]
12-01 00:00:29 943[I(0)][ui_mainwndnew.c-3317]Index[36]: LoadGUIFile[/program/mmi_source/fastgate_7_en/main_FailNeedTemp.jpg]
12-01 00:00:29 978[I(0)][ui_mainwndnew.c-3317]Index[37]: LoadGUIFile[/program/mmi_source/fastgate_7_en/main_NoAccess_TmpLow.jpg]
12-01 00:00:30 019[I(0)][ui_mainwndnew.c-3317]Index[38]: LoadGUIFile[/program/mmi_source/fastgate_7_en/main_TmpLow_Nomask.jpg]
12-01 00:00:30 052[I(0)][ui_mainwndnew.c-3317]Index[39]: LoadGUIFile[/program/mmi_source/fastgate_7_en/main_Tmp_Abnormal.jpg]
12-01 00:00:30 093[I(0)][ui_mainwndnew.c-2037][MMI_TempVerson_ShowProc] Set FirmwareVersion[] FirmwareVersion[]
12-01 00:00:30 093[I(0)][ui_mainwndnew.c-1815]_Mainwnd_ShowLib PersonNum[0][0]
12-01 00:00:30 100[I(0)][ui_mainwndnew.c-3247][Mainwnd_VFMode_ShowProc] Show[Temperature Measurement.] VFNum[0]
12-01 00:00:30 101[I(0)][ui_mainwndnew.c-944]gbDisplayTime [0] gulPhotoNum [1] gbCountEnabled[0]
12-01 00:00:30 101[I(0)][ui_mainwndnew.c-1922][MMI_DeviceIP2_ShowProc] Set MainPort[0] Address[192.168.30.178]
12-01 00:00:30 101[I(0)][ui_mainwndnew.c-3469]OpenMode 1  gbTemperatureMode 1
12-01 00:00:30 101[I(0)][ui_mainwndnew.c-3471][MMI_MainWnd_InitCfg] Ok
12-01 00:00:30 101[I(0)][ui_mainwndnew.c-3640]Logobmp is not exist
12-01 00:00:30 101[W(0)][ui_mainwndnew.c-2361] screensaver bmp is zero
12-01 00:00:30 101[E(0)][mmi_mw_ctrl.c-812]Open:/data/AutoCall fail
12-01 00:00:30 104[E(0)][ui_SinglePersonInfo.c-485]MMI_Creat_TitleDlg End
12-01 00:00:30 104[E(0)][ui_mainwndnew.c-3705][MMI_init_LogoPic] LoadBitmap[/data/GUIFile/WorkLogo.jpg] Fail[4294967295]
12-01 00:00:30 104[I(0)][ui_mainwndnew.c-3713][MMI] _Mainwnd_OnInitDlg Ok
12-01 00:00:30 266[E(0)][ui_title.c-349]_Get_FaceDetStatus_Info 1
12-01 00:00:30 266[E(0)][ui_title.c-350]4g[2] bluetooth[2] WIFI[2]
12-01 00:00:30 272[I(0)][ui_mainwndnew.c-3985]_Mainwnd_PaintDlg Begin
12-01 00:00:30 300[I(0)][ui_mainwndnew.c-3783]TableSize[38] Index[0] Statues[0] BMP[40]
12-01 00:00:30 300[I(0)][ui_mainwndnew.c-3995]_Mainwnd_PaintDlg End
12-01 00:00:33 247[I(0)][ui_mainwndnew.c-2037][MMI_TempVerson_ShowProc] Set FirmwareVersion[] FirmwareVersion[]
12-01 00:00:33 274[I(0)][ui_mainwndnew.c-3985]_Mainwnd_PaintDlg Begin
12-01 00:00:33 274[I(0)][ui_mainwndnew.c-3783]TableSize[38] Index[0] Statues[0] BMP[40]
12-01 00:00:33 274[I(0)][ui_mainwndnew.c-3995]_Mainwnd_PaintDlg End
12-01 00:00:33 398[I(0)][ui_mainwndnew.c-3985]_Mainwnd_PaintDlg Begin
12-01 00:00:33 398[I(0)][ui_mainwndnew.c-3783]TableSize[38] Index[0] Statues[0] BMP[40]
12-01 00:00:33 398[I(0)][ui_mainwndnew.c-3995]_Mainwnd_PaintDlg End
12-01 00:00:41 284[I(0)][ui_mainwndnew.c-2037][MMI_TempVerson_ShowProc] Set FirmwareVersion[] FirmwareVersion[]
12-01 00:00:41 992[I(0)][ui_mainwndnew.c-1815]_Mainwnd_ShowLib PersonNum[0][0]
12-01 00:00:41 995[I(0)][ui_mainwndnew.c-1815]_Mainwnd_ShowLib PersonNum[0][0]
12-01 00:00:42 136[I(0)][ui_mainwndnew.c-1815]_Mainwnd_ShowLib PersonNum[0][0]
12-01 00:00:45 184[I(0)][ui_mainwndnew.c-3985]_Mainwnd_PaintDlg Begin
12-01 00:00:45 185[I(0)][ui_mainwndnew.c-3783]TableSize[38] Index[0] Statues[0] BMP[40]
12-01 00:00:45 185[I(0)][ui_mainwndnew.c-3995]_Mainwnd_PaintDlg End
12-01 00:00:49 339[I(0)][ui_mainwndnew.c-2037][MMI_TempVerson_ShowProc] Set FirmwareVersion[] FirmwareVersion[]
12-01 00:00:50 217[I(0)][ui_mainwndnew.c-1705]SMMI_Passwd_Mode_Proc[0]
12-01 00:00:50 219[I(0)][ui_mainwndnew.c-3247][Mainwnd_VFMode_ShowProc] Show[Please face the camera.] VFNum[2]
12-01 00:00:50 235[I(0)][ui_mainwndnew.c-3985]_Mainwnd_PaintDlg Begin
12-01 00:00:50 235[I(0)][ui_mainwndnew.c-3783]TableSize[38] Index[0] Statues[0] BMP[40]
12-01 00:00:50 235[I(0)][ui_mainwndnew.c-3995]_Mainwnd_PaintDlg End
12-01 00:00:57 385[I(0)][ui_mainwndnew.c-2037][MMI_TempVerson_ShowProc] Set FirmwareVersion[] FirmwareVersion[]
12-01 00:01:05 429[I(0)][ui_mainwndnew.c-2037][MMI_TempVerson_ShowProc] Set FirmwareVersion[] FirmwareVersion[]
12-01 00:01:13 465[I(0)][ui_mainwndnew.c-2037][MMI_TempVerson_ShowProc] Set FirmwareVersion[] FirmwareVersion[]
12-01 00:01:21 505[I(0)][ui_mainwndnew.c-2037][MMI_TempVerson_ShowProc] Set FirmwareVersion[] FirmwareVersion[]
12-01 00:01:29 544[I(0)][ui_mainwndnew.c-2037][MMI_TempVerson_ShowProc] Set FirmwareVersion[] FirmwareVersion[]
12-01 00:01:37 586[I(0)][ui_mainwndnew.c-2037][MMI_TempVerson_ShowProc] Set FirmwareVersion[] FirmwareVersion[]
12-01 00:01:45 636[I(0)][ui_mainwndnew.c-2037][MMI_TempVerson_ShowProc] Set FirmwareVersion[] FirmwareVersion[]
12-01 00:01:53 677[I(0)][ui_mainwndnew.c-2037][MMI_TempVerson_ShowProc] Set FirmwareVersion[] FirmwareVersion[]
12-01 00:02:01 715[I(0)][ui_mainwndnew.c-2037][MMI_TempVerson_ShowProc] Set FirmwareVersion[] FirmwareVersion[]
12-01 00:02:09 754[I(0)][ui_mainwndnew.c-2037][MMI_TempVerson_ShowProc] Set FirmwareVersion[] FirmwareVersion[]
12-01 00:02:17 795[I(0)][ui_mainwndnew.c-2037][MMI_TempVerson_ShowProc] Set FirmwareVersion[] FirmwareVersion[]
12-01 00:02:25 835[I(0)][ui_mainwndnew.c-2037][MMI_TempVerson_ShowProc] Set FirmwareVersion[] FirmwareVersion[]
12-01 00:02:33 875[I(0)][ui_mainwndnew.c-2037][MMI_TempVerson_ShowProc] Set FirmwareVersion[] FirmwareVersion[]
12-01 00:02:41 917[I(0)][ui_mainwndnew.c-2037][MMI_TempVerson_ShowProc] Set FirmwareVersion[] FirmwareVersion[]
12-01 00:02:49 956[I(0)][ui_mainwndnew.c-2037][MMI_TempVerson_ShowProc] Set FirmwareVersion[] FirmwareVersion[]
12-01 00:02:57 996[I(0)][ui_mainwndnew.c-2037][MMI_TempVerson_ShowProc] Set FirmwareVersion[] FirmwareVersion[]
12-01 00:03:06 038[I(0)][ui_mainwndnew.c-2037][MMI_TempVerson_ShowProc] Set FirmwareVersion[] FirmwareVersion[]
12-01 00:03:14 091[I(0)][ui_mainwndnew.c-2037][MMI_TempVerson_ShowProc] Set FirmwareVersion[] FirmwareVersion[]
12-01 00:00:28 090[I(0)][bp_module.c-2052][BP_MwareInit]current process name is 'mmi_client'.
12-01 00:00:28 112[I(0)][bp_module.c-1894][BP_ProcInit]socket init 2050 127.0.0.1
12-01 00:00:28 114[I(0)][bp_module.c-2062][BP_MwareInit]BP_MwareInit succeed.
12-01 00:00:28 128[I(0)][bp_util.c-12010][BP_ACS_SetLanguageMode]Mode[1]
12-01 00:00:28 129[I(0)][bp_util.c-12232][BP_ACS_SupportTouchScreen]DevName[OET-213H-NB-WH] IsSupport[1]
12-01 00:00:28 155[I(0)][ui_mainwndnew.c-242]MMI_ACS_InitLangResNode OK
12-01 00:00:28 267[E(0)][ui_title.c-349]_Get_FaceDetStatus_Info 1
12-01 00:00:28 281[E(0)][ui_title.c-350]4g[2] bluetooth[2] WIFI[2]
12-01 00:00:28 283[E(0)][ui_title.c-723]MMI_Creat_TitleDlg End
12-01 00:00:28 289[I(0)][ui_mainwndnew.c-3317]Index[0]: LoadGUIFile[/program/mmi_source/fastgate_7_en/main_success.jpg]
12-01 00:00:28 314[I(0)][ui_mainwndnew.c-3317]Index[1]: LoadGUIFile[/program/mmi_source/fastgate_7_en/main_failed.jpg]
12-01 00:00:28 334[I(0)][ui_mainwndnew.c-3317]Index[2]: LoadGUIFile[/program/mmi_source/fastgate_7_en/main_defence.jpg]
12-01 00:00:28 361[I(0)][ui_mainwndnew.c-3317]Index[3]: LoadGUIFile[/program/mmi_source/fastgate_7_en/main_Id_failed.jpg]
12-01 00:00:28 385[I(0)][ui_mainwndnew.c-3317]Index[4]: LoadGUIFile[/program/mmi_source/fastgate_7_en/main_Id_overdue.jpg]
12-01 00:00:28 405[I(0)][ui_mainwndnew.c-3317]Index[5]: LoadGUIFile[/program/mmi_source/fastgate_7_en/main_Ic_failed.jpg]
12-01 00:00:28 436[I(0)][ui_mainwndnew.c-3317]Index[6]: LoadGUIFile[/program/mmi_source/fastgate_7_en/main_noliveness.jpg]
12-01 00:00:28 453[I(0)][ui_mainwndnew.c-3317]Index[7]: LoadGUIFile[/program/mmi_source/fastgate_7_en/main_Id_tips.jpg]
12-01 00:00:28 480[I(0)][ui_mainwndnew.c-3317]Index[8]: LoadGUIFile[/program/mmi_source/fastgate_7_en/main_success_nophoto.jpg]
12-01 00:00:28 481[E(0)][ui_mainwndnew.c-3320]Load bmp[8] fail
12-01 00:00:28 481[I(0)][ui_mainwndnew.c-3317]Index[9]: LoadGUIFile[/program/mmi_source/fastgate_7_en/main_bottom.jpg]
12-01 00:00:28 485[I(0)][ui_mainwndnew.c-3317]Index[10]: LoadGUIFile[/program/mmi_source/fastgate_7_en/main_collect_success.jpg]
12-01 00:00:28 510[I(0)][ui_mainwndnew.c-3317]Index[11]: LoadGUIFile[/program/mmi_source/fastgate_7_en/main_collect_fail.jpg]
12-01 00:00:28 531[I(0)][ui_mainwndnew.c-3317]Index[12]: LoadGUIFile[/program/mmi_source/fastgate_7_en/main_face_box.jpg]
12-01 00:00:28 532[E(0)][ui_mainwndnew.c-3320]Load bmp[12] fail
12-01 00:00:28 532[I(0)][ui_mainwndnew.c-3317]Index[13]: LoadGUIFile[/program/mmi_source/fastgate_7_en/main_diy_failed.jpg]
12-01 00:00:28 559[I(0)][ui_mainwndnew.c-3317]Index[14]: LoadGUIFile[/program/mmi_source/fastgate_7_en/main_success_diy_nophoto.jpg]
12-01 00:00:28 574[I(0)][ui_mainwndnew.c-3317]Index[15]: LoadGUIFile[/program/mmi_source/fastgate_7_en/main_IC_tips.jpg]
12-01 00:00:28 574[E(0)][ui_mainwndnew.c-3320]Load bmp[15] fail
12-01 00:00:28 575[I(0)][ui_mainwndnew.c-3317]Index[16]: LoadGUIFile[/program/mmi_source/fastgate_7_en/main_Open_tips.jpg]
12-01 00:00:28 600[I(0)][ui_mainwndnew.c-3317]Index[17]: LoadGUIFile[/program/mmi_source/fastgate_7_en/main_No_SafetyCap.jpg]
12-01 00:00:28 628[I(0)][ui_mainwndnew.c-3317]Index[18]: LoadGUIFile[/program/mmi_source/fastgate_7_en/main_FacePosition.jpg]
12-01 00:00:28 649[I(0)][ui_mainwndnew.c-3317]Index[19]: LoadGUIFile[/program/mmi_source/fastgate_7_en/main_No_Mask.jpg]
12-01 00:00:28 680[I(0)][ui_mainwndnew.c-3317]Index[20]: LoadGUIFile[/program/mmi_source/fastgate_7_en/main_Tmp_Abnormal.jpg]
12-01 00:00:28 712[I(0)][ui_mainwndnew.c-3317]Index[21]: LoadGUIFile[/program/mmi_source/fastgate_7_en/main_Access_Tmp.jpg]
12-01 00:00:28 728[I(0)][ui_mainwndnew.c-3317]Index[22]: LoadGUIFile[/program/mmi_source/fastgate_7_en/main_NoAccess_Tmp.jpg]
12-01 00:00:28 754[I(0)][ui_mainwndnew.c-3317]Index[23]: LoadGUIFile[/program/mmi_source/fastgate_7_en/main_NoMask_Tmp.jpg]
12-01 00:00:28 772[I(0)][ui_mainwndnew.c-3317]Index[24]: LoadGUIFile[/program/mmi_source/fastgate_7_en/main_NoAccess.jpg]
12-01 00:00:28 804[I(0)][ui_mainwndnew.c-3317]Index[25]: LoadGUIFile[/program/mmi_source/fastgate_7_en/main_Access.jpg]
12-01 00:00:28 827[I(0)][ui_mainwndnew.c-3317]Index[26]: LoadGUIFile[/program/mmi_source/fastgate_7_en/main_TmpCollect_fail.jpg]
12-01 00:00:28 848[I(0)][ui_mainwndnew.c-3317]Index[27]: LoadGUIFile[/program/mmi_source/fastgate_7_en/main_NearTips.jpg]
12-01 00:00:28 873[I(0)][ui_mainwndnew.c-3317]Index[28]: LoadGUIFile[/program/mmi_source/fastgate_7_en/main_NeedTmp.jpg]
12-01 00:00:28 894[I(0)][ui_mainwndnew.c-3317]Index[29]: LoadGUIFile[/program/mmi_source/fastgate_7_en/main_Access_Tmp.jpg]
12-01 00:00:28 919[I(0)][ui_mainwndnew.c-3317]Index[30]: LoadGUIFile[/program/mmi_source/fastgate_7_en/main_TempRechek.jpg]
12-01 00:00:28 943[I(0)][ui_mainwndnew.c-3317]Index[31]: LoadGUIFile[/program/mmi_source/fastgate_7_en/main_third_code_failed.jpg]
12-01 00:00:28 965[I(0)][ui_mainwndnew.c-3317]Index[32]: LoadGUIFile[/program/mmi_source/fastgate_7_en/main_third_green_code.jpg]
12-01 00:00:28 998[I(0)][ui_mainwndnew.c-3317]Index[33]: LoadGUIFile[/program/mmi_source/fastgate_7_en/main_third_yellow_code.jpg]
12-01 00:00:29 022[I(0)][ui_mainwndnew.c-3317]Index[34]: LoadGUIFile[/program/mmi_source/fastgate_7_en/main_third_red_code.jpg]
12-01 00:00:29 043[I(0)][ui_mainwndnew.c-3317]Index[35]: LoadGUIFile[/program/mmi_source/fastgate_7_en/main_TmpLow.jpg]
12-01 00:00:29 065[I(0)][ui_mainwndnew.c-3317]Index[36]: LoadGUIFile[/program/mmi_source/fastgate_7_en/main_FailNeedTemp.jpg]
12-01 00:00:29 089[I(0)][ui_mainwndnew.c-3317]Index[37]: LoadGUIFile[/program/mmi_source/fastgate_7_en/main_NoAccess_TmpLow.jpg]
12-01 00:00:29 115[I(0)][ui_mainwndnew.c-3317]Index[38]: LoadGUIFile[/program/mmi_source/fastgate_7_en/main_TmpLow_Nomask.jpg]
12-01 00:00:29 133[I(0)][ui_mainwndnew.c-3317]Index[39]: LoadGUIFile[/program/mmi_source/fastgate_7_en/main_Tmp_Abnormal.jpg]
12-01 00:00:29 172[I(0)][ui_mainwndnew.c-2037][MMI_TempVerson_ShowProc] Set FirmwareVersion[] FirmwareVersion[]
12-01 00:00:29 173[I(0)][ui_mainwndnew.c-1815]_Mainwnd_ShowLib PersonNum[0][0]
12-01 00:00:29 173[I(0)][ui_mainwndnew.c-3247][Mainwnd_VFMode_ShowProc] Show[Temperature Measurement.] VFNum[0]
12-01 00:00:29 174[I(0)][ui_mainwndnew.c-944]gbDisplayTime [0] gulPhotoNum [1] gbCountEnabled[0]
12-01 00:00:29 174[I(0)][ui_mainwndnew.c-1922][MMI_DeviceIP2_ShowProc] Set MainPort[0] Address[192.168.30.178]
12-01 00:00:29 174[I(0)][ui_mainwndnew.c-3469]OpenMode 1  gbTemperatureMode 1
12-01 00:00:29 174[I(0)][ui_mainwndnew.c-3471][MMI_MainWnd_InitCfg] Ok
12-01 00:00:29 174[I(0)][ui_mainwndnew.c-3640]Logobmp is not exist
12-01 00:00:29 174[W(0)][ui_mainwndnew.c-2361] screensaver bmp is zero
12-01 00:00:29 174[E(0)][mmi_mw_ctrl.c-812]Open:/data/AutoCall fail
12-01 00:00:29 185[E(0)][ui_SinglePersonInfo.c-485]MMI_Creat_TitleDlg End
12-01 00:00:29 186[E(0)][ui_mainwndnew.c-3705][MMI_init_LogoPic] LoadBitmap[/data/GUIFile/WorkLogo.jpg] Fail[4294967295]
12-01 00:00:29 186[I(0)][ui_mainwndnew.c-3713][MMI] _Mainwnd_OnInitDlg Ok
12-01 00:00:29 319[E(0)][ui_title.c-349]_Get_FaceDetStatus_Info 1
12-01 00:00:29 319[E(0)][ui_title.c-350]4g[2] bluetooth[2] WIFI[2]
12-01 00:00:29 325[I(0)][ui_mainwndnew.c-3985]_Mainwnd_PaintDlg Begin
12-01 00:00:29 327[I(0)][ui_mainwndnew.c-3783]TableSize[38] Index[0] Statues[0] BMP[40]
12-01 00:00:29 327[I(0)][ui_mainwndnew.c-3995]_Mainwnd_PaintDlg End
12-01 00:00:32 438[I(0)][ui_mainwndnew.c-3985]_Mainwnd_PaintDlg Begin
12-01 00:00:32 438[I(0)][ui_mainwndnew.c-3783]TableSize[38] Index[0] Statues[0] BMP[40]
12-01 00:00:32 438[I(0)][ui_mainwndnew.c-3995]_Mainwnd_PaintDlg End
12-01 00:00:33 090[I(0)][ui_mainwndnew.c-2037][MMI_TempVerson_ShowProc] Set FirmwareVersion[] FirmwareVersion[]
12-01 00:00:33 098[I(0)][ui_mainwndnew.c-3985]_Mainwnd_PaintDlg Begin
12-01 00:00:33 098[I(0)][ui_mainwndnew.c-3783]TableSize[38] Index[0] Statues[0] BMP[40]
12-01 00:00:33 098[I(0)][ui_mainwndnew.c-3995]_Mainwnd_PaintDlg End
12-01 00:00:41 129[I(0)][ui_mainwndnew.c-2037][MMI_TempVerson_ShowProc] Set FirmwareVersion[] FirmwareVersion[]
12-01 00:00:46 003[I(0)][ui_mainwndnew.c-1815]_Mainwnd_ShowLib PersonNum[0][0]
12-01 00:00:46 007[I(0)][ui_mainwndnew.c-1815]_Mainwnd_ShowLib PersonNum[0][0]
12-01 00:00:46 132[I(0)][ui_mainwndnew.c-1815]_Mainwnd_ShowLib PersonNum[0][0]
12-01 00:00:49 170[I(0)][ui_mainwndnew.c-3985]_Mainwnd_PaintDlg Begin
12-01 00:00:49 170[I(0)][ui_mainwndnew.c-3783]TableSize[38] Index[0] Statues[0] BMP[40]
12-01 00:00:49 170[I(0)][ui_mainwndnew.c-3995]_Mainwnd_PaintDlg End
12-01 00:00:49 171[I(0)][ui_mainwndnew.c-2037][MMI_TempVerson_ShowProc] Set FirmwareVersion[] FirmwareVersion[]
12-01 00:00:50 018[I(0)][ui_mainwndnew.c-1705]SMMI_Passwd_Mode_Proc[0]
12-01 00:00:50 020[I(0)][ui_mainwndnew.c-3247][Mainwnd_VFMode_ShowProc] Show[Please face the camera.] VFNum[2]
12-01 00:00:50 032[I(0)][ui_mainwndnew.c-3985]_Mainwnd_PaintDlg Begin
12-01 00:00:50 032[I(0)][ui_mainwndnew.c-3783]TableSize[38] Index[0] Statues[0] BMP[40]
12-01 00:00:50 032[I(0)][ui_mainwndnew.c-3995]_Mainwnd_PaintDlg End
12-01 00:00:57 219[I(0)][ui_mainwndnew.c-2037][MMI_TempVerson_ShowProc] Set FirmwareVersion[] FirmwareVersion[]
12-01 00:01:05 261[I(0)][ui_mainwndnew.c-2037][MMI_TempVerson_ShowProc] Set FirmwareVersion[] FirmwareVersion[]
12-01 00:01:13 303[I(0)][ui_mainwndnew.c-2037][MMI_TempVerson_ShowProc] Set FirmwareVersion[] FirmwareVersion[]
12-01 00:01:21 339[I(0)][ui_mainwndnew.c-2037][MMI_TempVerson_ShowProc] Set FirmwareVersion[] FirmwareVersion[]
12-01 00:01:29 378[I(0)][ui_mainwndnew.c-2037][MMI_TempVerson_ShowProc] Set FirmwareVersion[] FirmwareVersion[]
12-01 00:01:37 418[I(0)][ui_mainwndnew.c-2037][MMI_TempVerson_ShowProc] Set FirmwareVersion[] FirmwareVersion[]
12-01 00:01:45 459[I(0)][ui_mainwndnew.c-2037][MMI_TempVerson_ShowProc] Set FirmwareVersion[] FirmwareVersion[]
12-01 00:01:53 508[I(0)][ui_mainwndnew.c-2037][MMI_TempVerson_ShowProc] Set FirmwareVersion[] FirmwareVersion[]
12-01 00:02:01 549[I(0)][ui_mainwndnew.c-2037][MMI_TempVerson_ShowProc] Set FirmwareVersion[] FirmwareVersion[]
12-01 00:02:09 589[I(0)][ui_mainwndnew.c-2037][MMI_TempVerson_ShowProc] Set FirmwareVersion[] FirmwareVersion[]
12-01 00:02:17 631[I(0)][ui_mainwndnew.c-2037][MMI_TempVerson_ShowProc] Set FirmwareVersion[] FirmwareVersion[]
12-01 00:02:25 670[I(0)][ui_mainwndnew.c-2037][MMI_TempVerson_ShowProc] Set FirmwareVersion[] FirmwareVersion[]
12-01 00:02:33 725[I(0)][ui_mainwndnew.c-2037][MMI_TempVerson_ShowProc] Set FirmwareVersion[] FirmwareVersion[]
12-01 00:02:41 760[I(0)][ui_mainwndnew.c-2037][MMI_TempVerson_ShowProc] Set FirmwareVersion[] FirmwareVersion[]
12-01 00:02:49 801[I(0)][ui_mainwndnew.c-2037][MMI_TempVerson_ShowProc] Set FirmwareVersion[] FirmwareVersion[]
12-01 00:02:57 838[I(0)][ui_mainwndnew.c-2037][MMI_TempVerson_ShowProc] Set FirmwareVersion[] FirmwareVersion[]
12-01 00:03:05 878[I(0)][ui_mainwndnew.c-2037][MMI_TempVerson_ShowProc] Set FirmwareVersion[] FirmwareVersion[]
12-01 00:03:13 920[I(0)][ui_mainwndnew.c-2037][MMI_TempVerson_ShowProc] Set FirmwareVersion[] FirmwareVersion[]
12-01 00:03:21 961[I(0)][ui_mainwndnew.c-2037][MMI_TempVerson_ShowProc] Set FirmwareVersion[] FirmwareVersion[]
12-01 00:03:30 001[I(0)][ui_mainwndnew.c-2037][MMI_TempVerson_ShowProc] Set FirmwareVersion[] FirmwareVersion[]
12-01 00:03:38 040[I(0)][ui_mainwndnew.c-2037][MMI_TempVerson_ShowProc] Set FirmwareVersion[] FirmwareVersion[]
12-01 00:03:46 083[I(0)][ui_mainwndnew.c-2037][MMI_TempVerson_ShowProc] Set FirmwareVersion[] FirmwareVersion[]
12-01 00:03:54 118[I(0)][ui_mainwndnew.c-2037][MMI_TempVerson_ShowProc] Set FirmwareVersion[] FirmwareVersion[]
12-01 00:04:02 159[I(0)][ui_mainwndnew.c-2037][MMI_TempVerson_ShowProc] Set FirmwareVersion[] FirmwareVersion[]
12-01 00:04:10 211[I(0)][ui_mainwndnew.c-2037][MMI_TempVerson_ShowProc] Set FirmwareVersion[] FirmwareVersion[]
12-01 00:04:18 262[I(0)][ui_mainwndnew.c-2037][MMI_TempVerson_ShowProc] Set FirmwareVersion[] FirmwareVersion[]
12-01 00:04:26 308[I(0)][ui_mainwndnew.c-2037][MMI_TempVerson_ShowProc] Set FirmwareVersion[] FirmwareVersion[]
12-01 00:04:34 348[I(0)][ui_mainwndnew.c-2037][MMI_TempVerson_ShowProc] Set FirmwareVersion[] FirmwareVersion[]
12-01 00:04:42 388[I(0)][ui_mainwndnew.c-2037][MMI_TempVerson_ShowProc] Set FirmwareVersion[] FirmwareVersion[]
12-01 00:04:50 431[I(0)][ui_mainwndnew.c-2037][MMI_TempVerson_ShowProc] Set FirmwareVersion[] FirmwareVersion[]
12-01 00:04:58 472[I(0)][ui_mainwndnew.c-2037][MMI_TempVerson_ShowProc] Set FirmwareVersion[] FirmwareVersion[]
12-01 00:05:06 519[I(0)][ui_mainwndnew.c-2037][MMI_TempVerson_ShowProc] Set FirmwareVersion[] FirmwareVersion[]
12-01 00:05:14 578[I(0)][ui_mainwndnew.c-2037][MMI_TempVerson_ShowProc] Set FirmwareVersion[] FirmwareVersion[]
12-01 00:05:22 619[I(0)][ui_mainwndnew.c-2037][MMI_TempVerson_ShowProc] Set FirmwareVersion[] FirmwareVersion[]
12-01 00:05:30 660[I(0)][ui_mainwndnew.c-2037][MMI_TempVerson_ShowProc] Set FirmwareVersion[] FirmwareVersion[]
12-01 00:05:38 710[I(0)][ui_mainwndnew.c-2037][MMI_TempVerson_ShowProc] Set FirmwareVersion[] FirmwareVersion[]
12-01 00:05:46 759[I(0)][ui_mainwndnew.c-2037][MMI_TempVerson_ShowProc] Set FirmwareVersion[] FirmwareVersion[]
12-01 00:05:54 798[I(0)][ui_mainwndnew.c-2037][MMI_TempVerson_ShowProc] Set FirmwareVersion[] FirmwareVersion[]
12-01 00:06:02 840[I(0)][ui_mainwndnew.c-2037][MMI_TempVerson_ShowProc] Set FirmwareVersion[] FirmwareVersion[]
12-01 00:06:10 881[I(0)][ui_mainwndnew.c-2037][MMI_TempVerson_ShowProc] Set FirmwareVersion[] FirmwareVersion[]
12-01 00:06:18 919[I(0)][ui_mainwndnew.c-2037][MMI_TempVerson_ShowProc] Set FirmwareVersion[] FirmwareVersion[]
12-01 00:06:26 959[I(0)][ui_mainwndnew.c-2037][MMI_TempVerson_ShowProc] Set FirmwareVersion[] FirmwareVersion[]
12-01 00:06:34 998[I(0)][ui_mainwndnew.c-2037][MMI_TempVerson_ShowProc] Set FirmwareVersion[] FirmwareVersion[]
12-01 00:06:43 039[I(0)][ui_mainwndnew.c-2037][MMI_TempVerson_ShowProc] Set FirmwareVersion[] FirmwareVersion[]
12-01 00:06:51 078[I(0)][ui_mainwndnew.c-2037][MMI_TempVerson_ShowProc] Set FirmwareVersion[] FirmwareVersion[]
12-01 00:06:59 120[I(0)][ui_mainwndnew.c-2037][MMI_TempVerson_ShowProc] Set FirmwareVersion[] FirmwareVersion[]
12-01 00:07:07 160[I(0)][ui_mainwndnew.c-2037][MMI_TempVerson_ShowProc] Set FirmwareVersion[] FirmwareVersion[]
12-01 00:07:15 203[I(0)][ui_mainwndnew.c-2037][MMI_TempVerson_ShowProc] Set FirmwareVersion[] FirmwareVersion[]
12-01 00:07:23 240[I(0)][ui_mainwndnew.c-2037][MMI_TempVerson_ShowProc] Set FirmwareVersion[] FirmwareVersion[]
12-01 00:07:31 278[I(0)][ui_mainwndnew.c-2037][MMI_TempVerson_ShowProc] Set FirmwareVersion[] FirmwareVersion[]
12-01 00:07:39 319[I(0)][ui_mainwndnew.c-2037][MMI_TempVerson_ShowProc] Set FirmwareVersion[] FirmwareVersion[]
12-01 00:07:47 359[I(0)][ui_mainwndnew.c-2037][MMI_TempVerson_ShowProc] Set FirmwareVersion[] FirmwareVersion[]
12-01 00:07:55 401[I(0)][ui_mainwndnew.c-2037][MMI_TempVerson_ShowProc] Set FirmwareVersion[] FirmwareVersion[]
12-01 00:08:03 439[I(0)][ui_mainwndnew.c-2037][MMI_TempVerson_ShowProc] Set FirmwareVersion[] FirmwareVersion[]
12-01 00:08:11 482[I(0)][ui_mainwndnew.c-2037][MMI_TempVerson_ShowProc] Set FirmwareVersion[] FirmwareVersion[]
12-01 00:08:19 519[I(0)][ui_mainwndnew.c-2037][MMI_TempVerson_ShowProc] Set FirmwareVersion[] FirmwareVersion[]
12-01 00:08:27 559[I(0)][ui_mainwndnew.c-2037][MMI_TempVerson_ShowProc] Set FirmwareVersion[] FirmwareVersion[]
12-01 00:08:35 599[I(0)][ui_mainwndnew.c-2037][MMI_TempVerson_ShowProc] Set FirmwareVersion[] FirmwareVersion[]
12-01 00:08:43 639[I(0)][ui_mainwndnew.c-2037][MMI_TempVerson_ShowProc] Set FirmwareVersion[] FirmwareVersion[]
12-01 00:08:51 681[I(0)][ui_mainwndnew.c-2037][MMI_TempVerson_ShowProc] Set FirmwareVersion[] FirmwareVersion[]
12-01 00:08:59 720[I(0)][ui_mainwndnew.c-2037][MMI_TempVerson_ShowProc] Set FirmwareVersion[] FirmwareVersion[]
12-01 00:09:07 760[I(0)][ui_mainwndnew.c-2037][MMI_TempVerson_ShowProc] Set FirmwareVersion[] FirmwareVersion[]
12-01 00:09:15 798[I(0)][ui_mainwndnew.c-2037][MMI_TempVerson_ShowProc] Set FirmwareVersion[] FirmwareVersion[]
12-01 00:09:23 838[I(0)][ui_mainwndnew.c-2037][MMI_TempVerson_ShowProc] Set FirmwareVersion[] FirmwareVersion[]
12-01 00:09:31 879[I(0)][ui_mainwndnew.c-2037][MMI_TempVerson_ShowProc] Set FirmwareVersion[] FirmwareVersion[]
12-01 00:09:39 921[I(0)][ui_mainwndnew.c-2037][MMI_TempVerson_ShowProc] Set FirmwareVersion[] FirmwareVersion[]
12-01 00:09:47 959[I(0)][ui_mainwndnew.c-2037][MMI_TempVerson_ShowProc] Set FirmwareVersion[] FirmwareVersion[]
12-01 00:09:56 000[I(0)][ui_mainwndnew.c-2037][MMI_TempVerson_ShowProc] Set FirmwareVersion[] FirmwareVersion[]
12-01 00:10:04 039[I(0)][ui_mainwndnew.c-2037][MMI_TempVerson_ShowProc] Set FirmwareVersion[] FirmwareVersion[]
12-01 00:10:12 078[I(0)][ui_mainwndnew.c-2037][MMI_TempVerson_ShowProc] Set FirmwareVersion[] FirmwareVersion[]
12-01 00:10:20 119[I(0)][ui_mainwndnew.c-2037][MMI_TempVerson_ShowProc] Set FirmwareVersion[] FirmwareVersion[]
12-01 00:10:28 159[I(0)][ui_mainwndnew.c-2037][MMI_TempVerson_ShowProc] Set FirmwareVersion[] FirmwareVersion[]
12-01 00:10:36 201[I(0)][ui_mainwndnew.c-2037][MMI_TempVerson_ShowProc] Set FirmwareVersion[] FirmwareVersion[]
12-01 00:00:28 418[I(0)][bp_module.c-2052][BP_MwareInit]current process name is 'mmi_client'.
12-01 00:00:28 429[I(0)][bp_module.c-1894][BP_ProcInit]socket init 2050 127.0.0.1
12-01 00:00:28 430[I(0)][bp_module.c-2062][BP_MwareInit]BP_MwareInit succeed.
12-01 00:00:28 582[I(0)][bp_util.c-12306][BP_ACS_SetLanguageMode]Mode[1]
12-01 00:00:28 584[I(0)][bp_util.c-12500][BP_ACS_SupportTouchScreen]DevName[OET-213H-NB-WH] IsSupport[1]
12-01 00:00:28 618[I(0)][bp_util.c-12393][BP_ACS_DecodeLangXML]Find[/root/mmi/ResetFactory] Fail
12-01 00:00:28 618[E(0)][ui_mainwndnew.c-252]Load [43][/root/mmi/ResetFactory] Fail
12-01 00:00:28 633[I(0)][ui_mainwndnew.c-259]MMI_ACS_InitLangResNode OK
12-01 00:00:28 744[E(0)][ui_title.c-352]_Get_FaceDetStatus_Info 1
12-01 00:00:28 745[E(0)][ui_title.c-353]4g[2] bluetooth[2] WIFI[2]
12-01 00:00:28 747[E(0)][ui_title.c-734]MMI_Creat_TitleDlg End
12-01 00:00:28 752[I(0)][ui_mainwndnew.c-3417]Index[0]: LoadGUIFile[/program/mmi_source/01_English/fastgate_7/main_success.jpg]
12-01 00:00:28 787[I(0)][ui_mainwndnew.c-3417]Index[1]: LoadGUIFile[/program/mmi_source/01_English/fastgate_7/main_failed.jpg]
12-01 00:00:28 812[I(0)][ui_mainwndnew.c-3417]Index[2]: LoadGUIFile[/program/mmi_source/01_English/fastgate_7/main_defence.jpg]
12-01 00:00:28 833[I(0)][ui_mainwndnew.c-3417]Index[3]: LoadGUIFile[/program/mmi_source/01_English/fastgate_7/main_Id_failed.jpg]
12-01 00:00:28 861[I(0)][ui_mainwndnew.c-3417]Index[4]: LoadGUIFile[/program/mmi_source/01_English/fastgate_7/main_Id_overdue.jpg]
12-01 00:00:28 884[I(0)][ui_mainwndnew.c-3417]Index[5]: LoadGUIFile[/program/mmi_source/01_English/fastgate_7/main_Ic_failed.jpg]
12-01 00:00:28 904[I(0)][ui_mainwndnew.c-3417]Index[6]: LoadGUIFile[/program/mmi_source/01_English/fastgate_7/main_noliveness.jpg]
12-01 00:00:28 933[I(0)][ui_mainwndnew.c-3417]Index[7]: LoadGUIFile[/program/mmi_source/01_English/fastgate_7/main_Id_tips.jpg]
12-01 00:00:28 952[I(0)][ui_mainwndnew.c-3417]Index[8]: LoadGUIFile[/program/mmi_source/01_English/fastgate_7/main_success_nophoto.jpg]
12-01 00:00:28 952[E(0)][ui_mainwndnew.c-3420]Load bmp[8] fail
12-01 00:00:28 952[I(0)][ui_mainwndnew.c-3417]Index[9]: LoadGUIFile[/program/mmi_source/01_English/fastgate_7/main_bottom.jpg]
12-01 00:00:28 968[I(0)][ui_mainwndnew.c-3417]Index[10]: LoadGUIFile[/program/mmi_source/01_English/fastgate_7/main_collect_success.jpg]
12-01 00:00:28 987[I(0)][ui_mainwndnew.c-3417]Index[11]: LoadGUIFile[/program/mmi_source/01_English/fastgate_7/main_collect_fail.jpg]
12-01 00:00:29 020[I(0)][ui_mainwndnew.c-3417]Index[12]: LoadGUIFile[/program/mmi_source/01_English/fastgate_7/main_face_box.jpg]
12-01 00:00:29 021[E(0)][ui_mainwndnew.c-3420]Load bmp[12] fail
12-01 00:00:29 021[I(0)][ui_mainwndnew.c-3417]Index[13]: LoadGUIFile[/program/mmi_source/01_English/fastgate_7/main_diy_failed.jpg]
12-01 00:00:29 036[I(0)][ui_mainwndnew.c-3417]Index[14]: LoadGUIFile[/program/mmi_source/01_English/fastgate_7/main_success_diy_nophoto.jpg]
12-01 00:00:29 059[I(0)][ui_mainwndnew.c-3417]Index[15]: LoadGUIFile[/program/mmi_source/01_English/fastgate_7/main_IC_tips.jpg]
12-01 00:00:29 060[E(0)][ui_mainwndnew.c-3420]Load bmp[15] fail
12-01 00:00:29 060[I(0)][ui_mainwndnew.c-3417]Index[16]: LoadGUIFile[/program/mmi_source/01_English/fastgate_7/main_Open_tips.jpg]
12-01 00:00:29 083[I(0)][ui_mainwndnew.c-3417]Index[17]: LoadGUIFile[/program/mmi_source/01_English/fastgate_7/main_No_SafetyCap.jpg]
12-01 00:00:29 109[I(0)][ui_mainwndnew.c-3417]Index[18]: LoadGUIFile[/program/mmi_source/01_English/fastgate_7/main_FacePosition.jpg]
12-01 00:00:29 140[I(0)][ui_mainwndnew.c-3417]Index[19]: LoadGUIFile[/program/mmi_source/01_English/fastgate_7/main_No_Mask.jpg]
12-01 00:00:29 164[I(0)][ui_mainwndnew.c-3417]Index[20]: LoadGUIFile[/program/mmi_source/01_English/fastgate_7/main_Tmp_Abnormal.jpg]
12-01 00:00:29 184[I(0)][ui_mainwndnew.c-3417]Index[21]: LoadGUIFile[/program/mmi_source/01_English/fastgate_7/main_Access_Tmp.jpg]
12-01 00:00:29 213[I(0)][ui_mainwndnew.c-3417]Index[22]: LoadGUIFile[/program/mmi_source/01_English/fastgate_7/main_NoAccess_Tmp.jpg]
12-01 00:00:29 231[I(0)][ui_mainwndnew.c-3417]Index[23]: LoadGUIFile[/program/mmi_source/01_English/fastgate_7/main_NoMask_Tmp.jpg]
12-01 00:00:29 260[I(0)][ui_mainwndnew.c-3417]Index[24]: LoadGUIFile[/program/mmi_source/01_English/fastgate_7/main_NoAccess.jpg]
12-01 00:00:29 293[I(0)][ui_mainwndnew.c-3417]Index[25]: LoadGUIFile[/program/mmi_source/01_English/fastgate_7/main_Access.jpg]
12-01 00:00:29 310[I(0)][ui_mainwndnew.c-3417]Index[26]: LoadGUIFile[/program/mmi_source/01_English/fastgate_7/main_TmpCollect_fail.jpg]
12-01 00:00:29 339[I(0)][ui_mainwndnew.c-3417]Index[27]: LoadGUIFile[/program/mmi_source/01_English/fastgate_7/main_NearTips.jpg]
12-01 00:00:29 364[I(0)][ui_mainwndnew.c-3417]Index[28]: LoadGUIFile[/program/mmi_source/01_English/fastgate_7/main_NeedTmp.jpg]
12-01 00:00:29 391[I(0)][ui_mainwndnew.c-3417]Index[29]: LoadGUIFile[/program/mmi_source/01_English/fastgate_7/main_Access_Tmp.jpg]
12-01 00:00:29 414[I(0)][ui_mainwndnew.c-3417]Index[30]: LoadGUIFile[/program/mmi_source/01_English/fastgate_7/main_TempRechek.jpg]
12-01 00:00:29 432[I(0)][ui_mainwndnew.c-3417]Index[31]: LoadGUIFile[/program/mmi_source/01_English/fastgate_7/main_third_code_failed.jpg]
12-01 00:00:29 459[I(0)][ui_mainwndnew.c-3417]Index[32]: LoadGUIFile[/program/mmi_source/01_English/fastgate_7/main_third_green_code.jpg]
12-01 00:00:29 492[I(0)][ui_mainwndnew.c-3417]Index[33]: LoadGUIFile[/program/mmi_source/01_English/fastgate_7/main_third_yellow_code.jpg]
12-01 00:00:29 512[I(0)][ui_mainwndnew.c-3417]Index[34]: LoadGUIFile[/program/mmi_source/01_English/fastgate_7/main_third_red_code.jpg]
12-01 00:00:29 541[I(0)][ui_mainwndnew.c-3417]Index[35]: LoadGUIFile[/program/mmi_source/01_English/fastgate_7/main_TmpLow.jpg]
12-01 00:00:29 574[I(0)][ui_mainwndnew.c-3417]Index[36]: LoadGUIFile[/program/mmi_source/01_English/fastgate_7/main_FailNeedTemp.jpg]
12-01 00:00:29 592[I(0)][ui_mainwndnew.c-3417]Index[37]: LoadGUIFile[/program/mmi_source/01_English/fastgate_7/main_NoAccess_TmpLow.jpg]
12-01 00:00:29 622[I(0)][ui_mainwndnew.c-3417]Index[38]: LoadGUIFile[/program/mmi_source/01_English/fastgate_7/main_TmpLow_Nomask.jpg]
12-01 00:00:29 649[I(0)][ui_mainwndnew.c-3417]Index[39]: LoadGUIFile[/program/mmi_source/01_English/fastgate_7/main_Tmp_Abnormal.jpg]
12-01 00:00:29 671[I(0)][ui_mainwndnew.c-3417]Index[40]: LoadGUIFile[/program/mmi_source/01_English/fastgate_7/main_Tmp_Timeout.jpg]
12-01 00:00:29 702[I(0)][ui_mainwndnew.c-3417]Index[41]: LoadGUIFile[/program/mmi_source/01_English/fastgate_7/main_ID_Recertify.jpg]
12-01 00:00:29 702[E(0)][ui_mainwndnew.c-3420]Load bmp[41] fail
12-01 00:00:29 702[I(0)][ui_mainwndnew.c-3417]Index[42]: LoadGUIFile[/program/mmi_source/01_English/fastgate_7/main_HandRetest.jpg]
12-01 00:00:29 750[I(0)][ui_mainwndnew.c-2085][MMI_TempVerson_ShowProc] Set FirmwareVersion[] FirmwareVersion[]
12-01 00:00:29 750[I(0)][ui_mainwndnew.c-1843]_Mainwnd_ShowLib PersonNum[0][0]
12-01 00:00:29 751[I(0)][ui_mainwndnew.c-3343][Mainwnd_VFMode_ShowProc] Show[Temperature Measurement.] VFNum[0]
12-01 00:00:29 751[I(0)][ui_mainwndnew.c-969]gbDisplayTime [0] gulPhotoNum [1] gbCountEnabled[0]
12-01 00:00:29 751[I(0)][ui_mainwndnew.c-1970][MMI_DeviceIP2_ShowProc] Set MainPort[0] Address[192.168.30.178]
12-01 00:00:29 752[I(0)][ui_mainwndnew.c-3569]OpenMode 1  gbTemperatureMode 1
12-01 00:00:29 752[I(0)][ui_mainwndnew.c-3571][MMI_MainWnd_InitCfg] Ok
12-01 00:00:29 752[E(0)][ui_mainwndnew.c-3755][MMI_init_LogoPic] LoadBitmap[/data/GUIFile/WorkLogo.jpg] Fail[4294967295]
12-01 00:00:29 752[W(0)][ui_mainwndnew.c-2433] screensaver bmp is zero
12-01 00:00:29 752[E(0)][mmi_mw_ctrl.c-831]Open:/data/AutoCall fail
12-01 00:00:29 765[E(0)][ui_SinglePersonInfo.c-549]MMI_Creat_TitleDlg End
12-01 00:00:29 765[I(0)][ui_mainwndnew.c-3822][MMI] _Mainwnd_OnInitDlg Ok
12-01 00:00:29 899[E(0)][ui_title.c-352]_Get_FaceDetStatus_Info 1
12-01 00:00:29 900[E(0)][ui_title.c-353]4g[2] bluetooth[2] WIFI[2]
12-01 00:00:29 906[I(0)][ui_mainwndnew.c-4101]_Mainwnd_PaintDlg Begin
12-01 00:00:29 909[I(0)][ui_mainwndnew.c-3895]TableSize[41] Index[0] Statues[0] BMP[43]
12-01 00:00:29 909[I(0)][ui_mainwndnew.c-4111]_Mainwnd_PaintDlg End
12-01 00:00:32 280[I(0)][ui_mainwndnew.c-2085][MMI_TempVerson_ShowProc] Set FirmwareVersion[] FirmwareVersion[]
12-01 00:00:32 296[I(0)][ui_mainwndnew.c-4101]_Mainwnd_PaintDlg Begin
12-01 00:00:32 296[I(0)][ui_mainwndnew.c-3895]TableSize[41] Index[0] Statues[0] BMP[43]
12-01 00:00:32 296[I(0)][ui_mainwndnew.c-4111]_Mainwnd_PaintDlg End
12-01 00:00:33 008[I(0)][ui_mainwndnew.c-4101]_Mainwnd_PaintDlg Begin
12-01 00:00:33 009[I(0)][ui_mainwndnew.c-3895]TableSize[41] Index[0] Statues[0] BMP[43]
12-01 00:00:33 009[I(0)][ui_mainwndnew.c-4111]_Mainwnd_PaintDlg End
12-01 00:00:39 307[I(0)][ui_mainwndnew.c-2085][MMI_TempVerson_ShowProc] Set FirmwareVersion[] FirmwareVersion[]
12-01 00:00:45 843[I(0)][ui_mainwndnew.c-1843]_Mainwnd_ShowLib PersonNum[0][0]
12-01 00:00:45 853[I(0)][ui_mainwndnew.c-1843]_Mainwnd_ShowLib PersonNum[0][0]
12-01 00:00:45 988[I(0)][ui_mainwndnew.c-1843]_Mainwnd_ShowLib PersonNum[0][0]
12-01 00:00:46 341[I(0)][ui_mainwndnew.c-2085][MMI_TempVerson_ShowProc] Set FirmwareVersion[] FirmwareVersion[]
12-01 00:00:49 016[I(0)][ui_mainwndnew.c-4101]_Mainwnd_PaintDlg Begin
12-01 00:00:49 016[I(0)][ui_mainwndnew.c-3895]TableSize[41] Index[0] Statues[0] BMP[43]
12-01 00:00:49 016[I(0)][ui_mainwndnew.c-4111]_Mainwnd_PaintDlg End
12-01 00:00:51 229[I(0)][ui_mainwndnew.c-1733]SMMI_Passwd_Mode_Proc[0]
12-01 00:00:51 230[I(0)][ui_mainwndnew.c-3343][Mainwnd_VFMode_ShowProc] Show[Please face the camera.] VFNum[2]
12-01 00:00:51 235[I(0)][ui_mainwndnew.c-4101]_Mainwnd_PaintDlg Begin
12-01 00:00:51 236[I(0)][ui_mainwndnew.c-3895]TableSize[41] Index[0] Statues[0] BMP[43]
12-01 00:00:51 236[I(0)][ui_mainwndnew.c-4111]_Mainwnd_PaintDlg End
12-01 00:00:53 366[I(0)][ui_mainwndnew.c-2085][MMI_TempVerson_ShowProc] Set FirmwareVersion[] FirmwareVersion[]
12-01 00:01:00 400[I(0)][ui_mainwndnew.c-2085][MMI_TempVerson_ShowProc] Set FirmwareVersion[] FirmwareVersion[]
12-01 00:01:07 427[I(0)][ui_mainwndnew.c-2085][MMI_TempVerson_ShowProc] Set FirmwareVersion[] FirmwareVersion[]
12-01 00:01:14 456[I(0)][ui_mainwndnew.c-2085][MMI_TempVerson_ShowProc] Set FirmwareVersion[] FirmwareVersion[]
12-01 00:01:21 497[I(0)][ui_mainwndnew.c-2085][MMI_TempVerson_ShowProc] Set FirmwareVersion[] FirmwareVersion[]
12-01 00:01:28 527[I(0)][ui_mainwndnew.c-2085][MMI_TempVerson_ShowProc] Set FirmwareVersion[] FirmwareVersion[]
12-01 00:01:35 556[I(0)][ui_mainwndnew.c-2085][MMI_TempVerson_ShowProc] Set FirmwareVersion[] FirmwareVersion[]
12-01 00:01:42 587[I(0)][ui_mainwndnew.c-2085][MMI_TempVerson_ShowProc] Set FirmwareVersion[] FirmwareVersion[]
12-01 00:01:49 638[I(0)][ui_mainwndnew.c-2085][MMI_TempVerson_ShowProc] Set FirmwareVersion[] FirmwareVersion[]
12-01 00:01:56 668[I(0)][ui_mainwndnew.c-2085][MMI_TempVerson_ShowProc] Set FirmwareVersion[] FirmwareVersion[]
12-01 00:02:03 697[I(0)][ui_mainwndnew.c-2085][MMI_TempVerson_ShowProc] Set FirmwareVersion[] FirmwareVersion[]
12-01 00:02:10 729[I(0)][ui_mainwndnew.c-2085][MMI_TempVerson_ShowProc] Set FirmwareVersion[] FirmwareVersion[]
12-01 00:02:17 757[I(0)][ui_mainwndnew.c-2085][MMI_TempVerson_ShowProc] Set FirmwareVersion[] FirmwareVersion[]
12-01 00:02:24 786[I(0)][ui_mainwndnew.c-2085][MMI_TempVerson_ShowProc] Set FirmwareVersion[] FirmwareVersion[]
12-01 00:02:31 819[I(0)][ui_mainwndnew.c-2085][MMI_TempVerson_ShowProc] Set FirmwareVersion[] FirmwareVersion[]
12-01 00:02:38 847[I(0)][ui_mainwndnew.c-2085][MMI_TempVerson_ShowProc] Set FirmwareVersion[] FirmwareVersion[]
12-01 00:02:45 878[I(0)][ui_mainwndnew.c-2085][MMI_TempVerson_ShowProc] Set FirmwareVersion[] FirmwareVersion[]
12-01 00:02:52 909[I(0)][ui_mainwndnew.c-2085][MMI_TempVerson_ShowProc] Set FirmwareVersion[] FirmwareVersion[]
12-01 00:02:59 949[I(0)][ui_mainwndnew.c-2085][MMI_TempVerson_ShowProc] Set FirmwareVersion[] FirmwareVersion[]
12-01 00:03:06 987[I(0)][ui_mainwndnew.c-2085][MMI_TempVerson_ShowProc] Set FirmwareVersion[] FirmwareVersion[]
12-01 00:03:14 016[I(0)][ui_mainwndnew.c-2085][MMI_TempVerson_ShowProc] Set FirmwareVersion[] FirmwareVersion[]
12-01 00:03:21 047[I(0)][ui_mainwndnew.c-2085][MMI_TempVerson_ShowProc] Set FirmwareVersion[] FirmwareVersion[]
12-01 00:03:28 076[I(0)][ui_mainwndnew.c-2085][MMI_TempVerson_ShowProc] Set FirmwareVersion[] FirmwareVersion[]
12-01 00:03:35 110[I(0)][ui_mainwndnew.c-2085][MMI_TempVerson_ShowProc] Set FirmwareVersion[] FirmwareVersion[]
12-01 00:03:42 140[I(0)][ui_mainwndnew.c-2085][MMI_TempVerson_ShowProc] Set FirmwareVersion[] FirmwareVersion[]
12-01 00:03:49 167[I(0)][ui_mainwndnew.c-2085][MMI_TempVerson_ShowProc] Set FirmwareVersion[] FirmwareVersion[]
12-01 00:03:56 197[I(0)][ui_mainwndnew.c-2085][MMI_TempVerson_ShowProc] Set FirmwareVersion[] FirmwareVersion[]
12-01 00:04:03 226[I(0)][ui_mainwndnew.c-2085][MMI_TempVerson_ShowProc] Set FirmwareVersion[] FirmwareVersion[]
12-01 00:04:10 258[I(0)][ui_mainwndnew.c-2085][MMI_TempVerson_ShowProc] Set FirmwareVersion[] FirmwareVersion[]
12-01 00:04:17 293[I(0)][ui_mainwndnew.c-2085][MMI_TempVerson_ShowProc] Set FirmwareVersion[] FirmwareVersion[]
12-01 00:04:24 317[I(0)][ui_mainwndnew.c-2085][MMI_TempVerson_ShowProc] Set FirmwareVersion[] FirmwareVersion[]
12-01 00:04:31 356[I(0)][ui_mainwndnew.c-2085][MMI_TempVerson_ShowProc] Set FirmwareVersion[] FirmwareVersion[]
12-01 00:04:38 389[I(0)][ui_mainwndnew.c-2085][MMI_TempVerson_ShowProc] Set FirmwareVersion[] FirmwareVersion[]
12-01 00:04:45 416[I(0)][ui_mainwndnew.c-2085][MMI_TempVerson_ShowProc] Set FirmwareVersion[] FirmwareVersion[]
12-01 00:04:52 448[I(0)][ui_mainwndnew.c-2085][MMI_TempVerson_ShowProc] Set FirmwareVersion[] FirmwareVersion[]
12-01 00:04:59 476[I(0)][ui_mainwndnew.c-2085][MMI_TempVerson_ShowProc] Set FirmwareVersion[] FirmwareVersion[]
12-01 00:05:06 506[I(0)][ui_mainwndnew.c-2085][MMI_TempVerson_ShowProc] Set FirmwareVersion[] FirmwareVersion[]
12-01 00:05:13 540[I(0)][ui_mainwndnew.c-2085][MMI_TempVerson_ShowProc] Set FirmwareVersion[] FirmwareVersion[]
12-01 00:05:20 566[I(0)][ui_mainwndnew.c-2085][MMI_TempVerson_ShowProc] Set FirmwareVersion[] FirmwareVersion[]
12-01 00:05:27 598[I(0)][ui_mainwndnew.c-2085][MMI_TempVerson_ShowProc] Set FirmwareVersion[] FirmwareVersion[]
12-01 00:05:34 627[I(0)][ui_mainwndnew.c-2085][MMI_TempVerson_ShowProc] Set FirmwareVersion[] FirmwareVersion[]
12-01 00:05:41 656[I(0)][ui_mainwndnew.c-2085][MMI_TempVerson_ShowProc] Set FirmwareVersion[] FirmwareVersion[]
12-01 00:05:48 690[I(0)][ui_mainwndnew.c-2085][MMI_TempVerson_ShowProc] Set FirmwareVersion[] FirmwareVersion[]
12-01 00:05:55 719[I(0)][ui_mainwndnew.c-2085][MMI_TempVerson_ShowProc] Set FirmwareVersion[] FirmwareVersion[]
12-01 00:06:02 746[I(0)][ui_mainwndnew.c-2085][MMI_TempVerson_ShowProc] Set FirmwareVersion[] FirmwareVersion[]
12-01 00:06:09 777[I(0)][ui_mainwndnew.c-2085][MMI_TempVerson_ShowProc] Set FirmwareVersion[] FirmwareVersion[]
12-01 00:06:16 806[I(0)][ui_mainwndnew.c-2085][MMI_TempVerson_ShowProc] Set FirmwareVersion[] FirmwareVersion[]
12-01 00:06:23 837[I(0)][ui_mainwndnew.c-2085][MMI_TempVerson_ShowProc] Set FirmwareVersion[] FirmwareVersion[]
12-01 00:06:30 879[I(0)][ui_mainwndnew.c-2085][MMI_TempVerson_ShowProc] Set FirmwareVersion[] FirmwareVersion[]
12-01 00:06:37 906[I(0)][ui_mainwndnew.c-2085][MMI_TempVerson_ShowProc] Set FirmwareVersion[] FirmwareVersion[]
12-01 00:06:44 938[I(0)][ui_mainwndnew.c-2085][MMI_TempVerson_ShowProc] Set FirmwareVersion[] FirmwareVersion[]
12-01 00:06:51 968[I(0)][ui_mainwndnew.c-2085][MMI_TempVerson_ShowProc] Set FirmwareVersion[] FirmwareVersion[]
12-01 00:06:58 997[I(0)][ui_mainwndnew.c-2085][MMI_TempVerson_ShowProc] Set FirmwareVersion[] FirmwareVersion[]
12-01 00:07:06 027[I(0)][ui_mainwndnew.c-2085][MMI_TempVerson_ShowProc] Set FirmwareVersion[] FirmwareVersion[]
12-01 00:07:13 058[I(0)][ui_mainwndnew.c-2085][MMI_TempVerson_ShowProc] Set FirmwareVersion[] FirmwareVersion[]
12-01 00:07:20 087[I(0)][ui_mainwndnew.c-2085][MMI_TempVerson_ShowProc] Set FirmwareVersion[] FirmwareVersion[]
12-01 00:07:27 118[I(0)][ui_mainwndnew.c-2085][MMI_TempVerson_ShowProc] Set FirmwareVersion[] FirmwareVersion[]
12-01 00:07:34 147[I(0)][ui_mainwndnew.c-2085][MMI_TempVerson_ShowProc] Set FirmwareVersion[] FirmwareVersion[]
12-01 00:07:41 186[I(0)][ui_mainwndnew.c-2085][MMI_TempVerson_ShowProc] Set FirmwareVersion[] FirmwareVersion[]
12-01 00:07:48 218[I(0)][ui_mainwndnew.c-2085][MMI_TempVerson_ShowProc] Set FirmwareVersion[] FirmwareVersion[]
12-01 00:07:55 246[I(0)][ui_mainwndnew.c-2085][MMI_TempVerson_ShowProc] Set FirmwareVersion[] FirmwareVersion[]
12-01 00:08:02 276[I(0)][ui_mainwndnew.c-2085][MMI_TempVerson_ShowProc] Set FirmwareVersion[] FirmwareVersion[]
12-01 00:08:09 309[I(0)][ui_mainwndnew.c-2085][MMI_TempVerson_ShowProc] Set FirmwareVersion[] FirmwareVersion[]
12-01 00:08:16 348[I(0)][ui_mainwndnew.c-2085][MMI_TempVerson_ShowProc] Set FirmwareVersion[] FirmwareVersion[]
12-01 00:08:23 377[I(0)][ui_mainwndnew.c-2085][MMI_TempVerson_ShowProc] Set FirmwareVersion[] FirmwareVersion[]
12-01 00:08:30 418[I(0)][ui_mainwndnew.c-2085][MMI_TempVerson_ShowProc] Set FirmwareVersion[] FirmwareVersion[]
12-01 00:08:37 457[I(0)][ui_mainwndnew.c-2085][MMI_TempVerson_ShowProc] Set FirmwareVersion[] FirmwareVersion[]
12-01 00:08:44 487[I(0)][ui_mainwndnew.c-2085][MMI_TempVerson_ShowProc] Set FirmwareVersion[] FirmwareVersion[]
12-01 00:08:51 516[I(0)][ui_mainwndnew.c-2085][MMI_TempVerson_ShowProc] Set FirmwareVersion[] FirmwareVersion[]
12-01 00:08:58 549[I(0)][ui_mainwndnew.c-2085][MMI_TempVerson_ShowProc] Set FirmwareVersion[] FirmwareVersion[]
12-01 00:09:05 576[I(0)][ui_mainwndnew.c-2085][MMI_TempVerson_ShowProc] Set FirmwareVersion[] FirmwareVersion[]
12-01 00:09:12 608[I(0)][ui_mainwndnew.c-2085][MMI_TempVerson_ShowProc] Set FirmwareVersion[] FirmwareVersion[]
12-01 00:09:19 646[I(0)][ui_mainwndnew.c-2085][MMI_TempVerson_ShowProc] Set FirmwareVersion[] FirmwareVersion[]
12-01 00:09:26 666[I(0)][ui_mainwndnew.c-2085][MMI_TempVerson_ShowProc] Set FirmwareVersion[] FirmwareVersion[]
12-01 00:09:33 699[I(0)][ui_mainwndnew.c-2085][MMI_TempVerson_ShowProc] Set FirmwareVersion[] FirmwareVersion[]
12-01 00:09:40 727[I(0)][ui_mainwndnew.c-2085][MMI_TempVerson_ShowProc] Set FirmwareVersion[] FirmwareVersion[]
12-01 00:09:47 756[I(0)][ui_mainwndnew.c-2085][MMI_TempVerson_ShowProc] Set FirmwareVersion[] FirmwareVersion[]
12-01 00:09:54 790[I(0)][ui_mainwndnew.c-2085][MMI_TempVerson_ShowProc] Set FirmwareVersion[] FirmwareVersion[]
12-01 00:10:01 816[I(0)][ui_mainwndnew.c-2085][MMI_TempVerson_ShowProc] Set FirmwareVersion[] FirmwareVersion[]
12-01 00:10:08 847[I(0)][ui_mainwndnew.c-2085][MMI_TempVerson_ShowProc] Set FirmwareVersion[] FirmwareVersion[]
12-01 00:10:15 878[I(0)][ui_mainwndnew.c-2085][MMI_TempVerson_ShowProc] Set FirmwareVersion[] FirmwareVersion[]
12-01 00:10:22 907[I(0)][ui_mainwndnew.c-2085][MMI_TempVerson_ShowProc] Set FirmwareVersion[] FirmwareVersion[]
12-01 00:10:29 940[I(0)][ui_mainwndnew.c-2085][MMI_TempVerson_ShowProc] Set FirmwareVersion[] FirmwareVersion[]
12-01 00:10:36 966[I(0)][ui_mainwndnew.c-2085][MMI_TempVerson_ShowProc] Set FirmwareVersion[] FirmwareVersion[]
12-01 00:10:43 996[I(0)][ui_mainwndnew.c-2085][MMI_TempVerson_ShowProc] Set FirmwareVersion[] FirmwareVersion[]
12-01 00:10:51 027[I(0)][ui_mainwndnew.c-2085][MMI_TempVerson_ShowProc] Set FirmwareVersion[] FirmwareVersion[]
12-01 00:10:58 056[I(0)][ui_mainwndnew.c-2085][MMI_TempVerson_ShowProc] Set FirmwareVersion[] FirmwareVersion[]
12-01 00:11:05 086[I(0)][ui_mainwndnew.c-2085][MMI_TempVerson_ShowProc] Set FirmwareVersion[] FirmwareVersion[]
12-01 00:11:12 117[I(0)][ui_mainwndnew.c-2085][MMI_TempVerson_ShowProc] Set FirmwareVersion[] FirmwareVersion[]
12-01 00:11:19 147[I(0)][ui_mainwndnew.c-2085][MMI_TempVerson_ShowProc] Set FirmwareVersion[] FirmwareVersion[]
12-01 00:11:26 180[I(0)][ui_mainwndnew.c-2085][MMI_TempVerson_ShowProc] Set FirmwareVersion[] FirmwareVersion[]
12-01 00:11:33 206[I(0)][ui_mainwndnew.c-2085][MMI_TempVerson_ShowProc] Set FirmwareVersion[] FirmwareVersion[]
12-01 00:11:40 236[I(0)][ui_mainwndnew.c-2085][MMI_TempVerson_ShowProc] Set FirmwareVersion[] FirmwareVersion[]
12-01 00:11:47 267[I(0)][ui_mainwndnew.c-2085][MMI_TempVerson_ShowProc] Set FirmwareVersion[] FirmwareVersion[]
12-01 00:11:47 930[I(0)][ui_mainwndnew.c-1932][_Mainwnd_Touch_Screen] Time Old[1322697629] New[1322698307]
12-01 00:11:50 229[I(0)][ui_mainwndnew.c-1932][_Mainwnd_Touch_Screen] Time Old[1322697629] New[1322698310]
12-01 00:11:54 296[I(0)][ui_mainwndnew.c-2085][MMI_TempVerson_ShowProc] Set FirmwareVersion[] FirmwareVersion[]
12-01 00:11:56 238[I(0)][ui_mainwndnew.c-4101]_Mainwnd_PaintDlg Begin
12-01 00:11:56 239[I(0)][ui_mainwndnew.c-3895]TableSize[41] Index[0] Statues[0] BMP[43]
12-01 00:11:56 239[I(0)][ui_mainwndnew.c-4111]_Mainwnd_PaintDlg End
12-01 00:11:59 496[I(0)][ui_mainwndnew.c-2976]start proc,ulResult = 26
 
12-01 00:11:59 497[I(0)][ui_mainwndnew.c-2126]SrcStatus[25] OpenMode[1] gbTemperatureMode[1] gulVFModeNum[2]
12-01 00:11:59 497[I(0)][ui_mainwndnew.c-3178][Member] Result[26] 32SrcStatus[25]
12-01 00:11:59 516[I(0)][ui_mainwndnew.c-4101]_Mainwnd_PaintDlg Begin
12-01 00:11:59 516[I(0)][ui_mainwndnew.c-3895]TableSize[41] Index[24] Statues[25] BMP[26]
12-01 00:11:59 517[I(0)][ui_mainwndnew.c-4111]_Mainwnd_PaintDlg End
12-01 00:12:00 764[I(0)][ui_mainwndnew.c-1932][_Mainwnd_Touch_Screen] Time Old[1322697629] New[1322698320]
12-01 00:12:01 327[I(0)][ui_mainwndnew.c-2085][MMI_TempVerson_ShowProc] Set FirmwareVersion[] FirmwareVersion[]
12-01 00:12:01 919[I(0)][ui_mainwndnew.c-1932][_Mainwnd_Touch_Screen] Time Old[1322697629] New[1322698321]
12-01 00:12:02 488[I(0)][ui_mainwndnew.c-2312][Timer]MainWnd_Hide_Tips
12-01 00:12:02 517[I(0)][ui_mainwndnew.c-4101]_Mainwnd_PaintDlg Begin
12-01 00:12:02 517[I(0)][ui_mainwndnew.c-3895]TableSize[41] Index[0] Statues[0] BMP[43]
12-01 00:12:02 517[I(0)][ui_mainwndnew.c-4111]_Mainwnd_PaintDlg End
12-01 00:12:02 992[I(0)][ui_mainwndnew.c-4101]_Mainwnd_PaintDlg Begin
12-01 00:12:02 993[I(0)][ui_mainwndnew.c-3895]TableSize[41] Index[0] Statues[0] BMP[43]
12-01 00:12:02 993[I(0)][ui_mainwndnew.c-4111]_Mainwnd_PaintDlg End
12-01 00:12:05 008[E(0)][ui_mainwndnew.c-2858]FaceDetHalt is Stop  CMD:26
12-01 00:12:08 356[E(0)][ui_mainwndnew.c-2858]FaceDetHalt is Stop  CMD:46
12-01 00:12:08 356[I(0)][ui_mainwndnew.c-2085][MMI_TempVerson_ShowProc] Set FirmwareVersion[] FirmwareVersion[]
12-01 00:12:15 388[E(0)][ui_mainwndnew.c-2858]FaceDetHalt is Stop  CMD:46
12-01 00:12:15 388[I(0)][ui_mainwndnew.c-2085][MMI_TempVerson_ShowProc] Set FirmwareVersion[] FirmwareVersion[]
12-01 00:12:16 428[I(0)][ui_mainwndnew.c-4101]_Mainwnd_PaintDlg Begin
12-01 00:12:16 428[I(0)][ui_mainwndnew.c-3895]TableSize[41] Index[0] Statues[0] BMP[43]
12-01 00:12:16 428[I(0)][ui_mainwndnew.c-4111]_Mainwnd_PaintDlg End
12-01 00:12:21 575[I(0)][ui_mainwndnew.c-4101]_Mainwnd_PaintDlg Begin
12-01 00:12:21 578[I(0)][ui_mainwndnew.c-3895]TableSize[41] Index[0] Statues[0] BMP[43]
12-01 00:12:21 578[I(0)][ui_mainwndnew.c-4111]_Mainwnd_PaintDlg End
12-01 00:12:22 416[E(0)][ui_mainwndnew.c-2858]FaceDetHalt is Stop  CMD:46
12-01 00:12:22 416[I(0)][ui_mainwndnew.c-2085][MMI_TempVerson_ShowProc] Set FirmwareVersion[] FirmwareVersion[]
12-01 00:12:23 871[I(0)][ui_mainwndnew.c-4101]_Mainwnd_PaintDlg Begin
12-01 00:12:23 871[I(0)][ui_mainwndnew.c-3895]TableSize[41] Index[0] Statues[0] BMP[43]
12-01 00:12:23 872[I(0)][ui_mainwndnew.c-4111]_Mainwnd_PaintDlg End
12-01 00:12:29 450[E(0)][ui_mainwndnew.c-2858]FaceDetHalt is Stop  CMD:46
12-01 00:12:29 450[I(0)][ui_mainwndnew.c-2085][MMI_TempVerson_ShowProc] Set FirmwareVersion[] FirmwareVersion[]
12-01 00:12:29 954[I(0)][ui_mainwndnew.c-4101]_Mainwnd_PaintDlg Begin
12-01 00:12:29 955[I(0)][ui_mainwndnew.c-3895]TableSize[41] Index[0] Statues[0] BMP[43]
12-01 00:12:29 955[I(0)][ui_mainwndnew.c-4111]_Mainwnd_PaintDlg End
12-01 00:12:31 552[I(0)][ui_mainwndnew.c-4101]_Mainwnd_PaintDlg Begin
12-01 00:12:31 552[I(0)][ui_mainwndnew.c-3895]TableSize[41] Index[0] Statues[0] BMP[43]
12-01 00:12:31 552[I(0)][ui_mainwndnew.c-4111]_Mainwnd_PaintDlg End
12-01 00:12:36 476[E(0)][ui_mainwndnew.c-2858]FaceDetHalt is Stop  CMD:46
12-01 00:12:36 476[I(0)][ui_mainwndnew.c-2085][MMI_TempVerson_ShowProc] Set FirmwareVersion[] FirmwareVersion[]
12-01 00:12:42 770[I(0)][ui_mainwndnew.c-4101]_Mainwnd_PaintDlg Begin
12-01 00:12:42 771[I(0)][ui_mainwndnew.c-3895]TableSize[41] Index[0] Statues[0] BMP[43]
12-01 00:12:42 771[I(0)][ui_mainwndnew.c-4111]_Mainwnd_PaintDlg End
12-01 00:12:43 507[E(0)][ui_mainwndnew.c-2858]FaceDetHalt is Stop  CMD:46
12-01 00:12:43 508[I(0)][ui_mainwndnew.c-2085][MMI_TempVerson_ShowProc] Set FirmwareVersion[] FirmwareVersion[]
12-01 00:12:50 536[E(0)][ui_mainwndnew.c-2858]FaceDetHalt is Stop  CMD:46
12-01 00:12:50 536[I(0)][ui_mainwndnew.c-2085][MMI_TempVerson_ShowProc] Set FirmwareVersion[] FirmwareVersion[]
12-01 00:12:51 572[I(0)][ui_mainwndnew.c-4101]_Mainwnd_PaintDlg Begin
12-01 00:12:51 572[I(0)][ui_mainwndnew.c-3895]TableSize[41] Index[0] Statues[0] BMP[43]
12-01 00:12:51 572[I(0)][ui_mainwndnew.c-4111]_Mainwnd_PaintDlg End
12-01 00:12:53 615[I(0)][ui_regist_7in.c-186]ulNum[DefaultEmployeeLib]
12-01 00:12:53 618[I(0)][ui_regist_7in.c-186]ulNum[DefaultVisitorLib]
12-01 00:12:57 325[I(0)][ui_mainwndnew.c-4101]_Mainwnd_PaintDlg Begin
12-01 00:12:57 328[I(0)][ui_mainwndnew.c-3895]TableSize[41] Index[0] Statues[0] BMP[43]
12-01 00:12:57 328[I(0)][ui_mainwndnew.c-4111]_Mainwnd_PaintDlg End
12-01 00:12:57 567[E(0)][ui_mainwndnew.c-2858]FaceDetHalt is Stop  CMD:46
12-01 00:12:57 567[I(0)][ui_mainwndnew.c-2085][MMI_TempVerson_ShowProc] Set FirmwareVersion[] FirmwareVersion[]
12-01 00:12:57 771[I(0)][ui_mainwndnew.c-4101]_Mainwnd_PaintDlg Begin
12-01 00:12:57 772[I(0)][ui_mainwndnew.c-3895]TableSize[41] Index[0] Statues[0] BMP[43]
12-01 00:12:57 772[I(0)][ui_mainwndnew.c-4111]_Mainwnd_PaintDlg End
12-01 00:13:02 038[I(0)][ui_mainwndnew.c-4101]_Mainwnd_PaintDlg Begin
12-01 00:13:02 038[I(0)][ui_mainwndnew.c-3895]TableSize[41] Index[0] Statues[0] BMP[43]
12-01 00:13:02 038[I(0)][ui_mainwndnew.c-4111]_Mainwnd_PaintDlg End
12-01 00:13:04 252[I(0)][ui_mainwndnew.c-4101]_Mainwnd_PaintDlg Begin
12-01 00:13:04 254[I(0)][ui_mainwndnew.c-3895]TableSize[41] Index[0] Statues[0] BMP[43]
12-01 00:13:04 254[I(0)][ui_mainwndnew.c-4111]_Mainwnd_PaintDlg End
12-01 00:13:04 606[E(0)][ui_mainwndnew.c-2858]FaceDetHalt is Stop  CMD:46
12-01 00:13:04 607[I(0)][ui_mainwndnew.c-2085][MMI_TempVerson_ShowProc] Set FirmwareVersion[] FirmwareVersion[]
12-01 00:13:08 542[I(0)][ui_mainwndnew.c-4101]_Mainwnd_PaintDlg Begin
12-01 00:13:08 542[I(0)][ui_mainwndnew.c-3895]TableSize[41] Index[0] Statues[0] BMP[43]
12-01 00:13:08 542[I(0)][ui_mainwndnew.c-4111]_Mainwnd_PaintDlg End
12-01 00:13:11 627[E(0)][ui_mainwndnew.c-2858]FaceDetHalt is Stop  CMD:46
12-01 00:13:11 627[I(0)][ui_mainwndnew.c-2085][MMI_TempVerson_ShowProc] Set FirmwareVersion[] FirmwareVersion[]
12-01 00:13:13 076[I(0)][ui_mainwndnew.c-4101]_Mainwnd_PaintDlg Begin
12-01 00:13:13 077[I(0)][ui_mainwndnew.c-3895]TableSize[41] Index[0] Statues[0] BMP[43]
12-01 00:13:13 077[I(0)][ui_mainwndnew.c-4111]_Mainwnd_PaintDlg End
12-01 00:13:18 667[E(0)][ui_mainwndnew.c-2858]FaceDetHalt is Stop  CMD:46
12-01 00:13:18 668[I(0)][ui_mainwndnew.c-2085][MMI_TempVerson_ShowProc] Set FirmwareVersion[] FirmwareVersion[]
12-01 00:13:25 697[E(0)][ui_mainwndnew.c-2858]FaceDetHalt is Stop  CMD:46
12-01 00:13:25 698[I(0)][ui_mainwndnew.c-2085][MMI_TempVerson_ShowProc] Set FirmwareVersion[] FirmwareVersion[]
12-01 00:13:32 726[E(0)][ui_mainwndnew.c-2858]FaceDetHalt is Stop  CMD:46
12-01 00:13:32 726[I(0)][ui_mainwndnew.c-2085][MMI_TempVerson_ShowProc] Set FirmwareVersion[] FirmwareVersion[]
12-01 00:13:39 757[E(0)][ui_mainwndnew.c-2858]FaceDetHalt is Stop  CMD:46
12-01 00:13:39 757[I(0)][ui_mainwndnew.c-2085][MMI_TempVerson_ShowProc] Set FirmwareVersion[] FirmwareVersion[]
12-01 00:13:46 786[E(0)][ui_mainwndnew.c-2858]FaceDetHalt is Stop  CMD:46
12-01 00:13:46 786[I(0)][ui_mainwndnew.c-2085][MMI_TempVerson_ShowProc] Set FirmwareVersion[] FirmwareVersion[]
12-01 00:13:53 816[E(0)][ui_mainwndnew.c-2858]FaceDetHalt is Stop  CMD:46
12-01 00:13:53 816[I(0)][ui_mainwndnew.c-2085][MMI_TempVerson_ShowProc] Set FirmwareVersion[] FirmwareVersion[]
12-01 00:14:00 849[E(0)][ui_mainwndnew.c-2858]FaceDetHalt is Stop  CMD:46
12-01 00:14:00 849[I(0)][ui_mainwndnew.c-2085][MMI_TempVerson_ShowProc] Set FirmwareVersion[] FirmwareVersion[]
12-01 00:14:07 876[E(0)][ui_mainwndnew.c-2858]FaceDetHalt is Stop  CMD:46
12-01 00:14:07 876[I(0)][ui_mainwndnew.c-2085][MMI_TempVerson_ShowProc] Set FirmwareVersion[] FirmwareVersion[]
12-01 00:14:14 907[E(0)][ui_mainwndnew.c-2858]FaceDetHalt is Stop  CMD:46
12-01 00:14:14 907[I(0)][ui_mainwndnew.c-2085][MMI_TempVerson_ShowProc] Set FirmwareVersion[] FirmwareVersion[]
12-01 00:14:21 937[E(0)][ui_mainwndnew.c-2858]FaceDetHalt is Stop  CMD:46
12-01 00:14:21 937[I(0)][ui_mainwndnew.c-2085][MMI_TempVerson_ShowProc] Set FirmwareVersion[] FirmwareVersion[]
12-01 00:14:28 966[E(0)][ui_mainwndnew.c-2858]FaceDetHalt is Stop  CMD:46
12-01 00:14:28 966[I(0)][ui_mainwndnew.c-2085][MMI_TempVerson_ShowProc] Set FirmwareVersion[] FirmwareVersion[]
12-01 00:14:35 998[E(0)][ui_mainwndnew.c-2858]FaceDetHalt is Stop  CMD:46
12-01 00:14:35 998[I(0)][ui_mainwndnew.c-2085][MMI_TempVerson_ShowProc] Set FirmwareVersion[] FirmwareVersion[]
12-01 00:14:43 026[E(0)][ui_mainwndnew.c-2858]FaceDetHalt is Stop  CMD:46
12-01 00:14:43 026[I(0)][ui_mainwndnew.c-2085][MMI_TempVerson_ShowProc] Set FirmwareVersion[] FirmwareVersion[]
12-01 00:14:50 057[E(0)][ui_mainwndnew.c-2858]FaceDetHalt is Stop  CMD:46
12-01 00:14:50 057[I(0)][ui_mainwndnew.c-2085][MMI_TempVerson_ShowProc] Set FirmwareVersion[] FirmwareVersion[]
12-01 00:14:57 087[E(0)][ui_mainwndnew.c-2858]FaceDetHalt is Stop  CMD:46
12-01 00:14:57 087[I(0)][ui_mainwndnew.c-2085][MMI_TempVerson_ShowProc] Set FirmwareVersion[] FirmwareVersion[]
12-01 00:15:04 125[E(0)][ui_mainwndnew.c-2858]FaceDetHalt is Stop  CMD:46
12-01 00:15:04 126[I(0)][ui_mainwndnew.c-2085][MMI_TempVerson_ShowProc] Set FirmwareVersion[] FirmwareVersion[]
12-01 00:15:11 158[E(0)][ui_mainwndnew.c-2858]FaceDetHalt is Stop  CMD:46
12-01 00:15:11 159[I(0)][ui_mainwndnew.c-2085][MMI_TempVerson_ShowProc] Set FirmwareVersion[] FirmwareVersion[]
12-01 00:15:18 188[E(0)][ui_mainwndnew.c-2858]FaceDetHalt is Stop  CMD:46
12-01 00:15:18 188[I(0)][ui_mainwndnew.c-2085][MMI_TempVerson_ShowProc] Set FirmwareVersion[] FirmwareVersion[]
12-01 00:15:25 216[E(0)][ui_mainwndnew.c-2858]FaceDetHalt is Stop  CMD:46
12-01 00:15:25 216[I(0)][ui_mainwndnew.c-2085][MMI_TempVerson_ShowProc] Set FirmwareVersion[] FirmwareVersion[]
12-01 00:15:32 246[E(0)][ui_mainwndnew.c-2858]FaceDetHalt is Stop  CMD:46
12-01 00:15:32 246[I(0)][ui_mainwndnew.c-2085][MMI_TempVerson_ShowProc] Set FirmwareVersion[] FirmwareVersion[]
12-01 00:15:39 277[E(0)][ui_mainwndnew.c-2858]FaceDetHalt is Stop  CMD:46
12-01 00:15:39 277[I(0)][ui_mainwndnew.c-2085][MMI_TempVerson_ShowProc] Set FirmwareVersion[] FirmwareVersion[]
12-01 00:15:46 306[E(0)][ui_mainwndnew.c-2858]FaceDetHalt is Stop  CMD:46
12-01 00:15:46 306[I(0)][ui_mainwndnew.c-2085][MMI_TempVerson_ShowProc] Set FirmwareVersion[] FirmwareVersion[]
12-01 00:15:53 337[E(0)][ui_mainwndnew.c-2858]FaceDetHalt is Stop  CMD:46
12-01 00:15:53 338[I(0)][ui_mainwndnew.c-2085][MMI_TempVerson_ShowProc] Set FirmwareVersion[] FirmwareVersion[]
12-01 00:16:00 366[E(0)][ui_mainwndnew.c-2858]FaceDetHalt is Stop  CMD:46
12-01 00:16:00 367[I(0)][ui_mainwndnew.c-2085][MMI_TempVerson_ShowProc] Set FirmwareVersion[] FirmwareVersion[]
12-01 00:16:07 397[E(0)][ui_mainwndnew.c-2858]FaceDetHalt is Stop  CMD:46
12-01 00:16:07 397[I(0)][ui_mainwndnew.c-2085][MMI_TempVerson_ShowProc] Set FirmwareVersion[] FirmwareVersion[]
12-01 00:16:14 430[E(0)][ui_mainwndnew.c-2858]FaceDetHalt is Stop  CMD:46
12-01 00:16:14 431[I(0)][ui_mainwndnew.c-2085][MMI_TempVerson_ShowProc] Set FirmwareVersion[] FirmwareVersion[]
12-01 00:16:21 456[E(0)][ui_mainwndnew.c-2858]FaceDetHalt is Stop  CMD:46
12-01 00:16:21 456[I(0)][ui_mainwndnew.c-2085][MMI_TempVerson_ShowProc] Set FirmwareVersion[] FirmwareVersion[]
12-01 00:16:28 486[E(0)][ui_mainwndnew.c-2858]FaceDetHalt is Stop  CMD:46
12-01 00:16:28 487[I(0)][ui_mainwndnew.c-2085][MMI_TempVerson_ShowProc] Set FirmwareVersion[] FirmwareVersion[]
12-01 00:16:35 517[E(0)][ui_mainwndnew.c-2858]FaceDetHalt is Stop  CMD:46
12-01 00:16:35 517[I(0)][ui_mainwndnew.c-2085][MMI_TempVerson_ShowProc] Set FirmwareVersion[] FirmwareVersion[]
12-01 00:16:42 546[E(0)][ui_mainwndnew.c-2858]FaceDetHalt is Stop  CMD:46
12-01 00:16:42 546[I(0)][ui_mainwndnew.c-2085][MMI_TempVerson_ShowProc] Set FirmwareVersion[] FirmwareVersion[]
12-01 00:16:49 580[E(0)][ui_mainwndnew.c-2858]FaceDetHalt is Stop  CMD:46
12-01 00:16:49 580[I(0)][ui_mainwndnew.c-2085][MMI_TempVerson_ShowProc] Set FirmwareVersion[] FirmwareVersion[]
12-01 00:16:56 606[E(0)][ui_mainwndnew.c-2858]FaceDetHalt is Stop  CMD:46
12-01 00:16:56 606[I(0)][ui_mainwndnew.c-2085][MMI_TempVerson_ShowProc] Set FirmwareVersion[] FirmwareVersion[]
12-01 00:17:03 637[E(0)][ui_mainwndnew.c-2858]FaceDetHalt is Stop  CMD:46
12-01 00:17:03 637[I(0)][ui_mainwndnew.c-2085][MMI_TempVerson_ShowProc] Set FirmwareVersion[] FirmwareVersion[]
12-01 00:17:10 679[E(0)][ui_mainwndnew.c-2858]FaceDetHalt is Stop  CMD:46
12-01 00:17:10 680[I(0)][ui_mainwndnew.c-2085][MMI_TempVerson_ShowProc] Set FirmwareVersion[] FirmwareVersion[]
12-01 00:17:17 707[E(0)][ui_mainwndnew.c-2858]FaceDetHalt is Stop  CMD:46
12-01 00:17:17 707[I(0)][ui_mainwndnew.c-2085][MMI_TempVerson_ShowProc] Set FirmwareVersion[] FirmwareVersion[]
12-01 00:17:24 736[E(0)][ui_mainwndnew.c-2858]FaceDetHalt is Stop  CMD:46
12-01 00:17:24 736[I(0)][ui_mainwndnew.c-2085][MMI_TempVerson_ShowProc] Set FirmwareVersion[] FirmwareVersion[]
12-01 00:17:31 769[E(0)][ui_mainwndnew.c-2858]FaceDetHalt is Stop  CMD:46
12-01 00:17:31 770[I(0)][ui_mainwndnew.c-2085][MMI_TempVerson_ShowProc] Set FirmwareVersion[] FirmwareVersion[]
12-01 00:17:38 796[E(0)][ui_mainwndnew.c-2858]FaceDetHalt is Stop  CMD:46
12-01 00:17:38 796[I(0)][ui_mainwndnew.c-2085][MMI_TempVerson_ShowProc] Set FirmwareVersion[] FirmwareVersion[]
12-01 00:17:45 827[E(0)][ui_mainwndnew.c-2858]FaceDetHalt is Stop  CMD:46
12-01 00:17:45 827[I(0)][ui_mainwndnew.c-2085][MMI_TempVerson_ShowProc] Set FirmwareVersion[] FirmwareVersion[]
12-01 00:17:52 857[E(0)][ui_mainwndnew.c-2858]FaceDetHalt is Stop  CMD:46
12-01 00:17:52 857[I(0)][ui_mainwndnew.c-2085][MMI_TempVerson_ShowProc] Set FirmwareVersion[] FirmwareVersion[]
12-01 00:17:59 886[E(0)][ui_mainwndnew.c-2858]FaceDetHalt is Stop  CMD:46
12-01 00:17:59 886[I(0)][ui_mainwndnew.c-2085][MMI_TempVerson_ShowProc] Set FirmwareVersion[] FirmwareVersion[]
12-01 00:18:06 918[E(0)][ui_mainwndnew.c-2858]FaceDetHalt is Stop  CMD:46
12-01 00:18:06 919[I(0)][ui_mainwndnew.c-2085][MMI_TempVerson_ShowProc] Set FirmwareVersion[] FirmwareVersion[]
12-01 00:18:13 946[E(0)][ui_mainwndnew.c-2858]FaceDetHalt is Stop  CMD:46
12-01 00:18:13 946[I(0)][ui_mainwndnew.c-2085][MMI_TempVerson_ShowProc] Set FirmwareVersion[] FirmwareVersion[]
12-01 00:18:20 977[E(0)][ui_mainwndnew.c-2858]FaceDetHalt is Stop  CMD:46
12-01 00:18:20 977[I(0)][ui_mainwndnew.c-2085][MMI_TempVerson_ShowProc] Set FirmwareVersion[] FirmwareVersion[]
12-01 00:18:28 010[E(0)][ui_mainwndnew.c-2858]FaceDetHalt is Stop  CMD:46
12-01 00:18:28 010[I(0)][ui_mainwndnew.c-2085][MMI_TempVerson_ShowProc] Set FirmwareVersion[] FirmwareVersion[]
12-01 00:18:35 036[E(0)][ui_mainwndnew.c-2858]FaceDetHalt is Stop  CMD:46
12-01 00:18:35 036[I(0)][ui_mainwndnew.c-2085][MMI_TempVerson_ShowProc] Set FirmwareVersion[] FirmwareVersion[]
12-01 00:18:42 066[E(0)][ui_mainwndnew.c-2858]FaceDetHalt is Stop  CMD:46
12-01 00:18:42 066[I(0)][ui_mainwndnew.c-2085][MMI_TempVerson_ShowProc] Set FirmwareVersion[] FirmwareVersion[]
12-01 00:18:49 097[E(0)][ui_mainwndnew.c-2858]FaceDetHalt is Stop  CMD:46
12-01 00:18:49 098[I(0)][ui_mainwndnew.c-2085][MMI_TempVerson_ShowProc] Set FirmwareVersion[] FirmwareVersion[]
12-01 00:18:56 126[E(0)][ui_mainwndnew.c-2858]FaceDetHalt is Stop  CMD:46
12-01 00:18:56 127[I(0)][ui_mainwndnew.c-2085][MMI_TempVerson_ShowProc] Set FirmwareVersion[] FirmwareVersion[]
12-01 00:19:03 166[E(0)][ui_mainwndnew.c-2858]FaceDetHalt is Stop  CMD:46
12-01 00:19:03 166[I(0)][ui_mainwndnew.c-2085][MMI_TempVerson_ShowProc] Set FirmwareVersion[] FirmwareVersion[]
12-01 00:19:12 594[E(0)][ui_mainwndnew.c-2858]FaceDetHalt is Stop  CMD:46
12-01 00:19:12 595[I(0)][ui_mainwndnew.c-2085][MMI_TempVerson_ShowProc] Set FirmwareVersion[] FirmwareVersion[]
12-01 00:19:17 227[E(0)][ui_mainwndnew.c-2858]FaceDetHalt is Stop  CMD:46
12-01 00:19:17 227[I(0)][ui_mainwndnew.c-2085][MMI_TempVerson_ShowProc] Set FirmwareVersion[] FirmwareVersion[]
