12-01 00:00:29 525[I(0)][ui_mainwndnew.c-3417]Index[11]: LoadGUIFile[/program/mmi_source/01_English/fastgate_7/main_collect_fail.jpg]
12-01 00:00:29 563[I(0)][ui_mainwndnew.c-3417]Index[12]: LoadGUIFile[/program/mmi_source/01_English/fastgate_7/main_face_box.jpg]
12-01 00:00:29 563[E(0)][ui_mainwndnew.c-3420]Load bmp[12] fail
12-01 00:00:29 563[I(0)][ui_mainwndnew.c-3417]Index[13]: LoadGUIFile[/program/mmi_source/01_English/fastgate_7/main_diy_failed.jpg]
12-01 00:00:29 583[I(0)][ui_mainwndnew.c-3417]Index[14]: LoadGUIFile[/program/mmi_source/01_English/fastgate_7/main_success_diy_nophoto.jpg]
12-01 00:00:29 612[I(0)][ui_mainwndnew.c-3417]Index[15]: LoadGUIFile[/program/mmi_source/01_English/fastgate_7/main_IC_tips.jpg]
12-01 00:00:29 612[E(0)][ui_mainwndnew.c-3420]Load bmp[15] fail
12-01 00:00:29 612[I(0)][ui_mainwndnew.c-3417]Index[16]: LoadGUIFile[/program/mmi_source/01_English/fastgate_7/main_Open_tips.jpg]
12-01 00:00:29 629[I(0)][ui_mainwndnew.c-3417]Index[17]: LoadGUIFile[/program/mmi_source/01_English/fastgate_7/main_No_SafetyCap.jpg]
12-01 00:00:29 661[I(0)][ui_mainwndnew.c-3417]Index[18]: LoadGUIFile[/program/mmi_source/01_English/fastgate_7/main_FacePosition.jpg]
12-01 00:00:29 684[I(0)][ui_mainwndnew.c-3417]Index[19]: LoadGUIFile[/program/mmi_source/01_English/fastgate_7/main_No_Mask.jpg]
12-01 00:00:29 710[I(0)][ui_mainwndnew.c-3417]Index[20]: LoadGUIFile[/program/mmi_source/01_English/fastgate_7/main_Tmp_Abnormal.jpg]
12-01 00:00:29 739[I(0)][ui_mainwndnew.c-3417]Index[21]: LoadGUIFile[/program/mmi_source/01_English/fastgate_7/main_Access_Tmp.jpg]
12-01 00:00:29 762[I(0)][ui_mainwndnew.c-3417]Index[22]: LoadGUIFile[/program/mmi_source/01_English/fastgate_7/main_NoAccess_Tmp.jpg]
12-01 00:00:29 783[I(0)][ui_mainwndnew.c-3417]Index[23]: LoadGUIFile[/program/mmi_source/01_English/fastgate_7/main_NoMask_Tmp.jpg]
12-01 00:00:29 812[I(0)][ui_mainwndnew.c-3417]Index[24]: LoadGUIFile[/program/mmi_source/01_English/fastgate_7/main_NoAccess.jpg]
12-01 00:00:29 829[I(0)][ui_mainwndnew.c-3417]Index[25]: LoadGUIFile[/program/mmi_source/01_English/fastgate_7/main_Access.jpg]
12-01 00:00:29 859[I(0)][ui_mainwndnew.c-3417]Index[26]: LoadGUIFile[/program/mmi_source/01_English/fastgate_7/main_TmpCollect_fail.jpg]
12-01 00:00:29 891[I(0)][ui_mainwndnew.c-3417]Index[27]: LoadGUIFile[/program/mmi_source/01_English/fastgate_7/main_NearTips.jpg]
12-01 00:00:29 909[I(0)][ui_mainwndnew.c-3417]Index[28]: LoadGUIFile[/program/mmi_source/01_English/fastgate_7/main_NeedTmp.jpg]
12-01 00:00:29 940[I(0)][ui_mainwndnew.c-3417]Index[29]: LoadGUIFile[/program/mmi_source/01_English/fastgate_7/main_Access_Tmp.jpg]
12-01 00:00:29 962[I(0)][ui_mainwndnew.c-3417]Index[30]: LoadGUIFile[/program/mmi_source/01_English/fastgate_7/main_TempRechek.jpg]
12-01 00:00:29 988[I(0)][ui_mainwndnew.c-3417]Index[31]: LoadGUIFile[/program/mmi_source/01_English/fastgate_7/main_third_code_failed.jpg]
12-01 00:00:30 019[I(0)][ui_mainwndnew.c-3417]Index[32]: LoadGUIFile[/program/mmi_source/01_English/fastgate_7/main_third_green_code.jpg]
12-01 00:00:30 045[I(0)][ui_mainwndnew.c-3417]Index[33]: LoadGUIFile[/program/mmi_source/01_English/fastgate_7/main_third_yellow_code.jpg]
12-01 00:00:30 066[I(0)][ui_mainwndnew.c-3417]Index[34]: LoadGUIFile[/program/mmi_source/01_English/fastgate_7/main_third_red_code.jpg]
12-01 00:00:30 096[I(0)][ui_mainwndnew.c-3417]Index[35]: LoadGUIFile[/program/mmi_source/01_English/fastgate_7/main_TmpLow.jpg]
12-01 00:00:30 112[I(0)][ui_mainwndnew.c-3417]Index[36]: LoadGUIFile[/program/mmi_source/01_English/fastgate_7/main_FailNeedTemp.jpg]
12-01 00:00:30 138[I(0)][ui_mainwndnew.c-3417]Index[37]: LoadGUIFile[/program/mmi_source/01_English/fastgate_7/main_NoAccess_TmpLow.jpg]
12-01 00:00:30 172[I(0)][ui_mainwndnew.c-3417]Index[38]: LoadGUIFile[/program/mmi_source/01_English/fastgate_7/main_TmpLow_Nomask.jpg]
12-01 00:00:30 190[I(0)][ui_mainwndnew.c-3417]Index[39]: LoadGUIFile[/program/mmi_source/01_English/fastgate_7/main_Tmp_Abnormal.jpg]
12-01 00:00:30 211[I(0)][ui_mainwndnew.c-3417]Index[40]: LoadGUIFile[/program/mmi_source/01_English/fastgate_7/main_Tmp_Timeout.jpg]
12-01 00:00:30 229[I(0)][ui_mainwndnew.c-3417]Index[41]: LoadGUIFile[/program/mmi_source/01_English/fastgate_7/main_ID_Recertify.jpg]
12-01 00:00:30 229[E(0)][ui_mainwndnew.c-3420]Load bmp[41] fail
12-01 00:00:30 229[I(0)][ui_mainwndnew.c-3417]Index[42]: LoadGUIFile[/program/mmi_source/01_English/fastgate_7/main_HandRetest.jpg]
12-01 00:00:30 283[I(0)][ui_mainwndnew.c-2085][MMI_TempVerson_ShowProc] Set FirmwareVersion[] FirmwareVersion[]
12-01 00:00:30 283[I(0)][ui_mainwndnew.c-1843]_Mainwnd_ShowLib PersonNum[0][0]
12-01 00:00:30 284[I(0)][ui_mainwndnew.c-3343][Mainwnd_VFMode_ShowProc] Show[Temperature Measurement.] VFNum[0]
12-01 00:00:30 284[I(0)][ui_mainwndnew.c-969]gbDisplayTime [0] gulPhotoNum [1] gbCountEnabled[0]
12-01 00:00:30 285[I(0)][ui_mainwndnew.c-1970][MMI_DeviceIP2_ShowProc] Set MainPort[0] Address[192.168.30.178]
12-01 00:00:30 285[I(0)][ui_mainwndnew.c-3569]OpenMode 1  gbTemperatureMode 1
12-01 00:00:30 285[I(0)][ui_mainwndnew.c-3571][MMI_MainWnd_InitCfg] Ok
12-01 00:00:30 286[E(0)][ui_mainwndnew.c-3755][MMI_init_LogoPic] LoadBitmap[/data/GUIFile/WorkLogo.jpg] Fail[4294967295]
12-01 00:00:30 286[W(0)][ui_mainwndnew.c-2433] screensaver bmp is zero
12-01 00:00:30 286[E(0)][mmi_mw_ctrl.c-831]Open:/data/AutoCall fail
12-01 00:00:30 294[E(0)][ui_SinglePersonInfo.c-549]MMI_Creat_TitleDlg End
12-01 00:00:30 294[I(0)][ui_mainwndnew.c-3822][MMI] _Mainwnd_OnInitDlg Ok
12-01 00:00:30 418[E(0)][ui_title.c-352]_Get_FaceDetStatus_Info 1
12-01 00:00:30 418[E(0)][ui_title.c-353]4g[2] bluetooth[2] WIFI[2]
12-01 00:00:30 425[I(0)][ui_mainwndnew.c-4101]_Mainwnd_PaintDlg Begin
12-01 00:00:30 428[I(0)][ui_mainwndnew.c-3895]TableSize[41] Index[0] Statues[0] BMP[43]
12-01 00:00:30 428[I(0)][ui_mainwndnew.c-4111]_Mainwnd_PaintDlg End
12-01 00:00:33 336[I(0)][ui_mainwndnew.c-2085][MMI_TempVerson_ShowProc] Set FirmwareVersion[] FirmwareVersion[]
12-01 00:00:33 337[I(0)][ui_mainwndnew.c-4101]_Mainwnd_PaintDlg Begin
12-01 00:00:33 337[I(0)][ui_mainwndnew.c-3895]TableSize[41] Index[0] Statues[0] BMP[43]
12-01 00:00:33 337[I(0)][ui_mainwndnew.c-4111]_Mainwnd_PaintDlg End
12-01 00:00:33 527[I(0)][ui_mainwndnew.c-4101]_Mainwnd_PaintDlg Begin
12-01 00:00:33 528[I(0)][ui_mainwndnew.c-3895]TableSize[41] Index[0] Statues[0] BMP[43]
12-01 00:00:33 528[I(0)][ui_mainwndnew.c-4111]_Mainwnd_PaintDlg End
12-01 00:00:40 357[I(0)][ui_mainwndnew.c-2085][MMI_TempVerson_ShowProc] Set FirmwareVersion[] FirmwareVersion[]
12-01 00:00:47 226[I(0)][ui_mainwndnew.c-1843]_Mainwnd_ShowLib PersonNum[0][0]
12-01 00:00:47 228[I(0)][ui_mainwndnew.c-1843]_Mainwnd_ShowLib PersonNum[0][0]
12-01 00:00:47 383[I(0)][ui_mainwndnew.c-1843]_Mainwnd_ShowLib PersonNum[0][0]
12-01 00:00:47 388[I(0)][ui_mainwndnew.c-2085][MMI_TempVerson_ShowProc] Set FirmwareVersion[] FirmwareVersion[]
12-01 00:00:50 288[I(0)][ui_mainwndnew.c-1733]SMMI_Passwd_Mode_Proc[0]
12-01 00:00:50 296[I(0)][ui_mainwndnew.c-3343][Mainwnd_VFMode_ShowProc] Show[Please face the camera.] VFNum[2]
12-01 00:00:50 307[I(0)][ui_mainwndnew.c-4101]_Mainwnd_PaintDlg Begin
12-01 00:00:50 307[I(0)][ui_mainwndnew.c-3895]TableSize[41] Index[0] Statues[0] BMP[43]
12-01 00:00:50 307[I(0)][ui_mainwndnew.c-4111]_Mainwnd_PaintDlg End
12-01 00:00:50 397[I(0)][ui_mainwndnew.c-4101]_Mainwnd_PaintDlg Begin
12-01 00:00:50 397[I(0)][ui_mainwndnew.c-3895]TableSize[41] Index[0] Statues[0] BMP[43]
12-01 00:00:50 397[I(0)][ui_mainwndnew.c-4111]_Mainwnd_PaintDlg End
12-01 00:00:54 419[I(0)][ui_mainwndnew.c-2085][MMI_TempVerson_ShowProc] Set FirmwareVersion[] FirmwareVersion[]
12-01 00:01:01 448[I(0)][ui_mainwndnew.c-2085][MMI_TempVerson_ShowProc] Set FirmwareVersion[] FirmwareVersion[]
12-01 00:01:08 480[I(0)][ui_mainwndnew.c-2085][MMI_TempVerson_ShowProc] Set FirmwareVersion[] FirmwareVersion[]
12-01 00:01:15 509[I(0)][ui_mainwndnew.c-2085][MMI_TempVerson_ShowProc] Set FirmwareVersion[] FirmwareVersion[]
12-01 00:01:22 537[I(0)][ui_mainwndnew.c-2085][MMI_TempVerson_ShowProc] Set FirmwareVersion[] FirmwareVersion[]
12-01 00:01:29 571[I(0)][ui_mainwndnew.c-2085][MMI_TempVerson_ShowProc] Set FirmwareVersion[] FirmwareVersion[]
12-01 00:01:36 597[I(0)][ui_mainwndnew.c-2085][MMI_TempVerson_ShowProc] Set FirmwareVersion[] FirmwareVersion[]
12-01 00:01:43 628[I(0)][ui_mainwndnew.c-2085][MMI_TempVerson_ShowProc] Set FirmwareVersion[] FirmwareVersion[]
12-01 00:01:50 659[I(0)][ui_mainwndnew.c-2085][MMI_TempVerson_ShowProc] Set FirmwareVersion[] FirmwareVersion[]
12-01 00:01:57 688[I(0)][ui_mainwndnew.c-2085][MMI_TempVerson_ShowProc] Set FirmwareVersion[] FirmwareVersion[]
12-01 00:02:04 720[I(0)][ui_mainwndnew.c-2085][MMI_TempVerson_ShowProc] Set FirmwareVersion[] FirmwareVersion[]
12-01 00:02:11 750[I(0)][ui_mainwndnew.c-2085][MMI_TempVerson_ShowProc] Set FirmwareVersion[] FirmwareVersion[]
12-01 00:02:18 778[I(0)][ui_mainwndnew.c-2085][MMI_TempVerson_ShowProc] Set FirmwareVersion[] FirmwareVersion[]
12-01 00:02:25 808[I(0)][ui_mainwndnew.c-2085][MMI_TempVerson_ShowProc] Set FirmwareVersion[] FirmwareVersion[]
12-01 00:02:32 838[I(0)][ui_mainwndnew.c-2085][MMI_TempVerson_ShowProc] Set FirmwareVersion[] FirmwareVersion[]
12-01 00:02:39 868[I(0)][ui_mainwndnew.c-2085][MMI_TempVerson_ShowProc] Set FirmwareVersion[] FirmwareVersion[]
12-01 00:02:46 910[I(0)][ui_mainwndnew.c-2085][MMI_TempVerson_ShowProc] Set FirmwareVersion[] FirmwareVersion[]
12-01 00:02:53 942[I(0)][ui_mainwndnew.c-2085][MMI_TempVerson_ShowProc] Set FirmwareVersion[] FirmwareVersion[]
12-01 00:03:00 977[I(0)][ui_mainwndnew.c-2085][MMI_TempVerson_ShowProc] Set FirmwareVersion[] FirmwareVersion[]
12-01 00:03:08 010[I(0)][ui_mainwndnew.c-2085][MMI_TempVerson_ShowProc] Set FirmwareVersion[] FirmwareVersion[]
12-01 00:03:15 044[I(0)][ui_mainwndnew.c-2085][MMI_TempVerson_ShowProc] Set FirmwareVersion[] FirmwareVersion[]
12-01 00:03:22 067[I(0)][ui_mainwndnew.c-2085][MMI_TempVerson_ShowProc] Set FirmwareVersion[] FirmwareVersion[]
12-01 00:03:29 100[I(0)][ui_mainwndnew.c-2085][MMI_TempVerson_ShowProc] Set FirmwareVersion[] FirmwareVersion[]
12-01 00:03:36 127[I(0)][ui_mainwndnew.c-2085][MMI_TempVerson_ShowProc] Set FirmwareVersion[] FirmwareVersion[]
12-01 00:03:43 158[I(0)][ui_mainwndnew.c-2085][MMI_TempVerson_ShowProc] Set FirmwareVersion[] FirmwareVersion[]
12-01 00:03:50 190[I(0)][ui_mainwndnew.c-2085][MMI_TempVerson_ShowProc] Set FirmwareVersion[] FirmwareVersion[]
12-01 00:03:57 218[I(0)][ui_mainwndnew.c-2085][MMI_TempVerson_ShowProc] Set FirmwareVersion[] FirmwareVersion[]
12-01 00:04:04 251[I(0)][ui_mainwndnew.c-2085][MMI_TempVerson_ShowProc] Set FirmwareVersion[] FirmwareVersion[]
12-01 00:04:11 288[I(0)][ui_mainwndnew.c-2085][MMI_TempVerson_ShowProc] Set FirmwareVersion[] FirmwareVersion[]
12-01 00:04:18 317[I(0)][ui_mainwndnew.c-2085][MMI_TempVerson_ShowProc] Set FirmwareVersion[] FirmwareVersion[]
12-01 00:04:25 348[I(0)][ui_mainwndnew.c-2085][MMI_TempVerson_ShowProc] Set FirmwareVersion[] FirmwareVersion[]
12-01 00:04:32 378[I(0)][ui_mainwndnew.c-2085][MMI_TempVerson_ShowProc] Set FirmwareVersion[] FirmwareVersion[]
12-01 00:04:39 407[I(0)][ui_mainwndnew.c-2085][MMI_TempVerson_ShowProc] Set FirmwareVersion[] FirmwareVersion[]
12-01 00:04:46 442[I(0)][ui_mainwndnew.c-2085][MMI_TempVerson_ShowProc] Set FirmwareVersion[] FirmwareVersion[]
12-01 00:04:53 472[I(0)][ui_mainwndnew.c-2085][MMI_TempVerson_ShowProc] Set FirmwareVersion[] FirmwareVersion[]
12-01 00:05:00 498[I(0)][ui_mainwndnew.c-2085][MMI_TempVerson_ShowProc] Set FirmwareVersion[] FirmwareVersion[]
12-01 00:05:07 530[I(0)][ui_mainwndnew.c-2085][MMI_TempVerson_ShowProc] Set FirmwareVersion[] FirmwareVersion[]
12-01 00:05:14 557[I(0)][ui_mainwndnew.c-2085][MMI_TempVerson_ShowProc] Set FirmwareVersion[] FirmwareVersion[]
12-01 00:05:21 588[I(0)][ui_mainwndnew.c-2085][MMI_TempVerson_ShowProc] Set FirmwareVersion[] FirmwareVersion[]
12-01 00:05:28 623[I(0)][ui_mainwndnew.c-2085][MMI_TempVerson_ShowProc] Set FirmwareVersion[] FirmwareVersion[]
12-01 00:05:35 648[I(0)][ui_mainwndnew.c-2085][MMI_TempVerson_ShowProc] Set FirmwareVersion[] FirmwareVersion[]
12-01 00:05:42 682[I(0)][ui_mainwndnew.c-2085][MMI_TempVerson_ShowProc] Set FirmwareVersion[] FirmwareVersion[]
12-01 00:05:49 711[I(0)][ui_mainwndnew.c-2085][MMI_TempVerson_ShowProc] Set FirmwareVersion[] FirmwareVersion[]
12-01 00:05:56 739[I(0)][ui_mainwndnew.c-2085][MMI_TempVerson_ShowProc] Set FirmwareVersion[] FirmwareVersion[]
12-01 00:06:03 769[I(0)][ui_mainwndnew.c-2085][MMI_TempVerson_ShowProc] Set FirmwareVersion[] FirmwareVersion[]
12-01 00:06:10 797[I(0)][ui_mainwndnew.c-2085][MMI_TempVerson_ShowProc] Set FirmwareVersion[] FirmwareVersion[]
12-01 00:06:17 828[I(0)][ui_mainwndnew.c-2085][MMI_TempVerson_ShowProc] Set FirmwareVersion[] FirmwareVersion[]
12-01 00:06:24 859[I(0)][ui_mainwndnew.c-2085][MMI_TempVerson_ShowProc] Set FirmwareVersion[] FirmwareVersion[]
12-01 00:06:31 888[I(0)][ui_mainwndnew.c-2085][MMI_TempVerson_ShowProc] Set FirmwareVersion[] FirmwareVersion[]
12-01 00:06:38 928[I(0)][ui_mainwndnew.c-2085][MMI_TempVerson_ShowProc] Set FirmwareVersion[] FirmwareVersion[]
12-01 00:06:45 970[I(0)][ui_mainwndnew.c-2085][MMI_TempVerson_ShowProc] Set FirmwareVersion[] FirmwareVersion[]
12-01 00:06:52 997[I(0)][ui_mainwndnew.c-2085][MMI_TempVerson_ShowProc] Set FirmwareVersion[] FirmwareVersion[]
12-01 00:07:00 027[I(0)][ui_mainwndnew.c-2085][MMI_TempVerson_ShowProc] Set FirmwareVersion[] FirmwareVersion[]
12-01 00:07:07 058[I(0)][ui_mainwndnew.c-2085][MMI_TempVerson_ShowProc] Set FirmwareVersion[] FirmwareVersion[]
12-01 00:07:14 087[I(0)][ui_mainwndnew.c-2085][MMI_TempVerson_ShowProc] Set FirmwareVersion[] FirmwareVersion[]
12-01 00:07:21 117[I(0)][ui_mainwndnew.c-2085][MMI_TempVerson_ShowProc] Set FirmwareVersion[] FirmwareVersion[]
12-01 00:07:28 147[I(0)][ui_mainwndnew.c-2085][MMI_TempVerson_ShowProc] Set FirmwareVersion[] FirmwareVersion[]
12-01 00:07:35 177[I(0)][ui_mainwndnew.c-2085][MMI_TempVerson_ShowProc] Set FirmwareVersion[] FirmwareVersion[]
12-01 00:07:42 209[I(0)][ui_mainwndnew.c-2085][MMI_TempVerson_ShowProc] Set FirmwareVersion[] FirmwareVersion[]
12-01 00:07:49 238[I(0)][ui_mainwndnew.c-2085][MMI_TempVerson_ShowProc] Set FirmwareVersion[] FirmwareVersion[]
12-01 00:07:56 268[I(0)][ui_mainwndnew.c-2085][MMI_TempVerson_ShowProc] Set FirmwareVersion[] FirmwareVersion[]
12-01 00:08:03 298[I(0)][ui_mainwndnew.c-2085][MMI_TempVerson_ShowProc] Set FirmwareVersion[] FirmwareVersion[]
12-01 00:08:10 327[I(0)][ui_mainwndnew.c-2085][MMI_TempVerson_ShowProc] Set FirmwareVersion[] FirmwareVersion[]
12-01 00:08:17 358[I(0)][ui_mainwndnew.c-2085][MMI_TempVerson_ShowProc] Set FirmwareVersion[] FirmwareVersion[]
12-01 00:08:24 388[I(0)][ui_mainwndnew.c-2085][MMI_TempVerson_ShowProc] Set FirmwareVersion[] FirmwareVersion[]
12-01 00:08:31 431[I(0)][ui_mainwndnew.c-2085][MMI_TempVerson_ShowProc] Set FirmwareVersion[] FirmwareVersion[]
12-01 00:08:38 451[I(0)][ui_mainwndnew.c-2085][MMI_TempVerson_ShowProc] Set FirmwareVersion[] FirmwareVersion[]
12-01 00:08:45 482[I(0)][ui_mainwndnew.c-2085][MMI_TempVerson_ShowProc] Set FirmwareVersion[] FirmwareVersion[]
12-01 00:08:52 517[I(0)][ui_mainwndnew.c-2085][MMI_TempVerson_ShowProc] Set FirmwareVersion[] FirmwareVersion[]
12-01 00:08:59 567[I(0)][ui_mainwndnew.c-2085][MMI_TempVerson_ShowProc] Set FirmwareVersion[] FirmwareVersion[]
12-01 00:09:06 597[I(0)][ui_mainwndnew.c-2085][MMI_TempVerson_ShowProc] Set FirmwareVersion[] FirmwareVersion[]
12-01 00:09:13 628[I(0)][ui_mainwndnew.c-2085][MMI_TempVerson_ShowProc] Set FirmwareVersion[] FirmwareVersion[]
12-01 00:09:20 657[I(0)][ui_mainwndnew.c-2085][MMI_TempVerson_ShowProc] Set FirmwareVersion[] FirmwareVersion[]
12-01 00:09:27 690[I(0)][ui_mainwndnew.c-2085][MMI_TempVerson_ShowProc] Set FirmwareVersion[] FirmwareVersion[]
12-01 00:09:34 718[I(0)][ui_mainwndnew.c-2085][MMI_TempVerson_ShowProc] Set FirmwareVersion[] FirmwareVersion[]
12-01 00:09:41 748[I(0)][ui_mainwndnew.c-2085][MMI_TempVerson_ShowProc] Set FirmwareVersion[] FirmwareVersion[]
12-01 00:09:48 779[I(0)][ui_mainwndnew.c-2085][MMI_TempVerson_ShowProc] Set FirmwareVersion[] FirmwareVersion[]
12-01 00:09:55 807[I(0)][ui_mainwndnew.c-2085][MMI_TempVerson_ShowProc] Set FirmwareVersion[] FirmwareVersion[]
12-01 00:10:02 838[I(0)][ui_mainwndnew.c-2085][MMI_TempVerson_ShowProc] Set FirmwareVersion[] FirmwareVersion[]
12-01 00:10:09 868[I(0)][ui_mainwndnew.c-2085][MMI_TempVerson_ShowProc] Set FirmwareVersion[] FirmwareVersion[]
12-01 00:10:16 898[I(0)][ui_mainwndnew.c-2085][MMI_TempVerson_ShowProc] Set FirmwareVersion[] FirmwareVersion[]
12-01 00:10:23 930[I(0)][ui_mainwndnew.c-2085][MMI_TempVerson_ShowProc] Set FirmwareVersion[] FirmwareVersion[]
12-01 00:10:30 958[I(0)][ui_mainwndnew.c-2085][MMI_TempVerson_ShowProc] Set FirmwareVersion[] FirmwareVersion[]
12-01 00:10:37 988[I(0)][ui_mainwndnew.c-2085][MMI_TempVerson_ShowProc] Set FirmwareVersion[] FirmwareVersion[]
12-01 00:10:45 038[I(0)][ui_mainwndnew.c-2085][MMI_TempVerson_ShowProc] Set FirmwareVersion[] FirmwareVersion[]
12-01 00:10:52 070[I(0)][ui_mainwndnew.c-2085][MMI_TempVerson_ShowProc] Set FirmwareVersion[] FirmwareVersion[]
12-01 00:10:59 098[I(0)][ui_mainwndnew.c-2085][MMI_TempVerson_ShowProc] Set FirmwareVersion[] FirmwareVersion[]
12-01 00:11:06 127[I(0)][ui_mainwndnew.c-2085][MMI_TempVerson_ShowProc] Set FirmwareVersion[] FirmwareVersion[]
12-01 00:11:13 158[I(0)][ui_mainwndnew.c-2085][MMI_TempVerson_ShowProc] Set FirmwareVersion[] FirmwareVersion[]
12-01 00:11:20 187[I(0)][ui_mainwndnew.c-2085][MMI_TempVerson_ShowProc] Set FirmwareVersion[] FirmwareVersion[]
12-01 00:11:27 219[I(0)][ui_mainwndnew.c-2085][MMI_TempVerson_ShowProc] Set FirmwareVersion[] FirmwareVersion[]
12-01 00:11:34 249[I(0)][ui_mainwndnew.c-2085][MMI_TempVerson_ShowProc] Set FirmwareVersion[] FirmwareVersion[]
12-01 00:11:41 278[I(0)][ui_mainwndnew.c-2085][MMI_TempVerson_ShowProc] Set FirmwareVersion[] FirmwareVersion[]
12-01 00:11:48 309[I(0)][ui_mainwndnew.c-2085][MMI_TempVerson_ShowProc] Set FirmwareVersion[] FirmwareVersion[]
12-01 00:11:55 343[I(0)][ui_mainwndnew.c-2085][MMI_TempVerson_ShowProc] Set FirmwareVersion[] FirmwareVersion[]
12-01 00:00:28 978[I(0)][bp_module.c-2052][BP_MwareInit]current process name is 'mmi_client'.
12-01 00:00:29 001[I(0)][bp_module.c-1894][BP_ProcInit]socket init 2050 127.0.0.1
12-01 00:00:29 002[I(0)][bp_module.c-2062][BP_MwareInit]BP_MwareInit succeed.
12-01 00:00:29 155[I(0)][bp_util.c-12306][BP_ACS_SetLanguageMode]Mode[1]
12-01 00:00:29 158[I(0)][bp_util.c-12500][BP_ACS_SupportTouchScreen]DevName[OET-213H-NB-WH] IsSupport[1]
12-01 00:00:29 190[I(0)][bp_util.c-12393][BP_ACS_DecodeLangXML]Find[/root/mmi/ResetFactory] Fail
12-01 00:00:29 191[E(0)][ui_mainwndnew.c-252]Load [43][/root/mmi/ResetFactory] Fail
12-01 00:00:29 211[I(0)][ui_mainwndnew.c-259]MMI_ACS_InitLangResNode OK
12-01 00:00:29 327[E(0)][ui_title.c-352]_Get_FaceDetStatus_Info 1
12-01 00:00:29 327[E(0)][ui_title.c-353]4g[2] bluetooth[2] WIFI[2]
12-01 00:00:29 330[E(0)][ui_title.c-734]MMI_Creat_TitleDlg End
12-01 00:00:29 336[I(0)][ui_mainwndnew.c-3417]Index[0]: LoadGUIFile[/program/mmi_source/01_English/fastgate_7/main_success.jpg]
12-01 00:00:29 370[I(0)][ui_mainwndnew.c-3417]Index[1]: LoadGUIFile[/program/mmi_source/01_English/fastgate_7/main_failed.jpg]
12-01 00:00:29 394[I(0)][ui_mainwndnew.c-3417]Index[2]: LoadGUIFile[/program/mmi_source/01_English/fastgate_7/main_defence.jpg]
12-01 00:00:29 418[I(0)][ui_mainwndnew.c-3417]Index[3]: LoadGUIFile[/program/mmi_source/01_English/fastgate_7/main_Id_failed.jpg]
12-01 00:00:29 452[I(0)][ui_mainwndnew.c-3417]Index[4]: LoadGUIFile[/program/mmi_source/01_English/fastgate_7/main_Id_overdue.jpg]
12-01 00:00:29 478[I(0)][ui_mainwndnew.c-3417]Index[5]: LoadGUIFile[/program/mmi_source/01_English/fastgate_7/main_Ic_failed.jpg]
12-01 00:00:29 495[I(0)][ui_mainwndnew.c-3417]Index[6]: LoadGUIFile[/program/mmi_source/01_English/fastgate_7/main_noliveness.jpg]
12-01 00:00:29 528[I(0)][ui_mainwndnew.c-3417]Index[7]: LoadGUIFile[/program/mmi_source/01_English/fastgate_7/main_Id_tips.jpg]
12-01 00:00:29 552[I(0)][ui_mainwndnew.c-3417]Index[8]: LoadGUIFile[/program/mmi_source/01_English/fastgate_7/main_success_nophoto.jpg]
12-01 00:00:29 553[E(0)][ui_mainwndnew.c-3420]Load bmp[8] fail
12-01 00:00:29 553[I(0)][ui_mainwndnew.c-3417]Index[9]: LoadGUIFile[/program/mmi_source/01_English/fastgate_7/main_bottom.jpg]
12-01 00:00:29 560[I(0)][ui_mainwndnew.c-3417]Index[10]: LoadGUIFile[/program/mmi_source/01_English/fastgate_7/main_collect_success.jpg]
12-01 00:00:29 577[I(0)][ui_mainwndnew.c-3417]Index[11]: LoadGUIFile[/program/mmi_source/01_English/fastgate_7/main_collect_fail.jpg]
12-01 00:00:29 616[I(0)][ui_mainwndnew.c-3417]Index[12]: LoadGUIFile[/program/mmi_source/01_English/fastgate_7/main_face_box.jpg]
12-01 00:00:29 616[E(0)][ui_mainwndnew.c-3420]Load bmp[12] fail
12-01 00:00:29 616[I(0)][ui_mainwndnew.c-3417]Index[13]: LoadGUIFile[/program/mmi_source/01_English/fastgate_7/main_diy_failed.jpg]
12-01 00:00:29 643[I(0)][ui_mainwndnew.c-3417]Index[14]: LoadGUIFile[/program/mmi_source/01_English/fastgate_7/main_success_diy_nophoto.jpg]
12-01 00:00:29 659[I(0)][ui_mainwndnew.c-3417]Index[15]: LoadGUIFile[/program/mmi_source/01_English/fastgate_7/main_IC_tips.jpg]
12-01 00:00:29 659[E(0)][ui_mainwndnew.c-3420]Load bmp[15] fail
12-01 00:00:29 659[I(0)][ui_mainwndnew.c-3417]Index[16]: LoadGUIFile[/program/mmi_source/01_English/fastgate_7/main_Open_tips.jpg]
12-01 00:00:29 693[I(0)][ui_mainwndnew.c-3417]Index[17]: LoadGUIFile[/program/mmi_source/01_English/fastgate_7/main_No_SafetyCap.jpg]
12-01 00:00:29 720[I(0)][ui_mainwndnew.c-3417]Index[18]: LoadGUIFile[/program/mmi_source/01_English/fastgate_7/main_FacePosition.jpg]
12-01 00:00:29 737[I(0)][ui_mainwndnew.c-3417]Index[19]: LoadGUIFile[/program/mmi_source/01_English/fastgate_7/main_No_Mask.jpg]
12-01 00:00:29 766[I(0)][ui_mainwndnew.c-3417]Index[20]: LoadGUIFile[/program/mmi_source/01_English/fastgate_7/main_Tmp_Abnormal.jpg]
12-01 00:00:29 798[I(0)][ui_mainwndnew.c-3417]Index[21]: LoadGUIFile[/program/mmi_source/01_English/fastgate_7/main_Access_Tmp.jpg]
12-01 00:00:29 816[I(0)][ui_mainwndnew.c-3417]Index[22]: LoadGUIFile[/program/mmi_source/01_English/fastgate_7/main_NoAccess_Tmp.jpg]
12-01 00:00:29 848[I(0)][ui_mainwndnew.c-3417]Index[23]: LoadGUIFile[/program/mmi_source/01_English/fastgate_7/main_NoMask_Tmp.jpg]
12-01 00:00:29 882[I(0)][ui_mainwndnew.c-3417]Index[24]: LoadGUIFile[/program/mmi_source/01_English/fastgate_7/main_NoAccess.jpg]
12-01 00:00:29 899[I(0)][ui_mainwndnew.c-3417]Index[25]: LoadGUIFile[/program/mmi_source/01_English/fastgate_7/main_Access.jpg]
12-01 00:00:29 928[I(0)][ui_mainwndnew.c-3417]Index[26]: LoadGUIFile[/program/mmi_source/01_English/fastgate_7/main_TmpCollect_fail.jpg]
12-01 00:00:29 952[I(0)][ui_mainwndnew.c-3417]Index[27]: LoadGUIFile[/program/mmi_source/01_English/fastgate_7/main_NearTips.jpg]
12-01 00:00:29 980[I(0)][ui_mainwndnew.c-3417]Index[28]: LoadGUIFile[/program/mmi_source/01_English/fastgate_7/main_NeedTmp.jpg]
12-01 00:00:30 012[I(0)][ui_mainwndnew.c-3417]Index[29]: LoadGUIFile[/program/mmi_source/01_English/fastgate_7/main_Access_Tmp.jpg]
12-01 00:00:30 038[I(0)][ui_mainwndnew.c-3417]Index[30]: LoadGUIFile[/program/mmi_source/01_English/fastgate_7/main_TempRechek.jpg]
12-01 00:00:30 062[I(0)][ui_mainwndnew.c-3417]Index[31]: LoadGUIFile[/program/mmi_source/01_English/fastgate_7/main_third_code_failed.jpg]
12-01 00:00:30 089[I(0)][ui_mainwndnew.c-3417]Index[32]: LoadGUIFile[/program/mmi_source/01_English/fastgate_7/main_third_green_code.jpg]
12-01 00:00:30 117[I(0)][ui_mainwndnew.c-3417]Index[33]: LoadGUIFile[/program/mmi_source/01_English/fastgate_7/main_third_yellow_code.jpg]
12-01 00:00:30 137[I(0)][ui_mainwndnew.c-3417]Index[34]: LoadGUIFile[/program/mmi_source/01_English/fastgate_7/main_third_red_code.jpg]
12-01 00:00:30 177[I(0)][ui_mainwndnew.c-3417]Index[35]: LoadGUIFile[/program/mmi_source/01_English/fastgate_7/main_TmpLow.jpg]
12-01 00:00:30 207[I(0)][ui_mainwndnew.c-3417]Index[36]: LoadGUIFile[/program/mmi_source/01_English/fastgate_7/main_FailNeedTemp.jpg]
12-01 00:00:30 231[I(0)][ui_mainwndnew.c-3417]Index[37]: LoadGUIFile[/program/mmi_source/01_English/fastgate_7/main_NoAccess_TmpLow.jpg]
12-01 00:00:30 258[I(0)][ui_mainwndnew.c-3417]Index[38]: LoadGUIFile[/program/mmi_source/01_English/fastgate_7/main_TmpLow_Nomask.jpg]
12-01 00:00:30 290[I(0)][ui_mainwndnew.c-3417]Index[39]: LoadGUIFile[/program/mmi_source/01_English/fastgate_7/main_Tmp_Abnormal.jpg]
12-01 00:00:30 312[I(0)][ui_mainwndnew.c-3417]Index[40]: LoadGUIFile[/program/mmi_source/01_English/fastgate_7/main_Tmp_Timeout.jpg]
12-01 00:00:30 332[I(0)][ui_mainwndnew.c-3417]Index[41]: LoadGUIFile[/program/mmi_source/01_English/fastgate_7/main_ID_Recertify.jpg]
12-01 00:00:30 332[E(0)][ui_mainwndnew.c-3420]Load bmp[41] fail
12-01 00:00:30 333[I(0)][ui_mainwndnew.c-3417]Index[42]: LoadGUIFile[/program/mmi_source/01_English/fastgate_7/main_HandRetest.jpg]
12-01 00:00:30 376[I(0)][ui_mainwndnew.c-2085][MMI_TempVerson_ShowProc] Set FirmwareVersion[] FirmwareVersion[]
12-01 00:00:30 376[I(0)][ui_mainwndnew.c-1843]_Mainwnd_ShowLib PersonNum[0][0]
12-01 00:00:30 377[I(0)][ui_mainwndnew.c-3343][Mainwnd_VFMode_ShowProc] Show[Temperature Measurement.] VFNum[0]
12-01 00:00:30 377[I(0)][ui_mainwndnew.c-969]gbDisplayTime [0] gulPhotoNum [1] gbCountEnabled[0]
12-01 00:00:30 378[I(0)][ui_mainwndnew.c-1970][MMI_DeviceIP2_ShowProc] Set MainPort[0] Address[192.168.30.178]
12-01 00:00:30 378[I(0)][ui_mainwndnew.c-3569]OpenMode 1  gbTemperatureMode 1
12-01 00:00:30 378[I(0)][ui_mainwndnew.c-3571][MMI_MainWnd_InitCfg] Ok
12-01 00:00:30 378[E(0)][ui_mainwndnew.c-3755][MMI_init_LogoPic] LoadBitmap[/data/GUIFile/WorkLogo.jpg] Fail[4294967295]
12-01 00:00:30 378[W(0)][ui_mainwndnew.c-2433] screensaver bmp is zero
12-01 00:00:30 378[E(0)][mmi_mw_ctrl.c-831]Open:/data/AutoCall fail
12-01 00:00:30 392[E(0)][ui_SinglePersonInfo.c-549]MMI_Creat_TitleDlg End
12-01 00:00:30 392[I(0)][ui_mainwndnew.c-3822][MMI] _Mainwnd_OnInitDlg Ok
12-01 00:00:30 533[E(0)][ui_title.c-352]_Get_FaceDetStatus_Info 1
12-01 00:00:30 533[E(0)][ui_title.c-353]4g[2] bluetooth[2] WIFI[2]
12-01 00:00:30 539[I(0)][ui_mainwndnew.c-4101]_Mainwnd_PaintDlg Begin
12-01 00:00:30 558[I(0)][ui_mainwndnew.c-3895]TableSize[41] Index[0] Statues[0] BMP[43]
12-01 00:00:30 559[I(0)][ui_mainwndnew.c-4111]_Mainwnd_PaintDlg End
12-01 00:00:33 249[I(0)][ui_mainwndnew.c-2085][MMI_TempVerson_ShowProc] Set FirmwareVersion[] FirmwareVersion[]
12-01 00:00:33 256[I(0)][ui_mainwndnew.c-4101]_Mainwnd_PaintDlg Begin
12-01 00:00:33 256[I(0)][ui_mainwndnew.c-3895]TableSize[41] Index[0] Statues[0] BMP[43]
12-01 00:00:33 256[I(0)][ui_mainwndnew.c-4111]_Mainwnd_PaintDlg End
12-01 00:00:33 686[I(0)][ui_mainwndnew.c-4101]_Mainwnd_PaintDlg Begin
12-01 00:00:33 686[I(0)][ui_mainwndnew.c-3895]TableSize[41] Index[0] Statues[0] BMP[43]
12-01 00:00:33 686[I(0)][ui_mainwndnew.c-4111]_Mainwnd_PaintDlg End
12-01 00:00:40 277[I(0)][ui_mainwndnew.c-2085][MMI_TempVerson_ShowProc] Set FirmwareVersion[] FirmwareVersion[]
12-01 00:00:46 830[I(0)][ui_mainwndnew.c-1843]_Mainwnd_ShowLib PersonNum[0][0]
12-01 00:00:46 839[I(0)][ui_mainwndnew.c-1843]_Mainwnd_ShowLib PersonNum[0][0]
12-01 00:00:46 949[I(0)][ui_mainwndnew.c-1843]_Mainwnd_ShowLib PersonNum[0][0]
12-01 00:00:47 306[I(0)][ui_mainwndnew.c-2085][MMI_TempVerson_ShowProc] Set FirmwareVersion[] FirmwareVersion[]
12-01 00:00:49 967[I(0)][ui_mainwndnew.c-4101]_Mainwnd_PaintDlg Begin
12-01 00:00:49 968[I(0)][ui_mainwndnew.c-3895]TableSize[41] Index[0] Statues[0] BMP[43]
12-01 00:00:49 968[I(0)][ui_mainwndnew.c-4111]_Mainwnd_PaintDlg End
12-01 00:00:52 219[I(0)][ui_mainwndnew.c-1733]SMMI_Passwd_Mode_Proc[0]
12-01 00:00:52 220[I(0)][ui_mainwndnew.c-3343][Mainwnd_VFMode_ShowProc] Show[Please face the camera.] VFNum[2]
12-01 00:00:52 246[I(0)][ui_mainwndnew.c-4101]_Mainwnd_PaintDlg Begin
12-01 00:00:52 246[I(0)][ui_mainwndnew.c-3895]TableSize[41] Index[0] Statues[0] BMP[43]
12-01 00:00:52 247[I(0)][ui_mainwndnew.c-4111]_Mainwnd_PaintDlg End
12-01 00:00:54 337[I(0)][ui_mainwndnew.c-2085][MMI_TempVerson_ShowProc] Set FirmwareVersion[] FirmwareVersion[]
12-01 00:01:01 366[I(0)][ui_mainwndnew.c-2085][MMI_TempVerson_ShowProc] Set FirmwareVersion[] FirmwareVersion[]
12-01 00:01:08 396[I(0)][ui_mainwndnew.c-2085][MMI_TempVerson_ShowProc] Set FirmwareVersion[] FirmwareVersion[]
12-01 00:01:15 427[I(0)][ui_mainwndnew.c-2085][MMI_TempVerson_ShowProc] Set FirmwareVersion[] FirmwareVersion[]
12-01 00:01:22 457[I(0)][ui_mainwndnew.c-2085][MMI_TempVerson_ShowProc] Set FirmwareVersion[] FirmwareVersion[]
12-01 00:01:29 497[I(0)][ui_mainwndnew.c-2085][MMI_TempVerson_ShowProc] Set FirmwareVersion[] FirmwareVersion[]
12-01 00:01:36 529[I(0)][ui_mainwndnew.c-2085][MMI_TempVerson_ShowProc] Set FirmwareVersion[] FirmwareVersion[]
12-01 00:01:43 556[I(0)][ui_mainwndnew.c-2085][MMI_TempVerson_ShowProc] Set FirmwareVersion[] FirmwareVersion[]
12-01 00:01:50 586[I(0)][ui_mainwndnew.c-2085][MMI_TempVerson_ShowProc] Set FirmwareVersion[] FirmwareVersion[]
12-01 00:01:57 617[I(0)][ui_mainwndnew.c-2085][MMI_TempVerson_ShowProc] Set FirmwareVersion[] FirmwareVersion[]
12-01 00:02:04 646[I(0)][ui_mainwndnew.c-2085][MMI_TempVerson_ShowProc] Set FirmwareVersion[] FirmwareVersion[]
12-01 00:02:11 677[I(0)][ui_mainwndnew.c-2085][MMI_TempVerson_ShowProc] Set FirmwareVersion[] FirmwareVersion[]
12-01 00:02:18 717[I(0)][ui_mainwndnew.c-2085][MMI_TempVerson_ShowProc] Set FirmwareVersion[] FirmwareVersion[]
12-01 00:02:25 746[I(0)][ui_mainwndnew.c-2085][MMI_TempVerson_ShowProc] Set FirmwareVersion[] FirmwareVersion[]
12-01 00:02:32 776[I(0)][ui_mainwndnew.c-2085][MMI_TempVerson_ShowProc] Set FirmwareVersion[] FirmwareVersion[]
12-01 00:02:39 807[I(0)][ui_mainwndnew.c-2085][MMI_TempVerson_ShowProc] Set FirmwareVersion[] FirmwareVersion[]
12-01 00:02:46 836[I(0)][ui_mainwndnew.c-2085][MMI_TempVerson_ShowProc] Set FirmwareVersion[] FirmwareVersion[]
12-01 00:02:53 867[I(0)][ui_mainwndnew.c-2085][MMI_TempVerson_ShowProc] Set FirmwareVersion[] FirmwareVersion[]
12-01 00:03:00 916[I(0)][ui_mainwndnew.c-2085][MMI_TempVerson_ShowProc] Set FirmwareVersion[] FirmwareVersion[]
12-01 00:03:07 947[I(0)][ui_mainwndnew.c-2085][MMI_TempVerson_ShowProc] Set FirmwareVersion[] FirmwareVersion[]
12-01 00:03:14 986[I(0)][ui_mainwndnew.c-2085][MMI_TempVerson_ShowProc] Set FirmwareVersion[] FirmwareVersion[]
12-01 00:03:22 017[I(0)][ui_mainwndnew.c-2085][MMI_TempVerson_ShowProc] Set FirmwareVersion[] FirmwareVersion[]
12-01 00:03:29 047[I(0)][ui_mainwndnew.c-2085][MMI_TempVerson_ShowProc] Set FirmwareVersion[] FirmwareVersion[]
12-01 00:03:36 081[I(0)][ui_mainwndnew.c-2085][MMI_TempVerson_ShowProc] Set FirmwareVersion[] FirmwareVersion[]
12-01 00:03:43 106[I(0)][ui_mainwndnew.c-2085][MMI_TempVerson_ShowProc] Set FirmwareVersion[] FirmwareVersion[]
12-01 00:03:50 137[I(0)][ui_mainwndnew.c-2085][MMI_TempVerson_ShowProc] Set FirmwareVersion[] FirmwareVersion[]
12-01 00:03:57 166[I(0)][ui_mainwndnew.c-2085][MMI_TempVerson_ShowProc] Set FirmwareVersion[] FirmwareVersion[]
12-01 00:04:04 197[I(0)][ui_mainwndnew.c-2085][MMI_TempVerson_ShowProc] Set FirmwareVersion[] FirmwareVersion[]
12-01 00:04:11 234[I(0)][ui_mainwndnew.c-2085][MMI_TempVerson_ShowProc] Set FirmwareVersion[] FirmwareVersion[]
12-01 00:04:18 267[I(0)][ui_mainwndnew.c-2085][MMI_TempVerson_ShowProc] Set FirmwareVersion[] FirmwareVersion[]
12-01 00:04:25 298[I(0)][ui_mainwndnew.c-2085][MMI_TempVerson_ShowProc] Set FirmwareVersion[] FirmwareVersion[]
12-01 00:04:32 327[I(0)][ui_mainwndnew.c-2085][MMI_TempVerson_ShowProc] Set FirmwareVersion[] FirmwareVersion[]
12-01 00:04:39 356[I(0)][ui_mainwndnew.c-2085][MMI_TempVerson_ShowProc] Set FirmwareVersion[] FirmwareVersion[]
12-01 00:04:46 389[I(0)][ui_mainwndnew.c-2085][MMI_TempVerson_ShowProc] Set FirmwareVersion[] FirmwareVersion[]
12-01 00:04:53 419[I(0)][ui_mainwndnew.c-2085][MMI_TempVerson_ShowProc] Set FirmwareVersion[] FirmwareVersion[]
12-01 00:05:00 447[I(0)][ui_mainwndnew.c-2085][MMI_TempVerson_ShowProc] Set FirmwareVersion[] FirmwareVersion[]
12-01 00:05:07 486[I(0)][ui_mainwndnew.c-2085][MMI_TempVerson_ShowProc] Set FirmwareVersion[] FirmwareVersion[]
12-01 00:05:14 517[I(0)][ui_mainwndnew.c-2085][MMI_TempVerson_ShowProc] Set FirmwareVersion[] FirmwareVersion[]
12-01 00:05:21 547[I(0)][ui_mainwndnew.c-2085][MMI_TempVerson_ShowProc] Set FirmwareVersion[] FirmwareVersion[]
12-01 00:05:28 578[I(0)][ui_mainwndnew.c-2085][MMI_TempVerson_ShowProc] Set FirmwareVersion[] FirmwareVersion[]
12-01 00:05:35 606[I(0)][ui_mainwndnew.c-2085][MMI_TempVerson_ShowProc] Set FirmwareVersion[] FirmwareVersion[]
12-01 00:05:42 636[I(0)][ui_mainwndnew.c-2085][MMI_TempVerson_ShowProc] Set FirmwareVersion[] FirmwareVersion[]
12-01 00:05:49 667[I(0)][ui_mainwndnew.c-2085][MMI_TempVerson_ShowProc] Set FirmwareVersion[] FirmwareVersion[]
12-01 00:05:56 706[I(0)][ui_mainwndnew.c-2085][MMI_TempVerson_ShowProc] Set FirmwareVersion[] FirmwareVersion[]
12-01 00:06:03 737[I(0)][ui_mainwndnew.c-2085][MMI_TempVerson_ShowProc] Set FirmwareVersion[] FirmwareVersion[]
12-01 00:06:10 768[I(0)][ui_mainwndnew.c-2085][MMI_TempVerson_ShowProc] Set FirmwareVersion[] FirmwareVersion[]
12-01 00:06:17 801[I(0)][ui_mainwndnew.c-2085][MMI_TempVerson_ShowProc] Set FirmwareVersion[] FirmwareVersion[]
12-01 00:06:24 826[I(0)][ui_mainwndnew.c-2085][MMI_TempVerson_ShowProc] Set FirmwareVersion[] FirmwareVersion[]
12-01 00:06:31 857[I(0)][ui_mainwndnew.c-2085][MMI_TempVerson_ShowProc] Set FirmwareVersion[] FirmwareVersion[]
12-01 00:06:38 886[I(0)][ui_mainwndnew.c-2085][MMI_TempVerson_ShowProc] Set FirmwareVersion[] FirmwareVersion[]
12-01 00:06:45 919[I(0)][ui_mainwndnew.c-2085][MMI_TempVerson_ShowProc] Set FirmwareVersion[] FirmwareVersion[]
12-01 00:06:52 946[I(0)][ui_mainwndnew.c-2085][MMI_TempVerson_ShowProc] Set FirmwareVersion[] FirmwareVersion[]
12-01 00:06:59 977[I(0)][ui_mainwndnew.c-2085][MMI_TempVerson_ShowProc] Set FirmwareVersion[] FirmwareVersion[]
12-01 00:07:07 009[I(0)][ui_mainwndnew.c-2085][MMI_TempVerson_ShowProc] Set FirmwareVersion[] FirmwareVersion[]
12-01 00:07:14 036[I(0)][ui_mainwndnew.c-2085][MMI_TempVerson_ShowProc] Set FirmwareVersion[] FirmwareVersion[]
12-01 00:07:21 066[I(0)][ui_mainwndnew.c-2085][MMI_TempVerson_ShowProc] Set FirmwareVersion[] FirmwareVersion[]
12-01 00:07:28 097[I(0)][ui_mainwndnew.c-2085][MMI_TempVerson_ShowProc] Set FirmwareVersion[] FirmwareVersion[]
12-01 00:07:35 127[I(0)][ui_mainwndnew.c-2085][MMI_TempVerson_ShowProc] Set FirmwareVersion[] FirmwareVersion[]
12-01 00:07:42 158[I(0)][ui_mainwndnew.c-2085][MMI_TempVerson_ShowProc] Set FirmwareVersion[] FirmwareVersion[]
12-01 00:07:49 186[I(0)][ui_mainwndnew.c-2085][MMI_TempVerson_ShowProc] Set FirmwareVersion[] FirmwareVersion[]
12-01 00:07:56 280[I(0)][ui_mainwndnew.c-2085][MMI_TempVerson_ShowProc] Set FirmwareVersion[] FirmwareVersion[]
12-01 00:08:03 307[I(0)][ui_mainwndnew.c-2085][MMI_TempVerson_ShowProc] Set FirmwareVersion[] FirmwareVersion[]
12-01 00:08:10 338[I(0)][ui_mainwndnew.c-2085][MMI_TempVerson_ShowProc] Set FirmwareVersion[] FirmwareVersion[]
12-01 00:08:17 366[I(0)][ui_mainwndnew.c-2085][MMI_TempVerson_ShowProc] Set FirmwareVersion[] FirmwareVersion[]
12-01 00:08:24 396[I(0)][ui_mainwndnew.c-2085][MMI_TempVerson_ShowProc] Set FirmwareVersion[] FirmwareVersion[]
12-01 00:08:31 448[I(0)][ui_mainwndnew.c-2085][MMI_TempVerson_ShowProc] Set FirmwareVersion[] FirmwareVersion[]
12-01 00:08:38 486[I(0)][ui_mainwndnew.c-2085][MMI_TempVerson_ShowProc] Set FirmwareVersion[] FirmwareVersion[]
12-01 00:08:45 517[I(0)][ui_mainwndnew.c-2085][MMI_TempVerson_ShowProc] Set FirmwareVersion[] FirmwareVersion[]
12-01 00:08:52 546[I(0)][ui_mainwndnew.c-2085][MMI_TempVerson_ShowProc] Set FirmwareVersion[] FirmwareVersion[]
12-01 00:08:59 578[I(0)][ui_mainwndnew.c-2085][MMI_TempVerson_ShowProc] Set FirmwareVersion[] FirmwareVersion[]
12-01 00:09:06 606[I(0)][ui_mainwndnew.c-2085][MMI_TempVerson_ShowProc] Set FirmwareVersion[] FirmwareVersion[]
12-01 00:09:13 636[I(0)][ui_mainwndnew.c-2085][MMI_TempVerson_ShowProc] Set FirmwareVersion[] FirmwareVersion[]
12-01 00:09:20 670[I(0)][ui_mainwndnew.c-2085][MMI_TempVerson_ShowProc] Set FirmwareVersion[] FirmwareVersion[]
12-01 00:09:27 696[I(0)][ui_mainwndnew.c-2085][MMI_TempVerson_ShowProc] Set FirmwareVersion[] FirmwareVersion[]
12-01 00:09:34 726[I(0)][ui_mainwndnew.c-2085][MMI_TempVerson_ShowProc] Set FirmwareVersion[] FirmwareVersion[]
12-01 00:09:41 757[I(0)][ui_mainwndnew.c-2085][MMI_TempVerson_ShowProc] Set FirmwareVersion[] FirmwareVersion[]
12-01 00:09:48 786[I(0)][ui_mainwndnew.c-2085][MMI_TempVerson_ShowProc] Set FirmwareVersion[] FirmwareVersion[]
12-01 00:09:55 818[I(0)][ui_mainwndnew.c-2085][MMI_TempVerson_ShowProc] Set FirmwareVersion[] FirmwareVersion[]
12-01 00:10:02 847[I(0)][ui_mainwndnew.c-2085][MMI_TempVerson_ShowProc] Set FirmwareVersion[] FirmwareVersion[]
12-01 00:10:09 876[I(0)][ui_mainwndnew.c-2085][MMI_TempVerson_ShowProc] Set FirmwareVersion[] FirmwareVersion[]
12-01 00:10:16 906[I(0)][ui_mainwndnew.c-2085][MMI_TempVerson_ShowProc] Set FirmwareVersion[] FirmwareVersion[]
12-01 00:10:23 936[I(0)][ui_mainwndnew.c-2085][MMI_TempVerson_ShowProc] Set FirmwareVersion[] FirmwareVersion[]
12-01 00:10:30 966[I(0)][ui_mainwndnew.c-2085][MMI_TempVerson_ShowProc] Set FirmwareVersion[] FirmwareVersion[]
12-01 00:10:37 998[I(0)][ui_mainwndnew.c-2085][MMI_TempVerson_ShowProc] Set FirmwareVersion[] FirmwareVersion[]
12-01 00:10:45 026[I(0)][ui_mainwndnew.c-2085][MMI_TempVerson_ShowProc] Set FirmwareVersion[] FirmwareVersion[]
12-01 00:10:52 057[I(0)][ui_mainwndnew.c-2085][MMI_TempVerson_ShowProc] Set FirmwareVersion[] FirmwareVersion[]
12-01 00:10:59 086[I(0)][ui_mainwndnew.c-2085][MMI_TempVerson_ShowProc] Set FirmwareVersion[] FirmwareVersion[]
12-01 00:11:06 116[I(0)][ui_mainwndnew.c-2085][MMI_TempVerson_ShowProc] Set FirmwareVersion[] FirmwareVersion[]
12-01 00:11:13 147[I(0)][ui_mainwndnew.c-2085][MMI_TempVerson_ShowProc] Set FirmwareVersion[] FirmwareVersion[]
12-01 00:11:20 176[I(0)][ui_mainwndnew.c-2085][MMI_TempVerson_ShowProc] Set FirmwareVersion[] FirmwareVersion[]
12-01 00:11:27 208[I(0)][ui_mainwndnew.c-2085][MMI_TempVerson_ShowProc] Set FirmwareVersion[] FirmwareVersion[]
12-01 00:11:34 248[I(0)][ui_mainwndnew.c-2085][MMI_TempVerson_ShowProc] Set FirmwareVersion[] FirmwareVersion[]
12-01 00:11:41 276[I(0)][ui_mainwndnew.c-2085][MMI_TempVerson_ShowProc] Set FirmwareVersion[] FirmwareVersion[]
12-01 00:11:48 307[I(0)][ui_mainwndnew.c-2085][MMI_TempVerson_ShowProc] Set FirmwareVersion[] FirmwareVersion[]
12-01 00:11:55 337[I(0)][ui_mainwndnew.c-2085][MMI_TempVerson_ShowProc] Set FirmwareVersion[] FirmwareVersion[]
12-01 00:12:02 366[I(0)][ui_mainwndnew.c-2085][MMI_TempVerson_ShowProc] Set FirmwareVersion[] FirmwareVersion[]
12-01 00:12:09 398[I(0)][ui_mainwndnew.c-2085][MMI_TempVerson_ShowProc] Set FirmwareVersion[] FirmwareVersion[]
12-01 00:12:16 426[I(0)][ui_mainwndnew.c-2085][MMI_TempVerson_ShowProc] Set FirmwareVersion[] FirmwareVersion[]
12-01 00:12:23 457[I(0)][ui_mainwndnew.c-2085][MMI_TempVerson_ShowProc] Set FirmwareVersion[] FirmwareVersion[]
12-01 00:12:30 488[I(0)][ui_mainwndnew.c-2085][MMI_TempVerson_ShowProc] Set FirmwareVersion[] FirmwareVersion[]
12-01 00:12:37 516[I(0)][ui_mainwndnew.c-2085][MMI_TempVerson_ShowProc] Set FirmwareVersion[] FirmwareVersion[]
12-01 00:12:44 546[I(0)][ui_mainwndnew.c-2085][MMI_TempVerson_ShowProc] Set FirmwareVersion[] FirmwareVersion[]
12-01 00:12:51 576[I(0)][ui_mainwndnew.c-2085][MMI_TempVerson_ShowProc] Set FirmwareVersion[] FirmwareVersion[]
12-01 00:12:58 606[I(0)][ui_mainwndnew.c-2085][MMI_TempVerson_ShowProc] Set FirmwareVersion[] FirmwareVersion[]
12-01 00:13:05 640[I(0)][ui_mainwndnew.c-2085][MMI_TempVerson_ShowProc] Set FirmwareVersion[] FirmwareVersion[]
12-01 00:13:12 668[I(0)][ui_mainwndnew.c-2085][MMI_TempVerson_ShowProc] Set FirmwareVersion[] FirmwareVersion[]
12-01 00:13:19 696[I(0)][ui_mainwndnew.c-2085][MMI_TempVerson_ShowProc] Set FirmwareVersion[] FirmwareVersion[]
12-01 00:13:26 730[I(0)][ui_mainwndnew.c-2085][MMI_TempVerson_ShowProc] Set FirmwareVersion[] FirmwareVersion[]
12-01 00:13:33 757[I(0)][ui_mainwndnew.c-2085][MMI_TempVerson_ShowProc] Set FirmwareVersion[] FirmwareVersion[]
12-01 00:13:40 787[I(0)][ui_mainwndnew.c-2085][MMI_TempVerson_ShowProc] Set FirmwareVersion[] FirmwareVersion[]
12-01 00:13:47 816[I(0)][ui_mainwndnew.c-2085][MMI_TempVerson_ShowProc] Set FirmwareVersion[] FirmwareVersion[]
12-01 00:13:54 846[I(0)][ui_mainwndnew.c-2085][MMI_TempVerson_ShowProc] Set FirmwareVersion[] FirmwareVersion[]
12-01 00:14:01 879[I(0)][ui_mainwndnew.c-2085][MMI_TempVerson_ShowProc] Set FirmwareVersion[] FirmwareVersion[]
12-01 00:14:08 910[I(0)][ui_mainwndnew.c-2085][MMI_TempVerson_ShowProc] Set FirmwareVersion[] FirmwareVersion[]
12-01 00:14:15 937[I(0)][ui_mainwndnew.c-2085][MMI_TempVerson_ShowProc] Set FirmwareVersion[] FirmwareVersion[]
12-01 00:14:22 967[I(0)][ui_mainwndnew.c-2085][MMI_TempVerson_ShowProc] Set FirmwareVersion[] FirmwareVersion[]
12-01 00:14:29 996[I(0)][ui_mainwndnew.c-2085][MMI_TempVerson_ShowProc] Set FirmwareVersion[] FirmwareVersion[]
12-01 00:14:37 031[I(0)][ui_mainwndnew.c-2085][MMI_TempVerson_ShowProc] Set FirmwareVersion[] FirmwareVersion[]
12-01 00:14:44 057[I(0)][ui_mainwndnew.c-2085][MMI_TempVerson_ShowProc] Set FirmwareVersion[] FirmwareVersion[]
12-01 00:14:51 086[I(0)][ui_mainwndnew.c-2085][MMI_TempVerson_ShowProc] Set FirmwareVersion[] FirmwareVersion[]
12-01 00:14:58 118[I(0)][ui_mainwndnew.c-2085][MMI_TempVerson_ShowProc] Set FirmwareVersion[] FirmwareVersion[]
12-01 00:15:05 146[I(0)][ui_mainwndnew.c-2085][MMI_TempVerson_ShowProc] Set FirmwareVersion[] FirmwareVersion[]
12-01 00:15:12 177[I(0)][ui_mainwndnew.c-2085][MMI_TempVerson_ShowProc] Set FirmwareVersion[] FirmwareVersion[]
12-01 00:15:19 207[I(0)][ui_mainwndnew.c-2085][MMI_TempVerson_ShowProc] Set FirmwareVersion[] FirmwareVersion[]
12-01 00:15:26 236[I(0)][ui_mainwndnew.c-2085][MMI_TempVerson_ShowProc] Set FirmwareVersion[] FirmwareVersion[]
12-01 00:15:33 270[I(0)][ui_mainwndnew.c-2085][MMI_TempVerson_ShowProc] Set FirmwareVersion[] FirmwareVersion[]
12-01 00:15:40 296[I(0)][ui_mainwndnew.c-2085][MMI_TempVerson_ShowProc] Set FirmwareVersion[] FirmwareVersion[]
12-01 00:15:47 326[I(0)][ui_mainwndnew.c-2085][MMI_TempVerson_ShowProc] Set FirmwareVersion[] FirmwareVersion[]
12-01 00:15:54 357[I(0)][ui_mainwndnew.c-2085][MMI_TempVerson_ShowProc] Set FirmwareVersion[] FirmwareVersion[]
12-01 00:16:01 386[I(0)][ui_mainwndnew.c-2085][MMI_TempVerson_ShowProc] Set FirmwareVersion[] FirmwareVersion[]
12-01 00:16:08 416[I(0)][ui_mainwndnew.c-2085][MMI_TempVerson_ShowProc] Set FirmwareVersion[] FirmwareVersion[]
12-01 00:16:15 448[I(0)][ui_mainwndnew.c-2085][MMI_TempVerson_ShowProc] Set FirmwareVersion[] FirmwareVersion[]
12-01 00:16:22 476[I(0)][ui_mainwndnew.c-2085][MMI_TempVerson_ShowProc] Set FirmwareVersion[] FirmwareVersion[]
12-01 00:16:29 507[I(0)][ui_mainwndnew.c-2085][MMI_TempVerson_ShowProc] Set FirmwareVersion[] FirmwareVersion[]
12-01 00:16:36 537[I(0)][ui_mainwndnew.c-2085][MMI_TempVerson_ShowProc] Set FirmwareVersion[] FirmwareVersion[]
12-01 00:16:43 566[I(0)][ui_mainwndnew.c-2085][MMI_TempVerson_ShowProc] Set FirmwareVersion[] FirmwareVersion[]
12-01 00:16:50 607[I(0)][ui_mainwndnew.c-2085][MMI_TempVerson_ShowProc] Set FirmwareVersion[] FirmwareVersion[]
12-01 00:16:57 637[I(0)][ui_mainwndnew.c-2085][MMI_TempVerson_ShowProc] Set FirmwareVersion[] FirmwareVersion[]
12-01 00:17:04 666[I(0)][ui_mainwndnew.c-2085][MMI_TempVerson_ShowProc] Set FirmwareVersion[] FirmwareVersion[]
12-01 00:17:11 707[I(0)][ui_mainwndnew.c-2085][MMI_TempVerson_ShowProc] Set FirmwareVersion[] FirmwareVersion[]
12-01 00:17:18 737[I(0)][ui_mainwndnew.c-2085][MMI_TempVerson_ShowProc] Set FirmwareVersion[] FirmwareVersion[]
12-01 00:17:25 766[I(0)][ui_mainwndnew.c-2085][MMI_TempVerson_ShowProc] Set FirmwareVersion[] FirmwareVersion[]
12-01 00:17:32 798[I(0)][ui_mainwndnew.c-2085][MMI_TempVerson_ShowProc] Set FirmwareVersion[] FirmwareVersion[]
12-01 00:17:39 826[I(0)][ui_mainwndnew.c-2085][MMI_TempVerson_ShowProc] Set FirmwareVersion[] FirmwareVersion[]
12-01 00:17:46 857[I(0)][ui_mainwndnew.c-2085][MMI_TempVerson_ShowProc] Set FirmwareVersion[] FirmwareVersion[]
12-01 00:17:53 889[I(0)][ui_mainwndnew.c-2085][MMI_TempVerson_ShowProc] Set FirmwareVersion[] FirmwareVersion[]
12-01 00:18:00 916[I(0)][ui_mainwndnew.c-2085][MMI_TempVerson_ShowProc] Set FirmwareVersion[] FirmwareVersion[]
12-01 00:18:07 948[I(0)][ui_mainwndnew.c-2085][MMI_TempVerson_ShowProc] Set FirmwareVersion[] FirmwareVersion[]
12-01 00:18:14 977[I(0)][ui_mainwndnew.c-2085][MMI_TempVerson_ShowProc] Set FirmwareVersion[] FirmwareVersion[]
12-01 00:18:22 007[I(0)][ui_mainwndnew.c-2085][MMI_TempVerson_ShowProc] Set FirmwareVersion[] FirmwareVersion[]
12-01 00:18:29 038[I(0)][ui_mainwndnew.c-2085][MMI_TempVerson_ShowProc] Set FirmwareVersion[] FirmwareVersion[]
12-01 00:18:36 066[I(0)][ui_mainwndnew.c-2085][MMI_TempVerson_ShowProc] Set FirmwareVersion[] FirmwareVersion[]
12-01 00:18:43 096[I(0)][ui_mainwndnew.c-2085][MMI_TempVerson_ShowProc] Set FirmwareVersion[] FirmwareVersion[]
12-01 00:18:50 128[I(0)][ui_mainwndnew.c-2085][MMI_TempVerson_ShowProc] Set FirmwareVersion[] FirmwareVersion[]
12-01 00:18:57 156[I(0)][ui_mainwndnew.c-2085][MMI_TempVerson_ShowProc] Set FirmwareVersion[] FirmwareVersion[]
12-01 00:19:04 187[I(0)][ui_mainwndnew.c-2085][MMI_TempVerson_ShowProc] Set FirmwareVersion[] FirmwareVersion[]
12-01 00:19:11 236[I(0)][ui_mainwndnew.c-2085][MMI_TempVerson_ShowProc] Set FirmwareVersion[] FirmwareVersion[]
12-01 00:19:18 268[I(0)][ui_mainwndnew.c-2085][MMI_TempVerson_ShowProc] Set FirmwareVersion[] FirmwareVersion[]
12-01 00:19:25 297[I(0)][ui_mainwndnew.c-2085][MMI_TempVerson_ShowProc] Set FirmwareVersion[] FirmwareVersion[]
12-01 00:19:32 327[I(0)][ui_mainwndnew.c-2085][MMI_TempVerson_ShowProc] Set FirmwareVersion[] FirmwareVersion[]
12-01 00:19:39 356[I(0)][ui_mainwndnew.c-2085][MMI_TempVerson_ShowProc] Set FirmwareVersion[] FirmwareVersion[]
12-01 00:19:46 386[I(0)][ui_mainwndnew.c-2085][MMI_TempVerson_ShowProc] Set FirmwareVersion[] FirmwareVersion[]
12-01 00:19:53 418[I(0)][ui_mainwndnew.c-2085][MMI_TempVerson_ShowProc] Set FirmwareVersion[] FirmwareVersion[]
12-01 00:20:00 486[I(0)][ui_mainwndnew.c-2085][MMI_TempVerson_ShowProc] Set FirmwareVersion[] FirmwareVersion[]
12-01 00:20:07 517[I(0)][ui_mainwndnew.c-2085][MMI_TempVerson_ShowProc] Set FirmwareVersion[] FirmwareVersion[]
12-01 00:20:14 547[I(0)][ui_mainwndnew.c-2085][MMI_TempVerson_ShowProc] Set FirmwareVersion[] FirmwareVersion[]
12-01 00:20:21 576[I(0)][ui_mainwndnew.c-2085][MMI_TempVerson_ShowProc] Set FirmwareVersion[] FirmwareVersion[]
12-01 00:20:28 607[I(0)][ui_mainwndnew.c-2085][MMI_TempVerson_ShowProc] Set FirmwareVersion[] FirmwareVersion[]
12-01 00:20:35 643[I(0)][ui_mainwndnew.c-2085][MMI_TempVerson_ShowProc] Set FirmwareVersion[] FirmwareVersion[]
12-01 00:20:42 666[I(0)][ui_mainwndnew.c-2085][MMI_TempVerson_ShowProc] Set FirmwareVersion[] FirmwareVersion[]
12-01 00:20:49 707[I(0)][ui_mainwndnew.c-2085][MMI_TempVerson_ShowProc] Set FirmwareVersion[] FirmwareVersion[]
12-01 00:20:56 738[I(0)][ui_mainwndnew.c-2085][MMI_TempVerson_ShowProc] Set FirmwareVersion[] FirmwareVersion[]
12-01 00:21:03 766[I(0)][ui_mainwndnew.c-2085][MMI_TempVerson_ShowProc] Set FirmwareVersion[] FirmwareVersion[]
12-01 00:21:10 799[I(0)][ui_mainwndnew.c-2085][MMI_TempVerson_ShowProc] Set FirmwareVersion[] FirmwareVersion[]
12-01 00:21:17 827[I(0)][ui_mainwndnew.c-2085][MMI_TempVerson_ShowProc] Set FirmwareVersion[] FirmwareVersion[]
12-01 00:21:24 856[I(0)][ui_mainwndnew.c-2085][MMI_TempVerson_ShowProc] Set FirmwareVersion[] FirmwareVersion[]
12-01 00:21:31 887[I(0)][ui_mainwndnew.c-2085][MMI_TempVerson_ShowProc] Set FirmwareVersion[] FirmwareVersion[]
12-01 00:21:38 916[I(0)][ui_mainwndnew.c-2085][MMI_TempVerson_ShowProc] Set FirmwareVersion[] FirmwareVersion[]
12-01 00:21:45 947[I(0)][ui_mainwndnew.c-2085][MMI_TempVerson_ShowProc] Set FirmwareVersion[] FirmwareVersion[]
12-01 00:21:52 977[I(0)][ui_mainwndnew.c-2085][MMI_TempVerson_ShowProc] Set FirmwareVersion[] FirmwareVersion[]
12-01 00:22:00 007[I(0)][ui_mainwndnew.c-2085][MMI_TempVerson_ShowProc] Set FirmwareVersion[] FirmwareVersion[]
12-01 00:22:07 042[I(0)][ui_mainwndnew.c-2085][MMI_TempVerson_ShowProc] Set FirmwareVersion[] FirmwareVersion[]
12-01 00:22:14 066[I(0)][ui_mainwndnew.c-2085][MMI_TempVerson_ShowProc] Set FirmwareVersion[] FirmwareVersion[]
12-01 00:22:21 096[I(0)][ui_mainwndnew.c-2085][MMI_TempVerson_ShowProc] Set FirmwareVersion[] FirmwareVersion[]
12-01 00:22:28 127[I(0)][ui_mainwndnew.c-2085][MMI_TempVerson_ShowProc] Set FirmwareVersion[] FirmwareVersion[]
12-01 00:22:35 156[I(0)][ui_mainwndnew.c-2085][MMI_TempVerson_ShowProc] Set FirmwareVersion[] FirmwareVersion[]
12-01 00:22:42 187[I(0)][ui_mainwndnew.c-2085][MMI_TempVerson_ShowProc] Set FirmwareVersion[] FirmwareVersion[]
12-01 00:22:49 216[I(0)][ui_mainwndnew.c-2085][MMI_TempVerson_ShowProc] Set FirmwareVersion[] FirmwareVersion[]
12-01 00:22:56 247[I(0)][ui_mainwndnew.c-2085][MMI_TempVerson_ShowProc] Set FirmwareVersion[] FirmwareVersion[]
12-01 00:23:03 279[I(0)][ui_mainwndnew.c-2085][MMI_TempVerson_ShowProc] Set FirmwareVersion[] FirmwareVersion[]
12-01 00:23:10 307[I(0)][ui_mainwndnew.c-2085][MMI_TempVerson_ShowProc] Set FirmwareVersion[] FirmwareVersion[]
12-01 00:23:17 336[I(0)][ui_mainwndnew.c-2085][MMI_TempVerson_ShowProc] Set FirmwareVersion[] FirmwareVersion[]
12-01 00:23:24 368[I(0)][ui_mainwndnew.c-2085][MMI_TempVerson_ShowProc] Set FirmwareVersion[] FirmwareVersion[]
12-01 00:23:31 396[I(0)][ui_mainwndnew.c-2085][MMI_TempVerson_ShowProc] Set FirmwareVersion[] FirmwareVersion[]
12-01 00:23:38 428[I(0)][ui_mainwndnew.c-2085][MMI_TempVerson_ShowProc] Set FirmwareVersion[] FirmwareVersion[]
12-01 00:23:45 456[I(0)][ui_mainwndnew.c-2085][MMI_TempVerson_ShowProc] Set FirmwareVersion[] FirmwareVersion[]
12-01 00:23:52 487[I(0)][ui_mainwndnew.c-2085][MMI_TempVerson_ShowProc] Set FirmwareVersion[] FirmwareVersion[]
12-01 00:23:59 518[I(0)][ui_mainwndnew.c-2085][MMI_TempVerson_ShowProc] Set FirmwareVersion[] FirmwareVersion[]
12-01 00:24:06 546[I(0)][ui_mainwndnew.c-2085][MMI_TempVerson_ShowProc] Set FirmwareVersion[] FirmwareVersion[]
12-01 00:24:13 576[I(0)][ui_mainwndnew.c-2085][MMI_TempVerson_ShowProc] Set FirmwareVersion[] FirmwareVersion[]
12-01 00:24:20 607[I(0)][ui_mainwndnew.c-2085][MMI_TempVerson_ShowProc] Set FirmwareVersion[] FirmwareVersion[]
12-01 00:24:27 636[I(0)][ui_mainwndnew.c-2085][MMI_TempVerson_ShowProc] Set FirmwareVersion[] FirmwareVersion[]
12-01 00:24:34 668[I(0)][ui_mainwndnew.c-2085][MMI_TempVerson_ShowProc] Set FirmwareVersion[] FirmwareVersion[]
12-01 00:24:41 696[I(0)][ui_mainwndnew.c-2085][MMI_TempVerson_ShowProc] Set FirmwareVersion[] FirmwareVersion[]
12-01 00:24:48 727[I(0)][ui_mainwndnew.c-2085][MMI_TempVerson_ShowProc] Set FirmwareVersion[] FirmwareVersion[]
12-01 00:24:55 768[I(0)][ui_mainwndnew.c-2085][MMI_TempVerson_ShowProc] Set FirmwareVersion[] FirmwareVersion[]
12-01 00:25:02 797[I(0)][ui_mainwndnew.c-2085][MMI_TempVerson_ShowProc] Set FirmwareVersion[] FirmwareVersion[]
12-01 00:25:09 826[I(0)][ui_mainwndnew.c-2085][MMI_TempVerson_ShowProc] Set FirmwareVersion[] FirmwareVersion[]
12-01 00:25:16 858[I(0)][ui_mainwndnew.c-2085][MMI_TempVerson_ShowProc] Set FirmwareVersion[] FirmwareVersion[]
12-01 00:25:23 886[I(0)][ui_mainwndnew.c-2085][MMI_TempVerson_ShowProc] Set FirmwareVersion[] FirmwareVersion[]
12-01 00:25:30 916[I(0)][ui_mainwndnew.c-2085][MMI_TempVerson_ShowProc] Set FirmwareVersion[] FirmwareVersion[]
12-01 00:25:37 947[I(0)][ui_mainwndnew.c-2085][MMI_TempVerson_ShowProc] Set FirmwareVersion[] FirmwareVersion[]
12-01 00:25:44 986[I(0)][ui_mainwndnew.c-2085][MMI_TempVerson_ShowProc] Set FirmwareVersion[] FirmwareVersion[]
12-01 00:25:52 018[I(0)][ui_mainwndnew.c-2085][MMI_TempVerson_ShowProc] Set FirmwareVersion[] FirmwareVersion[]
12-01 00:25:59 049[I(0)][ui_mainwndnew.c-2085][MMI_TempVerson_ShowProc] Set FirmwareVersion[] FirmwareVersion[]
12-01 00:26:06 076[I(0)][ui_mainwndnew.c-2085][MMI_TempVerson_ShowProc] Set FirmwareVersion[] FirmwareVersion[]
12-01 00:26:13 107[I(0)][ui_mainwndnew.c-2085][MMI_TempVerson_ShowProc] Set FirmwareVersion[] FirmwareVersion[]
12-01 00:26:20 136[I(0)][ui_mainwndnew.c-2085][MMI_TempVerson_ShowProc] Set FirmwareVersion[] FirmwareVersion[]
12-01 00:26:27 167[I(0)][ui_mainwndnew.c-2085][MMI_TempVerson_ShowProc] Set FirmwareVersion[] FirmwareVersion[]
12-01 00:26:34 198[I(0)][ui_mainwndnew.c-2085][MMI_TempVerson_ShowProc] Set FirmwareVersion[] FirmwareVersion[]
12-01 00:26:41 226[I(0)][ui_mainwndnew.c-2085][MMI_TempVerson_ShowProc] Set FirmwareVersion[] FirmwareVersion[]
12-01 00:26:48 256[I(0)][ui_mainwndnew.c-2085][MMI_TempVerson_ShowProc] Set FirmwareVersion[] FirmwareVersion[]
12-01 00:26:55 293[I(0)][ui_mainwndnew.c-2085][MMI_TempVerson_ShowProc] Set FirmwareVersion[] FirmwareVersion[]
12-01 00:27:02 316[I(0)][ui_mainwndnew.c-2085][MMI_TempVerson_ShowProc] Set FirmwareVersion[] FirmwareVersion[]
12-01 00:27:09 347[I(0)][ui_mainwndnew.c-2085][MMI_TempVerson_ShowProc] Set FirmwareVersion[] FirmwareVersion[]
12-01 00:27:16 377[I(0)][ui_mainwndnew.c-2085][MMI_TempVerson_ShowProc] Set FirmwareVersion[] FirmwareVersion[]
12-01 00:27:23 406[I(0)][ui_mainwndnew.c-2085][MMI_TempVerson_ShowProc] Set FirmwareVersion[] FirmwareVersion[]
12-01 00:27:30 439[I(0)][ui_mainwndnew.c-2085][MMI_TempVerson_ShowProc] Set FirmwareVersion[] FirmwareVersion[]
12-01 00:27:37 466[I(0)][ui_mainwndnew.c-2085][MMI_TempVerson_ShowProc] Set FirmwareVersion[] FirmwareVersion[]
12-01 00:27:44 497[I(0)][ui_mainwndnew.c-2085][MMI_TempVerson_ShowProc] Set FirmwareVersion[] FirmwareVersion[]
12-01 00:27:51 527[I(0)][ui_mainwndnew.c-2085][MMI_TempVerson_ShowProc] Set FirmwareVersion[] FirmwareVersion[]
12-01 00:27:58 556[I(0)][ui_mainwndnew.c-2085][MMI_TempVerson_ShowProc] Set FirmwareVersion[] FirmwareVersion[]
12-01 00:28:05 587[I(0)][ui_mainwndnew.c-2085][MMI_TempVerson_ShowProc] Set FirmwareVersion[] FirmwareVersion[]
12-01 00:28:12 617[I(0)][ui_mainwndnew.c-2085][MMI_TempVerson_ShowProc] Set FirmwareVersion[] FirmwareVersion[]
12-01 00:28:19 646[I(0)][ui_mainwndnew.c-2085][MMI_TempVerson_ShowProc] Set FirmwareVersion[] FirmwareVersion[]
12-01 00:28:26 678[I(0)][ui_mainwndnew.c-2085][MMI_TempVerson_ShowProc] Set FirmwareVersion[] FirmwareVersion[]
12-01 00:28:33 706[I(0)][ui_mainwndnew.c-2085][MMI_TempVerson_ShowProc] Set FirmwareVersion[] FirmwareVersion[]
12-01 00:28:40 736[I(0)][ui_mainwndnew.c-2085][MMI_TempVerson_ShowProc] Set FirmwareVersion[] FirmwareVersion[]
12-01 00:28:47 767[I(0)][ui_mainwndnew.c-2085][MMI_TempVerson_ShowProc] Set FirmwareVersion[] FirmwareVersion[]
12-01 00:28:54 798[I(0)][ui_mainwndnew.c-2085][MMI_TempVerson_ShowProc] Set FirmwareVersion[] FirmwareVersion[]
12-01 00:29:01 828[I(0)][ui_mainwndnew.c-2085][MMI_TempVerson_ShowProc] Set FirmwareVersion[] FirmwareVersion[]
12-01 00:29:08 856[I(0)][ui_mainwndnew.c-2085][MMI_TempVerson_ShowProc] Set FirmwareVersion[] FirmwareVersion[]
12-01 00:29:15 886[I(0)][ui_mainwndnew.c-2085][MMI_TempVerson_ShowProc] Set FirmwareVersion[] FirmwareVersion[]
12-01 00:29:22 918[I(0)][ui_mainwndnew.c-2085][MMI_TempVerson_ShowProc] Set FirmwareVersion[] FirmwareVersion[]
12-01 00:29:29 946[I(0)][ui_mainwndnew.c-2085][MMI_TempVerson_ShowProc] Set FirmwareVersion[] FirmwareVersion[]
12-01 00:29:36 977[I(0)][ui_mainwndnew.c-2085][MMI_TempVerson_ShowProc] Set FirmwareVersion[] FirmwareVersion[]
12-01 00:29:44 009[I(0)][ui_mainwndnew.c-2085][MMI_TempVerson_ShowProc] Set FirmwareVersion[] FirmwareVersion[]
12-01 00:29:51 058[I(0)][ui_mainwndnew.c-2085][MMI_TempVerson_ShowProc] Set FirmwareVersion[] FirmwareVersion[]
12-01 00:29:58 086[I(0)][ui_mainwndnew.c-2085][MMI_TempVerson_ShowProc] Set FirmwareVersion[] FirmwareVersion[]
12-01 00:30:05 116[I(0)][ui_mainwndnew.c-2085][MMI_TempVerson_ShowProc] Set FirmwareVersion[] FirmwareVersion[]
12-01 00:30:12 147[I(0)][ui_mainwndnew.c-2085][MMI_TempVerson_ShowProc] Set FirmwareVersion[] FirmwareVersion[]
12-01 00:30:19 176[I(0)][ui_mainwndnew.c-2085][MMI_TempVerson_ShowProc] Set FirmwareVersion[] FirmwareVersion[]
12-01 00:30:26 217[I(0)][ui_mainwndnew.c-2085][MMI_TempVerson_ShowProc] Set FirmwareVersion[] FirmwareVersion[]
12-01 00:30:33 257[I(0)][ui_mainwndnew.c-2085][MMI_TempVerson_ShowProc] Set FirmwareVersion[] FirmwareVersion[]
12-01 00:30:40 287[I(0)][ui_mainwndnew.c-2085][MMI_TempVerson_ShowProc] Set FirmwareVersion[] FirmwareVersion[]
12-01 00:30:47 316[I(0)][ui_mainwndnew.c-2085][MMI_TempVerson_ShowProc] Set FirmwareVersion[] FirmwareVersion[]
12-01 00:30:54 348[I(0)][ui_mainwndnew.c-2085][MMI_TempVerson_ShowProc] Set FirmwareVersion[] FirmwareVersion[]
12-01 00:31:01 376[I(0)][ui_mainwndnew.c-2085][MMI_TempVerson_ShowProc] Set FirmwareVersion[] FirmwareVersion[]
12-01 00:31:08 406[I(0)][ui_mainwndnew.c-2085][MMI_TempVerson_ShowProc] Set FirmwareVersion[] FirmwareVersion[]
12-01 00:31:15 437[I(0)][ui_mainwndnew.c-2085][MMI_TempVerson_ShowProc] Set FirmwareVersion[] FirmwareVersion[]
12-01 00:31:22 466[I(0)][ui_mainwndnew.c-2085][MMI_TempVerson_ShowProc] Set FirmwareVersion[] FirmwareVersion[]
12-01 00:31:29 506[I(0)][ui_mainwndnew.c-2085][MMI_TempVerson_ShowProc] Set FirmwareVersion[] FirmwareVersion[]
12-01 00:31:36 538[I(0)][ui_mainwndnew.c-2085][MMI_TempVerson_ShowProc] Set FirmwareVersion[] FirmwareVersion[]
12-01 00:31:43 566[I(0)][ui_mainwndnew.c-2085][MMI_TempVerson_ShowProc] Set FirmwareVersion[] FirmwareVersion[]
12-01 00:31:50 597[I(0)][ui_mainwndnew.c-2085][MMI_TempVerson_ShowProc] Set FirmwareVersion[] FirmwareVersion[]
12-01 00:31:57 626[I(0)][ui_mainwndnew.c-2085][MMI_TempVerson_ShowProc] Set FirmwareVersion[] FirmwareVersion[]
12-01 00:32:04 656[I(0)][ui_mainwndnew.c-2085][MMI_TempVerson_ShowProc] Set FirmwareVersion[] FirmwareVersion[]
12-01 00:32:11 687[I(0)][ui_mainwndnew.c-2085][MMI_TempVerson_ShowProc] Set FirmwareVersion[] FirmwareVersion[]
12-01 00:32:18 716[I(0)][ui_mainwndnew.c-2085][MMI_TempVerson_ShowProc] Set FirmwareVersion[] FirmwareVersion[]
12-01 00:32:25 757[I(0)][ui_mainwndnew.c-2085][MMI_TempVerson_ShowProc] Set FirmwareVersion[] FirmwareVersion[]
12-01 00:32:32 790[I(0)][ui_mainwndnew.c-2085][MMI_TempVerson_ShowProc] Set FirmwareVersion[] FirmwareVersion[]
12-01 00:32:39 817[I(0)][ui_mainwndnew.c-2085][MMI_TempVerson_ShowProc] Set FirmwareVersion[] FirmwareVersion[]
12-01 00:32:46 846[I(0)][ui_mainwndnew.c-2085][MMI_TempVerson_ShowProc] Set FirmwareVersion[] FirmwareVersion[]
12-01 00:32:53 878[I(0)][ui_mainwndnew.c-2085][MMI_TempVerson_ShowProc] Set FirmwareVersion[] FirmwareVersion[]
12-01 00:33:00 906[I(0)][ui_mainwndnew.c-2085][MMI_TempVerson_ShowProc] Set FirmwareVersion[] FirmwareVersion[]
12-01 00:33:07 936[I(0)][ui_mainwndnew.c-2085][MMI_TempVerson_ShowProc] Set FirmwareVersion[] FirmwareVersion[]
12-01 00:33:14 969[I(0)][ui_mainwndnew.c-2085][MMI_TempVerson_ShowProc] Set FirmwareVersion[] FirmwareVersion[]
12-01 00:33:21 997[I(0)][ui_mainwndnew.c-2085][MMI_TempVerson_ShowProc] Set FirmwareVersion[] FirmwareVersion[]
12-01 00:33:29 036[I(0)][ui_mainwndnew.c-2085][MMI_TempVerson_ShowProc] Set FirmwareVersion[] FirmwareVersion[]
12-01 00:33:36 069[I(0)][ui_mainwndnew.c-2085][MMI_TempVerson_ShowProc] Set FirmwareVersion[] FirmwareVersion[]
12-01 00:33:43 096[I(0)][ui_mainwndnew.c-2085][MMI_TempVerson_ShowProc] Set FirmwareVersion[] FirmwareVersion[]
12-01 00:33:50 126[I(0)][ui_mainwndnew.c-2085][MMI_TempVerson_ShowProc] Set FirmwareVersion[] FirmwareVersion[]
12-01 00:33:57 157[I(0)][ui_mainwndnew.c-2085][MMI_TempVerson_ShowProc] Set FirmwareVersion[] FirmwareVersion[]
12-01 00:34:04 186[I(0)][ui_mainwndnew.c-2085][MMI_TempVerson_ShowProc] Set FirmwareVersion[] FirmwareVersion[]
12-01 00:34:11 236[I(0)][ui_mainwndnew.c-2085][MMI_TempVerson_ShowProc] Set FirmwareVersion[] FirmwareVersion[]
12-01 00:34:18 267[I(0)][ui_mainwndnew.c-2085][MMI_TempVerson_ShowProc] Set FirmwareVersion[] FirmwareVersion[]
12-01 00:34:25 297[I(0)][ui_mainwndnew.c-2085][MMI_TempVerson_ShowProc] Set FirmwareVersion[] FirmwareVersion[]
12-01 00:34:32 326[I(0)][ui_mainwndnew.c-2085][MMI_TempVerson_ShowProc] Set FirmwareVersion[] FirmwareVersion[]
12-01 00:34:39 357[I(0)][ui_mainwndnew.c-2085][MMI_TempVerson_ShowProc] Set FirmwareVersion[] FirmwareVersion[]
12-01 00:34:46 386[I(0)][ui_mainwndnew.c-2085][MMI_TempVerson_ShowProc] Set FirmwareVersion[] FirmwareVersion[]
12-01 00:34:53 416[I(0)][ui_mainwndnew.c-2085][MMI_TempVerson_ShowProc] Set FirmwareVersion[] FirmwareVersion[]
12-01 00:35:00 451[I(0)][ui_mainwndnew.c-2085][MMI_TempVerson_ShowProc] Set FirmwareVersion[] FirmwareVersion[]
12-01 00:35:07 476[I(0)][ui_mainwndnew.c-2085][MMI_TempVerson_ShowProc] Set FirmwareVersion[] FirmwareVersion[]
12-01 00:35:14 507[I(0)][ui_mainwndnew.c-2085][MMI_TempVerson_ShowProc] Set FirmwareVersion[] FirmwareVersion[]
12-01 00:35:21 539[I(0)][ui_mainwndnew.c-2085][MMI_TempVerson_ShowProc] Set FirmwareVersion[] FirmwareVersion[]
12-01 00:35:28 566[I(0)][ui_mainwndnew.c-2085][MMI_TempVerson_ShowProc] Set FirmwareVersion[] FirmwareVersion[]
12-01 00:35:35 598[I(0)][ui_mainwndnew.c-2085][MMI_TempVerson_ShowProc] Set FirmwareVersion[] FirmwareVersion[]
12-01 00:35:42 626[I(0)][ui_mainwndnew.c-2085][MMI_TempVerson_ShowProc] Set FirmwareVersion[] FirmwareVersion[]
12-01 00:35:49 656[I(0)][ui_mainwndnew.c-2085][MMI_TempVerson_ShowProc] Set FirmwareVersion[] FirmwareVersion[]
12-01 00:35:56 697[I(0)][ui_mainwndnew.c-2085][MMI_TempVerson_ShowProc] Set FirmwareVersion[] FirmwareVersion[]
12-01 00:36:03 728[I(0)][ui_mainwndnew.c-2085][MMI_TempVerson_ShowProc] Set FirmwareVersion[] FirmwareVersion[]
12-01 00:36:10 756[I(0)][ui_mainwndnew.c-2085][MMI_TempVerson_ShowProc] Set FirmwareVersion[] FirmwareVersion[]
12-01 00:36:17 791[I(0)][ui_mainwndnew.c-2085][MMI_TempVerson_ShowProc] Set FirmwareVersion[] FirmwareVersion[]
12-01 00:36:24 819[I(0)][ui_mainwndnew.c-2085][MMI_TempVerson_ShowProc] Set FirmwareVersion[] FirmwareVersion[]
12-01 00:36:31 846[I(0)][ui_mainwndnew.c-2085][MMI_TempVerson_ShowProc] Set FirmwareVersion[] FirmwareVersion[]
12-01 00:36:38 878[I(0)][ui_mainwndnew.c-2085][MMI_TempVerson_ShowProc] Set FirmwareVersion[] FirmwareVersion[]
12-01 00:36:45 906[I(0)][ui_mainwndnew.c-2085][MMI_TempVerson_ShowProc] Set FirmwareVersion[] FirmwareVersion[]
12-01 00:36:52 937[I(0)][ui_mainwndnew.c-2085][MMI_TempVerson_ShowProc] Set FirmwareVersion[] FirmwareVersion[]
12-01 00:36:59 971[I(0)][ui_mainwndnew.c-2085][MMI_TempVerson_ShowProc] Set FirmwareVersion[] FirmwareVersion[]
12-01 00:37:06 997[I(0)][ui_mainwndnew.c-2085][MMI_TempVerson_ShowProc] Set FirmwareVersion[] FirmwareVersion[]
12-01 00:37:14 036[I(0)][ui_mainwndnew.c-2085][MMI_TempVerson_ShowProc] Set FirmwareVersion[] FirmwareVersion[]
12-01 00:37:21 067[I(0)][ui_mainwndnew.c-2085][MMI_TempVerson_ShowProc] Set FirmwareVersion[] FirmwareVersion[]
12-01 00:37:28 096[I(0)][ui_mainwndnew.c-2085][MMI_TempVerson_ShowProc] Set FirmwareVersion[] FirmwareVersion[]
12-01 00:37:35 127[I(0)][ui_mainwndnew.c-2085][MMI_TempVerson_ShowProc] Set FirmwareVersion[] FirmwareVersion[]
12-01 00:37:42 156[I(0)][ui_mainwndnew.c-2085][MMI_TempVerson_ShowProc] Set FirmwareVersion[] FirmwareVersion[]
12-01 00:37:49 187[I(0)][ui_mainwndnew.c-2085][MMI_TempVerson_ShowProc] Set FirmwareVersion[] FirmwareVersion[]
12-01 00:37:56 246[I(0)][ui_mainwndnew.c-2085][MMI_TempVerson_ShowProc] Set FirmwareVersion[] FirmwareVersion[]
12-01 00:38:03 276[I(0)][ui_mainwndnew.c-2085][MMI_TempVerson_ShowProc] Set FirmwareVersion[] FirmwareVersion[]
12-01 00:38:10 314[I(0)][ui_mainwndnew.c-2085][MMI_TempVerson_ShowProc] Set FirmwareVersion[] FirmwareVersion[]
12-01 00:38:17 336[I(0)][ui_mainwndnew.c-2085][MMI_TempVerson_ShowProc] Set FirmwareVersion[] FirmwareVersion[]
12-01 00:38:24 366[I(0)][ui_mainwndnew.c-2085][MMI_TempVerson_ShowProc] Set FirmwareVersion[] FirmwareVersion[]
12-01 00:38:31 396[I(0)][ui_mainwndnew.c-2085][MMI_TempVerson_ShowProc] Set FirmwareVersion[] FirmwareVersion[]
12-01 00:38:38 426[I(0)][ui_mainwndnew.c-2085][MMI_TempVerson_ShowProc] Set FirmwareVersion[] FirmwareVersion[]
12-01 00:38:45 460[I(0)][ui_mainwndnew.c-2085][MMI_TempVerson_ShowProc] Set FirmwareVersion[] FirmwareVersion[]
12-01 00:38:52 486[I(0)][ui_mainwndnew.c-2085][MMI_TempVerson_ShowProc] Set FirmwareVersion[] FirmwareVersion[]
12-01 00:38:59 516[I(0)][ui_mainwndnew.c-2085][MMI_TempVerson_ShowProc] Set FirmwareVersion[] FirmwareVersion[]
12-01 00:39:06 546[I(0)][ui_mainwndnew.c-2085][MMI_TempVerson_ShowProc] Set FirmwareVersion[] FirmwareVersion[]
12-01 00:39:13 576[I(0)][ui_mainwndnew.c-2085][MMI_TempVerson_ShowProc] Set FirmwareVersion[] FirmwareVersion[]
12-01 00:39:20 607[I(0)][ui_mainwndnew.c-2085][MMI_TempVerson_ShowProc] Set FirmwareVersion[] FirmwareVersion[]
12-01 00:39:27 638[I(0)][ui_mainwndnew.c-2085][MMI_TempVerson_ShowProc] Set FirmwareVersion[] FirmwareVersion[]
12-01 00:39:34 667[I(0)][ui_mainwndnew.c-2085][MMI_TempVerson_ShowProc] Set FirmwareVersion[] FirmwareVersion[]
12-01 00:39:41 698[I(0)][ui_mainwndnew.c-2085][MMI_TempVerson_ShowProc] Set FirmwareVersion[] FirmwareVersion[]
12-01 00:39:48 727[I(0)][ui_mainwndnew.c-2085][MMI_TempVerson_ShowProc] Set FirmwareVersion[] FirmwareVersion[]
12-01 00:39:55 757[I(0)][ui_mainwndnew.c-2085][MMI_TempVerson_ShowProc] Set FirmwareVersion[] FirmwareVersion[]
12-01 00:40:02 797[I(0)][ui_mainwndnew.c-2085][MMI_TempVerson_ShowProc] Set FirmwareVersion[] FirmwareVersion[]
12-01 00:40:09 826[I(0)][ui_mainwndnew.c-2085][MMI_TempVerson_ShowProc] Set FirmwareVersion[] FirmwareVersion[]
12-01 00:40:16 856[I(0)][ui_mainwndnew.c-2085][MMI_TempVerson_ShowProc] Set FirmwareVersion[] FirmwareVersion[]
12-01 00:40:23 888[I(0)][ui_mainwndnew.c-2085][MMI_TempVerson_ShowProc] Set FirmwareVersion[] FirmwareVersion[]
12-01 00:40:30 920[I(0)][ui_mainwndnew.c-2085][MMI_TempVerson_ShowProc] Set FirmwareVersion[] FirmwareVersion[]
12-01 00:40:37 947[I(0)][ui_mainwndnew.c-2085][MMI_TempVerson_ShowProc] Set FirmwareVersion[] FirmwareVersion[]
12-01 00:40:44 978[I(0)][ui_mainwndnew.c-2085][MMI_TempVerson_ShowProc] Set FirmwareVersion[] FirmwareVersion[]
12-01 00:40:52 007[I(0)][ui_mainwndnew.c-2085][MMI_TempVerson_ShowProc] Set FirmwareVersion[] FirmwareVersion[]
12-01 00:40:59 040[I(0)][ui_mainwndnew.c-2085][MMI_TempVerson_ShowProc] Set FirmwareVersion[] FirmwareVersion[]
12-01 00:41:06 068[I(0)][ui_mainwndnew.c-2085][MMI_TempVerson_ShowProc] Set FirmwareVersion[] FirmwareVersion[]
12-01 00:41:13 096[I(0)][ui_mainwndnew.c-2085][MMI_TempVerson_ShowProc] Set FirmwareVersion[] FirmwareVersion[]
12-01 00:41:20 128[I(0)][ui_mainwndnew.c-2085][MMI_TempVerson_ShowProc] Set FirmwareVersion[] FirmwareVersion[]
12-01 00:41:27 156[I(0)][ui_mainwndnew.c-2085][MMI_TempVerson_ShowProc] Set FirmwareVersion[] FirmwareVersion[]
12-01 00:41:34 188[I(0)][ui_mainwndnew.c-2085][MMI_TempVerson_ShowProc] Set FirmwareVersion[] FirmwareVersion[]
12-01 00:41:41 246[I(0)][ui_mainwndnew.c-2085][MMI_TempVerson_ShowProc] Set FirmwareVersion[] FirmwareVersion[]
12-01 00:41:48 277[I(0)][ui_mainwndnew.c-2085][MMI_TempVerson_ShowProc] Set FirmwareVersion[] FirmwareVersion[]
12-01 00:41:55 308[I(0)][ui_mainwndnew.c-2085][MMI_TempVerson_ShowProc] Set FirmwareVersion[] FirmwareVersion[]
12-01 00:42:02 336[I(0)][ui_mainwndnew.c-2085][MMI_TempVerson_ShowProc] Set FirmwareVersion[] FirmwareVersion[]
12-01 00:42:09 369[I(0)][ui_mainwndnew.c-2085][MMI_TempVerson_ShowProc] Set FirmwareVersion[] FirmwareVersion[]
12-01 00:42:16 399[I(0)][ui_mainwndnew.c-2085][MMI_TempVerson_ShowProc] Set FirmwareVersion[] FirmwareVersion[]
12-01 00:42:23 427[I(0)][ui_mainwndnew.c-2085][MMI_TempVerson_ShowProc] Set FirmwareVersion[] FirmwareVersion[]
12-01 00:42:30 468[I(0)][ui_mainwndnew.c-2085][MMI_TempVerson_ShowProc] Set FirmwareVersion[] FirmwareVersion[]
12-01 00:42:37 499[I(0)][ui_mainwndnew.c-2085][MMI_TempVerson_ShowProc] Set FirmwareVersion[] FirmwareVersion[]
12-01 00:42:44 526[I(0)][ui_mainwndnew.c-2085][MMI_TempVerson_ShowProc] Set FirmwareVersion[] FirmwareVersion[]
12-01 00:42:51 566[I(0)][ui_mainwndnew.c-2085][MMI_TempVerson_ShowProc] Set FirmwareVersion[] FirmwareVersion[]
12-01 00:42:58 596[I(0)][ui_mainwndnew.c-2085][MMI_TempVerson_ShowProc] Set FirmwareVersion[] FirmwareVersion[]
12-01 00:43:05 626[I(0)][ui_mainwndnew.c-2085][MMI_TempVerson_ShowProc] Set FirmwareVersion[] FirmwareVersion[]
12-01 00:43:12 658[I(0)][ui_mainwndnew.c-2085][MMI_TempVerson_ShowProc] Set FirmwareVersion[] FirmwareVersion[]
12-01 00:43:19 686[I(0)][ui_mainwndnew.c-2085][MMI_TempVerson_ShowProc] Set FirmwareVersion[] FirmwareVersion[]
12-01 00:43:26 716[I(0)][ui_mainwndnew.c-2085][MMI_TempVerson_ShowProc] Set FirmwareVersion[] FirmwareVersion[]
12-01 00:43:33 748[I(0)][ui_mainwndnew.c-2085][MMI_TempVerson_ShowProc] Set FirmwareVersion[] FirmwareVersion[]
12-01 00:43:40 776[I(0)][ui_mainwndnew.c-2085][MMI_TempVerson_ShowProc] Set FirmwareVersion[] FirmwareVersion[]
12-01 00:43:47 807[I(0)][ui_mainwndnew.c-2085][MMI_TempVerson_ShowProc] Set FirmwareVersion[] FirmwareVersion[]
12-01 00:43:54 837[I(0)][ui_mainwndnew.c-2085][MMI_TempVerson_ShowProc] Set FirmwareVersion[] FirmwareVersion[]
12-01 00:44:01 866[I(0)][ui_mainwndnew.c-2085][MMI_TempVerson_ShowProc] Set FirmwareVersion[] FirmwareVersion[]
12-01 00:44:08 898[I(0)][ui_mainwndnew.c-2085][MMI_TempVerson_ShowProc] Set FirmwareVersion[] FirmwareVersion[]
12-01 00:44:15 926[I(0)][ui_mainwndnew.c-2085][MMI_TempVerson_ShowProc] Set FirmwareVersion[] FirmwareVersion[]
12-01 00:44:22 957[I(0)][ui_mainwndnew.c-2085][MMI_TempVerson_ShowProc] Set FirmwareVersion[] FirmwareVersion[]
12-01 00:44:29 991[I(0)][ui_mainwndnew.c-2085][MMI_TempVerson_ShowProc] Set FirmwareVersion[] FirmwareVersion[]
12-01 00:44:37 016[I(0)][ui_mainwndnew.c-2085][MMI_TempVerson_ShowProc] Set FirmwareVersion[] FirmwareVersion[]
12-01 00:44:44 048[I(0)][ui_mainwndnew.c-2085][MMI_TempVerson_ShowProc] Set FirmwareVersion[] FirmwareVersion[]
12-01 00:44:51 077[I(0)][ui_mainwndnew.c-2085][MMI_TempVerson_ShowProc] Set FirmwareVersion[] FirmwareVersion[]
12-01 00:44:58 106[I(0)][ui_mainwndnew.c-2085][MMI_TempVerson_ShowProc] Set FirmwareVersion[] FirmwareVersion[]
12-01 00:45:05 138[I(0)][ui_mainwndnew.c-2085][MMI_TempVerson_ShowProc] Set FirmwareVersion[] FirmwareVersion[]
12-01 00:45:12 166[I(0)][ui_mainwndnew.c-2085][MMI_TempVerson_ShowProc] Set FirmwareVersion[] FirmwareVersion[]
12-01 00:45:19 197[I(0)][ui_mainwndnew.c-2085][MMI_TempVerson_ShowProc] Set FirmwareVersion[] FirmwareVersion[]
12-01 00:45:26 238[I(0)][ui_mainwndnew.c-2085][MMI_TempVerson_ShowProc] Set FirmwareVersion[] FirmwareVersion[]
12-01 00:45:33 269[I(0)][ui_mainwndnew.c-2085][MMI_TempVerson_ShowProc] Set FirmwareVersion[] FirmwareVersion[]
12-01 00:45:40 307[I(0)][ui_mainwndnew.c-2085][MMI_TempVerson_ShowProc] Set FirmwareVersion[] FirmwareVersion[]
12-01 00:45:47 336[I(0)][ui_mainwndnew.c-2085][MMI_TempVerson_ShowProc] Set FirmwareVersion[] FirmwareVersion[]
12-01 00:45:54 380[I(0)][ui_mainwndnew.c-2085][MMI_TempVerson_ShowProc] Set FirmwareVersion[] FirmwareVersion[]
12-01 00:46:01 406[I(0)][ui_mainwndnew.c-2085][MMI_TempVerson_ShowProc] Set FirmwareVersion[] FirmwareVersion[]
12-01 00:46:08 437[I(0)][ui_mainwndnew.c-2085][MMI_TempVerson_ShowProc] Set FirmwareVersion[] FirmwareVersion[]
12-01 00:46:15 470[I(0)][ui_mainwndnew.c-2085][MMI_TempVerson_ShowProc] Set FirmwareVersion[] FirmwareVersion[]
12-01 00:46:22 509[I(0)][ui_mainwndnew.c-2085][MMI_TempVerson_ShowProc] Set FirmwareVersion[] FirmwareVersion[]
12-01 00:46:29 536[I(0)][ui_mainwndnew.c-2085][MMI_TempVerson_ShowProc] Set FirmwareVersion[] FirmwareVersion[]
12-01 00:46:36 569[I(0)][ui_mainwndnew.c-2085][MMI_TempVerson_ShowProc] Set FirmwareVersion[] FirmwareVersion[]
12-01 00:46:43 596[I(0)][ui_mainwndnew.c-2085][MMI_TempVerson_ShowProc] Set FirmwareVersion[] FirmwareVersion[]
12-01 00:46:50 626[I(0)][ui_mainwndnew.c-2085][MMI_TempVerson_ShowProc] Set FirmwareVersion[] FirmwareVersion[]
12-01 00:46:57 658[I(0)][ui_mainwndnew.c-2085][MMI_TempVerson_ShowProc] Set FirmwareVersion[] FirmwareVersion[]
12-01 00:47:04 690[I(0)][ui_mainwndnew.c-2085][MMI_TempVerson_ShowProc] Set FirmwareVersion[] FirmwareVersion[]
12-01 00:47:11 726[I(0)][ui_mainwndnew.c-2085][MMI_TempVerson_ShowProc] Set FirmwareVersion[] FirmwareVersion[]
12-01 00:47:18 758[I(0)][ui_mainwndnew.c-2085][MMI_TempVerson_ShowProc] Set FirmwareVersion[] FirmwareVersion[]
12-01 00:47:25 786[I(0)][ui_mainwndnew.c-2085][MMI_TempVerson_ShowProc] Set FirmwareVersion[] FirmwareVersion[]
12-01 00:47:32 816[I(0)][ui_mainwndnew.c-2085][MMI_TempVerson_ShowProc] Set FirmwareVersion[] FirmwareVersion[]
12-01 00:47:39 847[I(0)][ui_mainwndnew.c-2085][MMI_TempVerson_ShowProc] Set FirmwareVersion[] FirmwareVersion[]
12-01 00:47:46 876[I(0)][ui_mainwndnew.c-2085][MMI_TempVerson_ShowProc] Set FirmwareVersion[] FirmwareVersion[]
12-01 00:47:53 907[I(0)][ui_mainwndnew.c-2085][MMI_TempVerson_ShowProc] Set FirmwareVersion[] FirmwareVersion[]
12-01 00:48:00 937[I(0)][ui_mainwndnew.c-2085][MMI_TempVerson_ShowProc] Set FirmwareVersion[] FirmwareVersion[]
12-01 00:48:07 967[I(0)][ui_mainwndnew.c-2085][MMI_TempVerson_ShowProc] Set FirmwareVersion[] FirmwareVersion[]
12-01 00:48:14 998[I(0)][ui_mainwndnew.c-2085][MMI_TempVerson_ShowProc] Set FirmwareVersion[] FirmwareVersion[]
12-01 00:48:22 030[I(0)][ui_mainwndnew.c-2085][MMI_TempVerson_ShowProc] Set FirmwareVersion[] FirmwareVersion[]
12-01 00:48:29 057[I(0)][ui_mainwndnew.c-2085][MMI_TempVerson_ShowProc] Set FirmwareVersion[] FirmwareVersion[]
12-01 00:48:36 087[I(0)][ui_mainwndnew.c-2085][MMI_TempVerson_ShowProc] Set FirmwareVersion[] FirmwareVersion[]
12-01 00:48:43 116[I(0)][ui_mainwndnew.c-2085][MMI_TempVerson_ShowProc] Set FirmwareVersion[] FirmwareVersion[]
12-01 00:48:50 148[I(0)][ui_mainwndnew.c-2085][MMI_TempVerson_ShowProc] Set FirmwareVersion[] FirmwareVersion[]
12-01 00:48:57 176[I(0)][ui_mainwndnew.c-2085][MMI_TempVerson_ShowProc] Set FirmwareVersion[] FirmwareVersion[]
12-01 00:49:04 207[I(0)][ui_mainwndnew.c-2085][MMI_TempVerson_ShowProc] Set FirmwareVersion[] FirmwareVersion[]
12-01 00:49:11 247[I(0)][ui_mainwndnew.c-2085][MMI_TempVerson_ShowProc] Set FirmwareVersion[] FirmwareVersion[]
