MW_MWARE_cmd:919
MW_CTRL_IPCTaskMsgProc:921
MW_MWARE:1056
MW_LISTEN:1066
MW_SERIAL:1068
MW_SDK:1064
MW_INTERFACE:1059
MW_ALM:1062
MW_LIGHTAPI:1065
MW_IW:1067
MW_PTZ:1063
MW_UPNP:1069
MW_STOR_MCP:1061
MW_SNMP:1060
MW_WEB:1070
MW_CTRL:1057
MW_TRANS_ReadTask:1098
MP_SD_FwdThread(2556294224):1118
HTTPPushThread:1122
EmailSendThread:1121
MW_MCP_StoreThread:1120
AudioCaptureThread:1131
MW_AUDIO_OUT:1134
VideoCaptureThread:1135
MW_STOR_QueueProc:1141
FaceLibFTPThd:1149
BasicFTPThread:1148
MW_STOR_TmsThread 0:1502
MW_STOR_StorResProc:1144
MW_STOR_TmsThread 1:1506
InitCDSThd:1145
MW_STOR_RecycleLocalStorDir:1206
MW_STOR_UploadTask:1207
MP_SR_ThreadProc(513):1209
MW_CTRL_InitSnmp:1215
MW_SDK_Server_init:1218
MW_CTRL_WEB_HttpThread:1224
LAPI_SubsThr:1226
LAPI_FrSubsThr:1227
MW_LAPI_ServerTask:1233
Longalarm_Pipe_Servertask:1235
ListenThread(NoSSL):1237
MW_CTRL_USBDevLsnTh:1238
SA_main:1260
AM_SIP:1263
AM_RM:1266
RA_main:1267
NetLinkStatusRroc:1272
MW_Ctrl_NetDetectThd:1274
MW_IW_ProcMsgFromIwareThread:1279
IW_SmartMsgProcThread.:1278
IW_ZK2IN1Thr:1289
VehicleDetMsgTh:1288
IW_USBIDCardThr:1298
IW_SmartMainThread:1296
SecurityModuleThr:1299
IW_Qr-CodeThr:1297
IW_ProcAlgResultThread:1295
LibInitThread:1311
FaceDetThr:1309
AcsPollingThr:1307
DecodeThr:1305
GetPictureThrd:1312
PushYUVThr:1310
FaceRecogThr:1308
FaceCompThr:1306
CardPicRecogThr:1304
MW_Ctrl_RarpSer:1327
DiscoveryThread:1221
LibTimingUpThr:1491
AnalyDomainThr:12539
SaveCfgThr:1552
MW_STOR_FtpThread:1569
