MW_MWARE_cmd:879
MW_CTRL_IPCTaskMsgProc:881
MW_MWARE:1016
MW_INTERFACE:1019
MW_SNMP:1020
MW_CTRL:1017
MW_UPNP:1029
MW_IW:1027
MW_ALM:1022
MW_SDK:1024
MW_STOR_MCP:1021
MW_SERIAL:1028
MW_LISTEN:1026
MW_LIGHTAPI:1025
MW_PTZ:1023
MW_WEB:1030
MW_TRANS_ReadTask:1058
MP_SD_FwdThread(2514420816):1078
HTTPPushThread:1082
EmailSendThread:1081
MW_MCP_StoreThread:1080
AudioCaptureThread:1091
MW_AUDIO_OUT:1094
VideoCaptureThread:1095
MW_STOR_QueueProc:1101
FaceLibFTPThd:1109
MW_STOR_TmsThread 1:1464
InitCDSThd:1105
BasicFTPThread:1108
MW_STOR_TmsThread 0:1459
MW_STOR_StorResProc:1104
MW_STOR_RecycleLocalStorDir:1166
MW_STOR_UploadTask:1168
MP_SR_ThreadProc(513):1169
MW_CTRL_InitSnmp:1175
MW_SDK_Server_init:1178
MW_CTRL_WEB_HttpThread:1184
LAPI_SubsThr:1186
LAPI_FrSubsThr:1187
ListenThread(NoSSL):1196
MW_CTRL_USBDevLsnTh:1197
MW_LAPI_ServerTask:1193
Longalarm_Pipe_Servertask:1194
SA_main:1220
AM_SIP:1223
AM_RM:1226
RA_main:1227
NetLinkStatusRroc:1232
MW_Ctrl_NetDetectThd:1235
MW_IW_ProcMsgFromIwareThread:1241
IW_SmartMsgProcThread.:1240
IW_ZK2IN1Thr:1249
VehicleDetMsgTh:1248
IW_USBIDCardThr:1258
IW_SmartMainThread:1256
SecurityModuleThr:1259
IW_Qr-CodeThr:1257
IW_ProcAlgResultThread:1255
CardPicRecogThr:1262
GetPictureThrd:1270
LibInitThread:1269
FaceDetThr:1267
AcsPollingThr:1265
DecodeThr:1263
FaceRecogThr:1266
PushYUVThr:1268
FaceCompThr:1264
MW_Ctrl_RarpSer:1288
DiscoveryThread:1181
LibTimingUpThr:1449
AnalyDomainThr:5714
SaveCfgThr:5583
MW_STOR_FtpThread:1528
LAPI_TarDiagnosisThd:5530
