Thu Jan  1 05:01:33 GMT 1970
 05:01:33 up 0 min,  0 users,  load average: 0.07, 0.01, 0.00
[    2.551907] cma: cma_alloc(cma c105b710, count 1, align 0)
[    2.551936] cma: cma_alloc(): returned defd1a20
[    2.551954] cma: cma_alloc(cma c105b710, count 1, align 0)
[    2.551973] cma: cma_alloc(): returned defd1ac0
[    2.578055] hub 1-1:1.0: USB hub found
[    2.582126] hub 1-1:1.0: 4 ports detected
[    2.586816] cma: cma_alloc(cma c105b710, count 1, align 0)
[    2.586882] cma: cma_alloc(): returned defd1ae0
[    2.758204] himci: mmc host probe
[    2.761607] cma: cma_alloc(cma c105b710, count 2, align 1)
[    2.763245] cma: cma_alloc(): returned defd1b00
[    2.968986] usbcore: registered new interface driver usbhid
[    2.974557] usbhid: USB HID core driver
[    2.978667] ip_tables: (C) 2000-2006 Netfilter Core Team
[    2.984832] NET: Registered protocol family 10
[    2.990427] NET: Registered protocol family 17
[    2.994928] 8021q: 802.1Q VLAN Support v1.8
[    2.999189] Key type dns_resolver registered
[    3.003548] Registering SWP/SWPB emulation handler
[    3.088194] hibvt_rtc 12080000.rtc: setting system clock to 1970-01-01 05:01:21 UTC (18081)
[    3.096927] uart-pl011 120a0000.uart: no DMA platform data
[    3.125781] Freeing unused kernel memory: 8192K (c0800000 - c1000000)
[    3.395508] NetUserDrv: loading out-of-tree module taints kernel.
[    3.407615] net_user_init in. 
[    3.410803] Net GPIO not defined!
[    3.414121] net_common_init in. 
[    3.422491] NET_DBG init ok!
[    3.425377] net common init ok!
[    3.446799] scan edges:2 p2f:6 f2p:8
[    3.450443] mix set temp-phase 3
[    3.589610] scan elemnts: startp:124 endp:118
[    3.594004] Tuning SampleClock. mix set phase:[03/07] ele:[09/16] 
[    3.698822] mmc2: new HS200 MMC card at address 0001
[    3.705767] mmcblk2: mmc2:0001 004GA0 3.69 GiB 
[    3.711830] mmcblk2boot0: mmc2:0001 004GA0 partition 1 2.00 MiB
[    3.718170] mmcblk2boot1: mmc2:0001 004GA0 partition 2 2.00 MiB
[    3.724483] mmcblk2rpmb: mmc2:0001 004GA0 partition 3 512 KiB
[    3.732116]  mmcblk2: p1(boot) p2(bootlogo) p3(kernel) p4(kernel_bak) p5(config) p6(config_bak) p7(cliinfo) p8(cliinfo_bak) p9(mtd_runtime) p10(calibration) p11(update) p12(program) p13(cache) p14(data)
[    4.899270] EXT4-fs (mmcblk2p12): mounted filesystem with ordered data mode. Opts: (null)
[    4.932115] EXT4-fs (mmcblk2p5): recovery complete
[    4.937356] EXT4-fs (mmcblk2p5): mounted filesystem with ordered data mode. Opts: (null)
[    4.963945] EXT4-fs (mmcblk2p6): recovery complete
[    4.969235] EXT4-fs (mmcblk2p6): mounted filesystem with ordered data mode. Opts: (null)
[    4.988603] EXT4-fs (mmcblk2p10): mounted filesystem with ordered data mode. Opts: (null)
[    5.131312] EXT4-fs (mmcblk2p14): recovery complete
[    5.136644] EXT4-fs (mmcblk2p14): mounted filesystem with ordered data mode. Opts: (null)
[    5.156437] EXT4-fs (mmcblk2p13): recovery complete
[    5.161365] EXT4-fs (mmcblk2p13): mounted filesystem with ordered data mode. Opts: (null)
[    5.176398] EXT4-fs (mmcblk2p12): re-mounted. Opts: data=ordered
[    5.189359] EXT4-fs (mmcblk2p10): re-mounted. Opts: data=ordered
[    5.210878] IPv6: ADDRCONF(NETDEV_UP): eth0: link is not ready
[    5.585765] kmanuparse: unknown parameter 'pszPTInfo' ignored
[    5.592027] [ManuparseInfo][Manuparse_Init@448]:
[    5.596482] ProductName[OET-213H-NB-WH]
[    5.600363] 
[    5.601855] [ManuparseInfo][Manuparse_Init@449]:
[    5.606291] BuildInfo[ENC-0302C2S4;SEN-0302C290;LCD-2304C00J;LENS-4801C09P,4801C09Y]
[    5.614039] 
[    5.615538] [ManuparseInfo][Manuparse_AnalysisProductInfo@55]:
[    5.621204] Product info : Type[11] Class[4] ImgInverse[0] AlarmInInverse[1] AlarmOutInverse[0] AudioIn[2] AudioOut[8] bIsLDR[0]  bIsLDC[1]
[    5.633720] 
[    5.635209] [ManuparseInfo][Manuparse_AnalysisDoubleSnsType@102]:
[    5.641129] Manuparse:OET-213H-NB-WH DoubleSnsType is FALSE SensorNum 1
[    5.647734] 
[    5.649240] [ManuparseErr][Manuparse_AnalysisSensorType@63]:
[    5.654716] Sensor[0] build info not match!
[    5.658901] 
[    5.660387] [ManuparseInfo][Manuparse_AnalysisSensorType@128]:
[    5.666037] One Borad Multi Sensor[0] type[1] name[sc2310] laneMode[2]
[    5.672568] 
[    5.674075] [ManuparseInfo][Manuparse_AnalysisLcdAndTPType@100]:
[    5.679908] Lcd type [1] and LCD name is HOLITECH_600_1024_7inch
[    5.685905] 
[    5.687388] [ManuparseInfo][Manuparse_AnalysisLcdAndTPType@101]:
[    5.693220] TP type [1] and TP name is GT911_600_1024_7inch
[    5.698793] 
[    5.700298] [ManuparseInfo][Manuparse_AnalysisLightChipType@51]:
[    5.706120] Light Chip Type[1]
[    5.709176] 
[    5.710669] [ManuparseWarn][Manuparse_AnalysisLensInfo@58]:
[    5.716057] Lens match failed, default OTHER_LENS LENS_CLASS_HCM
[    5.722064] 
[    5.723552] [ManuparseWarn][Manuparse_AnalysisLensCamType@114]:
[    5.729296] Lens bu bao, default V7R1
[    5.732951] 
[    5.734434] [ManuparseInfo][Manuparse_AnalysisLensCamType@117]:
[    5.740179] Manuparse Lens Cam Type[0x2013000]
[    5.744614] 
[    5.746097] [ManuparseInfo][Manuparse_AnalysisIrCutType@153]:
[    5.751668] Manuparse IrCut type[0]
[    5.755149] 
[    5.756657] [ManuparseErr][Manuparse_AnalysisMemSize@178]:
[    5.761969] Manuparse mem size [1024]
[    5.765623] 
[    5.794017] gpio_info[fill_product_pin@1034]: 
[    5.798432] fill product pin for PRODUCT_TYPE_QPTSV2R2B09
[    5.803881] gpio_info[periph_pin_mux@615]: 
[    5.807886] i2c0 mux init ok
[    5.810794] gpio_info[periph_pin_mux@615]: 
[    5.814795] i2c2 mux init ok
[    5.817669] gpio_info[periph_pin_mux@615]: 
[    5.821682] i2c3 mux init ok
[    5.824557] gpio_info[periph_pin_mux@615]: 
[    5.828568] uart1 mux init ok
[    5.831530] gpio_info[periph_pin_mux@615]: 
[    5.835529] uart2 mux init ok
[    5.838500] gpio_info[periph_pin_mux@615]: 
[    5.842499] uart3 mux init ok
[    5.845460] gpio_info[periph_pin_mux@615]: 
[    5.849469] uart4 mux init ok
[    5.852431] gpio_info[periph_pin_mux@615]: 
[    5.856429] spi1 mux init ok
[    5.859314] gpio_info[periph_pin_mux@615]: 
[    5.863314] pwm0 mux init ok
[    5.866187] gpio_info[periph_pin_mux@615]: 
[    5.870197] pwm1 mux init ok
[    5.873072] gpio_info[periph_pin_mux@615]: 
[    5.877071] mipi_rx mux init ok
[    5.880219] gpio_info[periph_pin_mux@615]: 
[    5.884218] sensor_cfg mux init ok
[    5.887614] gpio_info[periph_pin_mux@615]: 
[    5.891623] mipi_tx mux init ok
[    5.894833] gpio_info[product_pin_mux@651]: 
[    5.898932] all pin mux success
[    5.902142] file:/home/w07118/IPC_BUILD/QPTSV2R2B09/SRC/DRIVER/drv/gpio/gpio.c fun:gpiodev_init line:3016
[    5.912035] file:/home/w07118/IPC_BUILD/QPTSV2R2B09/SRC/DRIVER/drv/gpio/gpio.c fun:gpiodev_init line:3024
[    5.921683] file:/home/w07118/IPC_BUILD/QPTSV2R2B09/SRC/DRIVER/drv/gpio/gpio.c fun:gpiodev_init line:3032
[    5.931298] gpio_info[reset_init@353]: 
[    5.934954] no need to init reset button!
[    5.938974] file:/home/w07118/IPC_BUILD/QPTSV2R2B09/SRC/DRIVER/drv/gpio/gpio.c fun:gpiodev_init line:3042
[    5.948542] gpio_info[SetAllLedGpio@666]: 
[    5.952456] no [gstGreenRunLedGpio] led pin
[    5.956633] gpio_info[SetAllLedGpio@667]: 
[    5.960556] no [gstRedRunLedGpio] led pin
[    5.964558] gpio_info[SetAllLedGpio@668]: 
[    5.968481] no [gstBlueRunLedGpio] led pin
[    5.972573] gpio_info[Pwm_Init@406]: 
[    5.976051] pwm channel:1 init
[    5.979125] gpio_info[Pwm_Init@406]: 
[    5.982604] pwm channel:0 init
[    5.985655] gpio_info[PwmLightInit@142]: 
[    5.989495] Pwm val min[160] max[435]
[    6.100754] 
[    6.100754] ==========chip: hi3516dv300==========
[    6.104211] 
[    6.104211] ==========sensor0: sc2310==========
[    6.110301] 
[    6.110301] ==========sensor1: NULL==========
[    6.121079] Module himedia: init ok
[    6.124591] Hisilicon Media Memory Zone Manager
[    6.129654] hi_osal 1.0 init success!
[    6.138476] hi3516cv500_base: module license 'Proprietary' taints kernel.
[    6.145282] Disabling lock debugging due to kernel taint
[    6.173665] load sys.ko for Hi3516CV500...OK!
[    6.196757] load tde.ko for Hi3516CV500...OK!
[    6.215564] load region.ko for Hi3516CV500...OK!
[    6.233435] load gdc.ko for Hi3516CV500...OK!
[    6.256666] load vgs.ko for Hi3516CV500...OK!
[    6.272601] load dis.ko for Hi3516CV500...OK!
[    6.294935] load vi.ko for Hi3516CV500...OK !
[    6.314540] ISP Mod init!
[    6.336925] load vpss.ko for Hi3516CV500...OK!
[    6.359792] load vo.ko for Hi3516CV500...OK!
[    6.384522] load hifb.ko OK!
[    6.409165] load rc.ko for Hi3516CV500...OK!
[    6.425996] load venc.ko for Hi3516CV500...OK!
[    6.440431] load chnl.ko for Hi3516CV500...OK!
[    6.452160] load vedu.ko for Hi3516CV500...OK!
[    6.464101] load h264e.ko for Hi3516CV500...OK!
[    6.476111] load h265e.ko for Hi3516CV500...OK!
[    6.487588] load jpege.ko for Hi3516CV500...OK!
[    6.499944] load jpegd.ko ....OK!
[    6.515418] load hi_vfmw.ko ....OK
[    6.527160] load vdec.ko for Hi3516CV500...fail!
[    6.543292] load ive.ko for Hi3516CV500...OK!
[    6.562242] load nnie.ko for Hi3516CV500...OK!
[    6.586718] load hi_piris.ko OK!!
[    6.611818] load sensor_spi.ko for Hi3516CV500...OK !
[    6.638816] random: fast init done
[    6.795565] load mipi_rx driver successful!
[    6.813730] load mipi_tx driver successful!
[    6.829853] register dev
[    6.833885] default_margin = 60 default_feed = 15 nodeamon = 0 
[    6.841203] error request_irq for WdtIrq -22 !
[    6.845694] Hisilicon Watchdog Timer: 0.01 initialized. default_margin=60 sec (nodeamon= 0)
[    6.854110] hiwtdg init ok. ver=Jul  7 2020, 09:34:30.
[    6.866645] svprt.ko load succ..!
[    7.118182] Load hi_cipher.ko success.
[    7.136278] <<-GTP-INFO->> GTP driver installing...
[    7.143151] <<-GTP-INFO->> GTP Driver Version: V2.4<2014/11/28>
[    7.149176] <<-GTP-INFO->> GTP I2C Address: 0x5d
[    7.153801] <<-GTP-INFO->> Guitar reset
[    7.319774] <<-GTP-INFO->> IC Version: 911_1060
[    7.326598] <<-GTP-INFO->> Sensor_ID: 0
[    7.330465] <<-GTP-INFO->> Config group0 used,length: 186
[    7.336996] <<-GTP-INFO->> Driver send config.
[    7.363721] <<-GTP-INFO->> X_MAX: 600, Y_MAX: 1024, TRIGGER: 0x00
[    7.398161] <<-GTP-INFO->> create proc entry gt9xx_config success
[    7.404587] input: goodix-ts as /devices/virtual/input/input0
[    7.411849] <<-GTP-INFO->> GTP works in interrupt mode.
[    7.433321] CTRL is 0x102
[    7.435789] irq num:20
[    7.438248] motor_info[0280 @ Hw_Timer_Init]:	
[    7.441227] timer6 init ok
[    7.444193] motor_info[0321 @ WorkQueue_Init]:	
[    7.447247] Work Queue init
[    7.450275] motor_info[1150 @ motor_init]:	
[    7.450286] motor_info[0696 @ Zoom_Init]:	
[    7.450290] unsupport type: 0, or init fail
[    7.450296] motor_info[0689 @ Focus_Init]:	
[    7.450298] unsupport type: 0, or init fail
[    7.450302] motor_info[0081 @ LensPortMode_Init]:	
[    7.450304] Init LensPortMode:0
[    7.450308] motor_info[0079 @ Iris_RegisterCallback]:	
[    7.450309] normal ipc cap
[    7.450320] motor_info[0862 @ Step_MotorInit]:	
[    7.450321] init without fbk
[    7.450324] motor_info[0779 @ Step_MotorInitWithOutFbk]:	
[    7.450326] init dir: Min
[    7.450331] motor_info[0115 @ Hw_Timer_Start]:	
[    7.450333] timer start
[    7.507773] motor finish init
[    7.516670] wiegand_info[3078]: 
[    7.518541] alloc chrdev major[251]
[    7.522030] 
[    7.523568] wiegand_debug[0257]: 
[    7.526726] creating wiegand workqueue...
[    7.530762] 
[    7.537927] wiegand_info[2880]: 
[    7.541037] Adding dev[wiegand1] dir[0]
[    7.544871] 
[    7.546361] wiegand_debug[0341]: 
[    7.549511] setup wiegand work...
[    7.552820] 
[    7.554304] wiegand_debug[0182]: 
[    7.557435] setup wiegand irq info...
[    7.561099] 
[    7.562584] wiegand_debug[0186]: 
[    7.565716] wiegand in irq info setup...
[    7.569640] 
[    7.571189] wiegand_debug[0135]: 
[    7.574325] Setup info: gpio[47]->irqno[118], phyaddr[120d5400], mapaddr[e0daa400]
[    7.581897] 
[    7.583388] wiegand_debug[0135]: 
[    7.586523] Setup info: gpio[46]->irqno[117], phyaddr[120d5400], mapaddr[e0dac400]
[    7.594135] 
[    7.595721] wiegand_debug[0219]: 
[    7.598886] gpio[47] interrupt on...
[    7.602456] 
[    7.603942] wiegand_debug[0219]: 
[    7.607074] gpio[46] interrupt on...
[    7.610655] 
[    7.612457] wiegand_info[2876]: 
[    7.615521] wiegand2 not applied or already inited
[    7.620370] 
[    7.621867] wiegand_info[2880]: 
[    7.624916] Adding dev[wiegand21] dir[1]
[    7.628900] 
[    7.676313] uart-pl011 120a1000.uart: DMA channel TX dma1chan19
[    7.682390] uart-pl011 120a1000.uart: DMA channel RX dma1chan18
[    7.688332] cma: cma_alloc(cma c105b710, count 1, align 0)
[    7.688598] cma: cma_alloc(): returned defd1b40
[    7.688619] cma: cma_alloc(cma c105b710, count 1, align 0)
[    7.688639] cma: cma_alloc(): returned defd1b60
[    7.688957] uart-pl011 120a1000.uart: set rs485 config, gpio[48]
[    7.848132] wiegand_info[1041]: 
[    7.851197] [wiegand1] recv timeout, recv[0x0][1/26]
[    7.856155] 
[    8.228403] cma: cma_release(page defd1b40)
[    8.228416] cma: cma_release(page defd1b60)
[    8.238219] motor_info[0115 @ Hw_Timer_Start]:	
[    8.245755] timer start
[    8.259723] cma: cma_alloc(cma c105b710, count 1, align 0)
[    8.259954] cma: cma_alloc(): returned defd1b40
[    8.259979] cma: cma_alloc(cma c105b710, count 1, align 0)
[    8.260103] cma: cma_alloc(): returned defd1b60
[    8.260403] uart-pl011 120a1000.uart: set rs485 config, gpio[48]
[    8.358498] hisi-femac 10010000.ethernet eth0: Link is Up - 100Mbps/Full - flow control rx/tx
[    8.367054] IPv6: ADDRCONF(NETDEV_CHANGE): eth0: link becomes ready
[    9.288318] cma: cma_release(page defd1b40)
[    9.288334] cma: cma_release(page defd1b60)
[    9.308912] cma: cma_alloc(cma c105b710, count 1, align 0)
[    9.309138] cma: cma_alloc(): returned defd1b40
[    9.309160] cma: cma_alloc(cma c105b710, count 1, align 0)
[    9.309207] cma: cma_alloc(): returned defd1b60
[    9.309504] uart-pl011 120a1000.uart: set rs485 config, gpio[48]
[    9.788152] motor_info[0211 @ Piris_Init]:	
[    9.792165] step iris init
[    9.794876] motor_info[0212 @ motor_init_thread]:	
[    9.798210] motor thread init ok
[   10.308260] cma: cma_release(page defd1b40)
[   10.308273] cma: cma_release(page defd1b60)
[   10.478367] <4>wait for runtime_thread_process thread 
[   10.483591] <4>wait for runtime_thread_process thread 
[   10.495996] multisend: driver init successful!
[   13.971303] EXT4-fs (mmcblk2p10): re-mounted. Opts: data=ordered
[   13.988089] [ManuparseInfo][Manuparse_UnlockedIoctl@298]:
[   13.988101] Manuparse build info len 62
[   13.988105] 
[   14.928387] EXT4-fs (mmcblk2p10): re-mounted. Opts: data=ordered
