[11/12/01 00:00:16][0x76446450][   INFO] [GlobalExec_Processor0_HeartBeater] Heart Beater Created!
[11/12/01 00:00:17][0x78d3f450][   INFO] [Classification_HISI#/program/factory/models/model/faceRec_4110_fc256_Model_r37_3516x] CreatingAlgo... 
[11/12/01 00:00:40][0x78d3f450][   INFO] [Classification_HISI] Input Shape: [1, 3, 224, 224]
[11/12/01 00:00:40][0x78d3f450][   INFO] [Classification_HISI#/program/factory/models/model/faceRec_4110_fc256_Model_r37_3516x] AddSession: 0
[11/12/01 00:00:40][0x78d3f450][   INFO] [Classification_HISI#/program/factory/models/model/faceAlign5_Model_r37_3516x] CreatingAlgo... 
[11/12/01 00:00:40][0x78d3f450][   INFO] [Classification_HISI] Input Shape: [1, 3, 48, 48]
[11/12/01 00:00:41][0x78d3f450][   INFO] [Classification_HISI#/program/factory/models/model/faceAlign5_Model_r37_3516x] AddSession: 1
[11/12/01 00:00:41][0x78d3f450][   INFO] [Classification_HISI#/program/factory/models/model/Quality_Angle_71000_005_r37_3516x] CreatingAlgo... 
[11/12/01 00:00:41][0x78d3f450][   INFO] [Classification_HISI] Input Shape: [1, 3, 256, 256]
[11/12/01 00:00:41][0x78d3f450][   INFO] [Classification_HISI#/program/factory/models/model/Quality_Angle_71000_005_r37_3516x] AddSession: 2
[11/12/01 00:00:41][0x78d3f450][   INFO] [Classification_HISI#/program/factory/models/model/Liveness_1frame_Model_1004_33w_merge_specify_r37_3516x] CreatingAlgo... 
[11/12/01 00:00:41][0x78d3f450][   INFO] [Classification_HISI] Input Shape: [1, 3, 192, 192]
[11/12/01 00:00:41][0x78d3f450][   INFO] [Classification_HISI#/program/factory/models/model/Liveness_1frame_Model_1004_33w_merge_specify_r37_3516x] AddSession: 3
[11/12/01 00:00:41][0x78d3f450][   INFO] [Classification_HISI#/program/factory/models/model/STM_liveness_Model_spe_r37_3516x] CreatingAlgo... 
[11/12/01 00:00:42][0x78d3f450][   INFO] [Classification_HISI] Input Shape: [1, 3, 224, 224]
[11/12/01 00:00:42][0x78d3f450][   INFO] [Classification_HISI#/program/factory/models/model/STM_liveness_Model_spe_r37_3516x] AddSession: 4
[11/12/01 00:00:42][0x78d3f450][   INFO] [Classification_HISI#/program/factory/models/model/FaceAttr_dv300_int8_ry41_4504] CreatingAlgo... 
[11/12/01 00:00:42][0x78d3f450][   INFO] [Classification_HISI] Input Shape: [1, 3, 128, 128]
[11/12/01 00:00:42][0x78d3f450][   INFO] [Classification_HISI#/program/factory/models/model/FaceAttr_dv300_int8_ry41_4504] AddSession: 5
[11/12/01 00:00:42][0x78d3f450][   INFO] [faceDetYOLO_HISI#/program/factory/models/model/Yolo_0808_512_r37_3516x] CreatingAlgo... 
[11/12/01 00:00:44][0x78d3f450][   INFO] [faceDetYOLO_HISI] Input Shape: [1, 3, 288, 512]
[11/12/01 00:00:44][0x78d3f450][   INFO] [faceDetYOLO_HISI#/program/factory/models/model/Yolo_0808_512_r37_3516x] AddSession: 6
[11/12/01 00:00:44][0x78d3f450][   INFO] [faceDetYOLO_HISI#/program/factory/models/model/faceDetect_yolo_h512_w288_r37_3516x] CreatingAlgo... 
[11/12/01 00:00:45][0x78d3f450][   INFO] [faceDetYOLO_HISI] Input Shape: [1, 3, 512, 288]
[11/12/01 00:00:45][0x78d3f450][   INFO] [faceDetYOLO_HISI#/program/factory/models/model/faceDetect_yolo_h512_w288_r37_3516x] AddSession: 7
[11/12/01 00:00:45][0x78d3f450][   INFO] [Classification_HISI#/program/factory/models/model/safeHelmet_Model_v0104_hign_r37_3516x] CreatingAlgo... 
[11/12/01 00:00:46][0x78d3f450][   INFO] [Classification_HISI] Input Shape: [1, 3, 224, 224]
[11/12/01 00:00:46][0x78d3f450][   INFO] [Classification_HISI#/program/factory/models/model/safeHelmet_Model_v0104_hign_r37_3516x] AddSession: 8
[11/12/01 00:00:46][0x78d3f450][   INFO] [faceDetYOLO_HISI#/program/factory/models/model/faceDetect_yolo_h512_w288_r37_3516x] AddSession: 9
[11/12/01 00:00:46][0x78d3f450][   INFO] [Classification_HISI#/program/factory/models/model/Quality_Angle_71000_005_r37_3516x] AddSession: 10
[11/12/01 00:00:46][0x78d3f450][   INFO] [Classification_HISI#/program/factory/models/model/STM_liveness_Model_spe_r37_3516x] AddSession: 11
[11/12/01 00:00:46][0x78d3f450][   INFO] [Classification_HISI#/program/factory/models/model/Liveness_1frame_Model_1004_33w_merge_specify_r37_3516x] AddSession: 12
[11/12/01 00:00:46][0x78d3f450][   INFO] [faceDetYOLO_HISI#/program/factory/models/model/Yolo_0808_512_r37_3516x] AddSession: 13
[11/12/01 00:00:46][0x78d3f450][   INFO] [Classification_HISI#/program/factory/models/model/Quality_Angle_71000_005_r37_3516x] AddSession: 14
[11/12/01 00:00:46][0x78d3f450][   INFO] [faceDetYOLO_HISI#/program/factory/models/model/Yolo_0808_512_r37_3516x] AddSession: 15
[11/12/01 00:00:46][0x78d3f450][   INFO] [Classification_HISI#/program/factory/models/model/faceAlign5_Model_r37_3516x] AddSession: 16
[11/12/01 00:00:46][0x78d3f450][   INFO] [Classification_HISI#/program/factory/models/model/faceRec_4110_fc256_Model_r37_3516x] AddSession: 17
[11/12/01 00:00:46][0x78d3f450][   INFO] [Classification_HISI#/program/factory/models/model/FaceAttr_dv300_int8_ry41_4504] AddSession: 18
[11/12/01 00:00:46][0x78d3f450][   INFO] [Classification_HISI#/program/factory/models/model/safeHelmet_Model_v0104_hign_r37_3516x] AddSession: 19
[11/12/01 00:00:46][0x78d3f450][   INFO] [faceDetYOLO_HISI#/program/factory/models/model/Yolo_0808_512_r37_3516x] AddSession: 20
[11/12/01 00:00:46][0x78d3f450][   INFO] [Classification_HISI#/program/factory/models/model/faceAlign5_Model_r37_3516x] AddSession: 21
[11/12/01 00:00:46][0x78d3f450][   INFO] [Classification_HISI#/program/factory/models/model/faceRec_4110_fc256_Model_r37_3516x] AddSession: 22
[11/12/01 00:00:46][0x78d3f450][   INFO] [Classification_HISI#/program/factory/models/model/FaceAttr_dv300_int8_ry41_4504] AddSession: 23
[11/12/01 00:00:46][0x78d3f450][   INFO] [Classification_HISI#/program/factory/models/model/safeHelmet_Model_v0104_hign_r37_3516x] AddSession: 24
[11/12/01 00:00:46][0x78d3f450][   INFO] [faceDetYOLO_HISI#/program/factory/models/model/Yolo_0808_512_r37_3516x] RemoveSession: 15
[11/12/01 00:00:46][0x78d3f450][   INFO] [Classification_HISI#/program/factory/models/model/safeHelmet_Model_v0104_hign_r37_3516x] RemoveSession: 19
[11/12/01 00:00:46][0x78d3f450][   INFO] [Classification_HISI#/program/factory/models/model/FaceAttr_dv300_int8_ry41_4504] RemoveSession: 18
[11/12/01 00:00:46][0x78d3f450][   INFO] [Classification_HISI#/program/factory/models/model/faceRec_4110_fc256_Model_r37_3516x] RemoveSession: 17
[11/12/01 00:00:46][0x78d3f450][   INFO] [Classification_HISI#/program/factory/models/model/faceAlign5_Model_r37_3516x] RemoveSession: 16
[11/12/01 00:01:57][0x76446450][   INFO] [GlobalExec_Processor0] Task Name: faceDetYOLO_HISI_/program/factory/models/model/faceDetect_yolo_h512_w288_r37_3516x_Forward Elapsed: 34.46 ms
[11/12/01 00:03:37][0x76446450][   INFO] [GlobalExec_Processor0] Task Name: faceDetYOLO_HISI_/program/factory/models/model/faceDetect_yolo_h512_w288_r37_3516x_Post Elapsed: 9.82367 ms
[11/12/01 00:05:17][0x76446450][   INFO] [GlobalExec_Processor0] Task Name: faceDetYOLO_HISI_/program/factory/models/model/faceDetect_yolo_h512_w288_r37_3516x_Post Elapsed: 9.836 ms
[11/12/01 00:06:57][0x76446450][   INFO] [GlobalExec_Processor0] Task Name: faceDetYOLO_HISI_/program/factory/models/model/faceDetect_yolo_h512_w288_r37_3516x_Forward Elapsed: 33.502 ms
[11/12/01 00:08:37][0x76446450][   INFO] [GlobalExec_Processor0] Task Name: faceDetYOLO_HISI_/program/factory/models/model/faceDetect_yolo_h512_w288_r37_3516x_Post Elapsed: 10.1483 ms
[11/12/01 00:10:17][0x76446450][   INFO] [GlobalExec_Processor0] Task Name: faceDetYOLO_HISI_/program/factory/models/model/faceDetect_yolo_h512_w288_r37_3516x_Forward Elapsed: 35.8477 ms
[11/12/01 00:11:57][0x76446450][   INFO] [GlobalExec_Processor0] Task Name: faceDetYOLO_HISI_/program/factory/models/model/faceDetect_yolo_h512_w288_r37_3516x_Post Elapsed: 10.269 ms
[11/12/01 00:13:37][0x76446450][   INFO] [GlobalExec_Processor0] Task Name: faceDetYOLO_HISI_/program/factory/models/model/faceDetect_yolo_h512_w288_r37_3516x_Forward Elapsed: 42.7017 ms
[11/12/01 00:15:17][0x76446450][   INFO] [GlobalExec_Processor0] Task Name: faceDetYOLO_HISI_/program/factory/models/model/faceDetect_yolo_h512_w288_r37_3516x_Forward Elapsed: 34.5893 ms
[11/12/01 00:16:57][0x76446450][   INFO] [GlobalExec_Processor0] Task Name: faceDetYOLO_HISI_/program/factory/models/model/faceDetect_yolo_h512_w288_r37_3516x_Forward Elapsed: 37.1747 ms
[11/12/01 00:18:37][0x76446450][   INFO] [GlobalExec_Processor0] Task Name: faceDetYOLO_HISI_/program/factory/models/model/faceDetect_yolo_h512_w288_r37_3516x_Forward Elapsed: 35.1093 ms
[11/12/01 00:20:17][0x76446450][   INFO] [GlobalExec_Processor0] Task Name: faceDetYOLO_HISI_/program/factory/models/model/faceDetect_yolo_h512_w288_r37_3516x_Post Elapsed: 10.4553 ms
[11/12/01 00:21:57][0x76446450][   INFO] [GlobalExec_Processor0] Task Name: faceDetYOLO_HISI_/program/factory/models/model/faceDetect_yolo_h512_w288_r37_3516x_Forward Elapsed: 36.705 ms
[11/12/01 00:23:38][0x76446450][   INFO] [GlobalExec_Processor0] Task Name: faceDetYOLO_HISI_/program/factory/models/model/faceDetect_yolo_h512_w288_r37_3516x_Forward Elapsed: 32.012 ms
[11/12/01 00:25:18][0x76446450][   INFO] [GlobalExec_Processor0] Task Name: faceDetYOLO_HISI_/program/factory/models/model/faceDetect_yolo_h512_w288_r37_3516x_Forward Elapsed: 35.82 ms
[11/12/01 00:26:58][0x76446450][   INFO] [GlobalExec_Processor0] Task Name: faceDetYOLO_HISI_/program/factory/models/model/faceDetect_yolo_h512_w288_r37_3516x_Forward Elapsed: 36.5053 ms
[11/12/01 00:28:38][0x76446450][   INFO] [GlobalExec_Processor0] Task Name: faceDetYOLO_HISI_/program/factory/models/model/faceDetect_yolo_h512_w288_r37_3516x_Post Elapsed: 10.6657 ms
[11/12/01 00:30:18][0x76446450][   INFO] [GlobalExec_Processor0] Task Name: faceDetYOLO_HISI_/program/factory/models/model/faceDetect_yolo_h512_w288_r37_3516x_Forward Elapsed: 36.7177 ms
[11/12/01 00:31:58][0x76446450][   INFO] [GlobalExec_Processor0] Task Name: faceDetYOLO_HISI_/program/factory/models/model/faceDetect_yolo_h512_w288_r37_3516x_Forward Elapsed: 36.167 ms
[11/12/01 00:33:38][0x76446450][   INFO] [GlobalExec_Processor0] Task Name: faceDetYOLO_HISI_/program/factory/models/model/faceDetect_yolo_h512_w288_r37_3516x_Forward Elapsed: 35.9773 ms
[11/12/01 00:35:18][0x76446450][   INFO] [GlobalExec_Processor0] Task Name: faceDetYOLO_HISI_/program/factory/models/model/faceDetect_yolo_h512_w288_r37_3516x_Post Elapsed: 10.3367 ms
[11/12/01 00:36:59][0x76446450][   INFO] [GlobalExec_Processor0] Task Name: faceDetYOLO_HISI_/program/factory/models/model/faceDetect_yolo_h512_w288_r37_3516x_Forward Elapsed: 36.8063 ms
[11/12/01 00:38:39][0x76446450][   INFO] [GlobalExec_Processor0] Task Name: faceDetYOLO_HISI_/program/factory/models/model/faceDetect_yolo_h512_w288_r37_3516x_Forward Elapsed: 34.5513 ms
[11/12/01 00:40:19][0x76446450][   INFO] [GlobalExec_Processor0] Task Name: faceDetYOLO_HISI_/program/factory/models/model/faceDetect_yolo_h512_w288_r37_3516x_Forward Elapsed: 35.8917 ms
[11/12/01 00:41:59][0x76446450][   INFO] [GlobalExec_Processor0] Task Name: faceDetYOLO_HISI_/program/factory/models/model/faceDetect_yolo_h512_w288_r37_3516x_Forward Elapsed: 37.3583 ms
[11/12/01 00:43:39][0x76446450][   INFO] [GlobalExec_Processor0] Task Name: faceDetYOLO_HISI_/program/factory/models/model/faceDetect_yolo_h512_w288_r37_3516x_Forward Elapsed: 36.1963 ms
[11/12/01 00:45:19][0x76446450][   INFO] [GlobalExec_Processor0] Task Name: faceDetYOLO_HISI_/program/factory/models/model/faceDetect_yolo_h512_w288_r37_3516x_Forward Elapsed: 38.5593 ms
[11/12/01 00:46:59][0x76446450][   INFO] [GlobalExec_Processor0] Task Name: faceDetYOLO_HISI_/program/factory/models/model/faceDetect_yolo_h512_w288_r37_3516x_Forward Elapsed: 34.903 ms
[11/12/01 00:48:39][0x76446450][   INFO] [GlobalExec_Processor0] Task Name: faceDetYOLO_HISI_/program/factory/models/model/faceDetect_yolo_h512_w288_r37_3516x_Post Elapsed: 9.29633 ms
