12-01 00:00:28 638[I(0)][bp_module.c-2052][BP_MwareInit]current process name is 'mmi_client'.
12-01 00:00:28 660[I(0)][bp_module.c-1894][BP_ProcInit]socket init 2050 127.0.0.1
12-01 00:00:28 662[I(0)][bp_module.c-2062][BP_MwareInit]BP_MwareInit succeed.
12-01 00:00:28 681[I(0)][bp_util.c-12010][BP_ACS_SetLanguageMode]Mode[1]
12-01 00:00:28 685[I(0)][bp_util.c-12232][BP_ACS_SupportTouchScreen]DevName[OET-213H-NB-WH] IsSupport[1]
12-01 00:00:28 712[I(0)][ui_mainwndnew.c-242]MMI_ACS_InitLangResNode OK
12-01 00:00:34 627[W(0)][mmi_mw_ctrl.c-107]MainWnd no InitOver，filter msg cmd:10002
12-01 00:00:34 627[W(0)][mmi_mw_ctrl.c-107]MainWnd no InitOver，filter msg cmd:10191
12-01 00:00:42 668[W(0)][mmi_mw_ctrl.c-107]MainWnd no InitOver，filter msg cmd:10002
12-01 00:00:42 668[W(0)][mmi_mw_ctrl.c-107]MainWnd no InitOver，filter msg cmd:10191
12-01 00:00:46 709[W(0)][mmi_mw_ctrl.c-107]MainWnd no InitOver，filter msg cmd:10003
12-01 00:00:48 801[W(0)][mmi_mw_ctrl.c-107]MainWnd no InitOver，filter msg cmd:10003
12-01 00:00:48 883[W(0)][mmi_mw_ctrl.c-107]MainWnd no InitOver，filter msg cmd:10003
12-01 00:00:50 707[W(0)][mmi_mw_ctrl.c-107]MainWnd no InitOver，filter msg cmd:10002
12-01 00:00:50 708[W(0)][mmi_mw_ctrl.c-107]MainWnd no InitOver，filter msg cmd:10191
12-01 00:00:54 200[W(0)][mmi_mw_ctrl.c-107]MainWnd no InitOver，filter msg cmd:10095
12-01 00:00:54 200[W(0)][mmi_mw_ctrl.c-107]MainWnd no InitOver，filter msg cmd:10024
12-01 00:00:58 747[W(0)][mmi_mw_ctrl.c-107]MainWnd no InitOver，filter msg cmd:10002
12-01 00:00:58 748[W(0)][mmi_mw_ctrl.c-107]MainWnd no InitOver，filter msg cmd:10191
12-01 00:01:06 798[W(0)][mmi_mw_ctrl.c-107]MainWnd no InitOver，filter msg cmd:10002
12-01 00:01:06 798[W(0)][mmi_mw_ctrl.c-107]MainWnd no InitOver，filter msg cmd:10191
12-01 00:01:14 838[W(0)][mmi_mw_ctrl.c-107]MainWnd no InitOver，filter msg cmd:10002
12-01 00:01:14 838[W(0)][mmi_mw_ctrl.c-107]MainWnd no InitOver，filter msg cmd:10191
12-01 00:01:22 911[W(0)][mmi_mw_ctrl.c-107]MainWnd no InitOver，filter msg cmd:10002
12-01 00:01:22 911[W(0)][mmi_mw_ctrl.c-107]MainWnd no InitOver，filter msg cmd:10191
12-01 00:01:30 947[W(0)][mmi_mw_ctrl.c-107]MainWnd no InitOver，filter msg cmd:10002
12-01 00:01:30 947[W(0)][mmi_mw_ctrl.c-107]MainWnd no InitOver，filter msg cmd:10191
12-01 00:01:38 989[W(0)][mmi_mw_ctrl.c-107]MainWnd no InitOver，filter msg cmd:10002
12-01 00:01:38 989[W(0)][mmi_mw_ctrl.c-107]MainWnd no InitOver，filter msg cmd:10191
12-01 00:01:47 028[W(0)][mmi_mw_ctrl.c-107]MainWnd no InitOver，filter msg cmd:10002
12-01 00:01:47 028[W(0)][mmi_mw_ctrl.c-107]MainWnd no InitOver，filter msg cmd:10191
12-01 00:01:55 068[W(0)][mmi_mw_ctrl.c-107]MainWnd no InitOver，filter msg cmd:10002
12-01 00:01:55 068[W(0)][mmi_mw_ctrl.c-107]MainWnd no InitOver，filter msg cmd:10191
12-01 00:02:03 107[W(0)][mmi_mw_ctrl.c-107]MainWnd no InitOver，filter msg cmd:10002
12-01 00:02:03 107[W(0)][mmi_mw_ctrl.c-107]MainWnd no InitOver，filter msg cmd:10191
12-01 00:02:11 147[W(0)][mmi_mw_ctrl.c-107]MainWnd no InitOver，filter msg cmd:10002
12-01 00:02:11 147[W(0)][mmi_mw_ctrl.c-107]MainWnd no InitOver，filter msg cmd:10191
12-01 00:02:19 187[W(0)][mmi_mw_ctrl.c-107]MainWnd no InitOver，filter msg cmd:10002
12-01 00:02:19 187[W(0)][mmi_mw_ctrl.c-107]MainWnd no InitOver，filter msg cmd:10191
12-01 00:02:27 228[W(0)][mmi_mw_ctrl.c-107]MainWnd no InitOver，filter msg cmd:10002
12-01 00:02:27 229[W(0)][mmi_mw_ctrl.c-107]MainWnd no InitOver，filter msg cmd:10191
12-01 00:02:35 278[W(0)][mmi_mw_ctrl.c-107]MainWnd no InitOver，filter msg cmd:10002
12-01 00:02:35 278[W(0)][mmi_mw_ctrl.c-107]MainWnd no InitOver，filter msg cmd:10191
12-01 00:02:43 319[W(0)][mmi_mw_ctrl.c-107]MainWnd no InitOver，filter msg cmd:10002
12-01 00:02:43 319[W(0)][mmi_mw_ctrl.c-107]MainWnd no InitOver，filter msg cmd:10191
12-01 00:02:51 358[W(0)][mmi_mw_ctrl.c-107]MainWnd no InitOver，filter msg cmd:10002
12-01 00:02:51 358[W(0)][mmi_mw_ctrl.c-107]MainWnd no InitOver，filter msg cmd:10191
12-01 00:02:59 398[W(0)][mmi_mw_ctrl.c-107]MainWnd no InitOver，filter msg cmd:10002
12-01 00:02:59 399[W(0)][mmi_mw_ctrl.c-107]MainWnd no InitOver，filter msg cmd:10191
12-01 00:03:07 441[W(0)][mmi_mw_ctrl.c-107]MainWnd no InitOver，filter msg cmd:10002
12-01 00:03:07 441[W(0)][mmi_mw_ctrl.c-107]MainWnd no InitOver，filter msg cmd:10191
12-01 00:03:15 477[W(0)][mmi_mw_ctrl.c-107]MainWnd no InitOver，filter msg cmd:10002
12-01 00:03:15 477[W(0)][mmi_mw_ctrl.c-107]MainWnd no InitOver，filter msg cmd:10191
12-01 00:03:23 518[W(0)][mmi_mw_ctrl.c-107]MainWnd no InitOver，filter msg cmd:10002
12-01 00:03:23 519[W(0)][mmi_mw_ctrl.c-107]MainWnd no InitOver，filter msg cmd:10191
12-01 00:03:31 557[W(0)][mmi_mw_ctrl.c-107]MainWnd no InitOver，filter msg cmd:10002
12-01 00:03:31 558[W(0)][mmi_mw_ctrl.c-107]MainWnd no InitOver，filter msg cmd:10191
12-01 00:03:39 599[W(0)][mmi_mw_ctrl.c-107]MainWnd no InitOver，filter msg cmd:10002
12-01 00:03:39 599[W(0)][mmi_mw_ctrl.c-107]MainWnd no InitOver，filter msg cmd:10191
12-01 00:03:47 637[W(0)][mmi_mw_ctrl.c-107]MainWnd no InitOver，filter msg cmd:10002
12-01 00:03:47 637[W(0)][mmi_mw_ctrl.c-107]MainWnd no InitOver，filter msg cmd:10191
12-01 00:03:55 682[W(0)][mmi_mw_ctrl.c-107]MainWnd no InitOver，filter msg cmd:10002
12-01 00:03:55 682[W(0)][mmi_mw_ctrl.c-107]MainWnd no InitOver，filter msg cmd:10191
12-01 00:04:03 717[W(0)][mmi_mw_ctrl.c-107]MainWnd no InitOver，filter msg cmd:10002
12-01 00:04:03 717[W(0)][mmi_mw_ctrl.c-107]MainWnd no InitOver，filter msg cmd:10191
12-01 00:04:11 757[W(0)][mmi_mw_ctrl.c-107]MainWnd no InitOver，filter msg cmd:10002
12-01 00:04:11 758[W(0)][mmi_mw_ctrl.c-107]MainWnd no InitOver，filter msg cmd:10191
12-01 00:04:19 797[W(0)][mmi_mw_ctrl.c-107]MainWnd no InitOver，filter msg cmd:10002
12-01 00:04:19 797[W(0)][mmi_mw_ctrl.c-107]MainWnd no InitOver，filter msg cmd:10191
12-01 00:04:27 847[W(0)][mmi_mw_ctrl.c-107]MainWnd no InitOver，filter msg cmd:10002
12-01 00:04:27 848[W(0)][mmi_mw_ctrl.c-107]MainWnd no InitOver，filter msg cmd:10191
12-01 00:04:35 887[W(0)][mmi_mw_ctrl.c-107]MainWnd no InitOver，filter msg cmd:10002
12-01 00:04:35 887[W(0)][mmi_mw_ctrl.c-107]MainWnd no InitOver，filter msg cmd:10191
12-01 00:04:43 928[W(0)][mmi_mw_ctrl.c-107]MainWnd no InitOver，filter msg cmd:10002
12-01 00:04:43 929[W(0)][mmi_mw_ctrl.c-107]MainWnd no InitOver，filter msg cmd:10191
12-01 00:04:51 969[W(0)][mmi_mw_ctrl.c-107]MainWnd no InitOver，filter msg cmd:10002
12-01 00:04:51 969[W(0)][mmi_mw_ctrl.c-107]MainWnd no InitOver，filter msg cmd:10191
12-01 00:05:00 008[W(0)][mmi_mw_ctrl.c-107]MainWnd no InitOver，filter msg cmd:10002
12-01 00:05:00 008[W(0)][mmi_mw_ctrl.c-107]MainWnd no InitOver，filter msg cmd:10191
12-01 00:05:08 059[W(0)][mmi_mw_ctrl.c-107]MainWnd no InitOver，filter msg cmd:10002
12-01 00:05:08 059[W(0)][mmi_mw_ctrl.c-107]MainWnd no InitOver，filter msg cmd:10191
12-01 00:05:16 097[W(0)][mmi_mw_ctrl.c-107]MainWnd no InitOver，filter msg cmd:10002
12-01 00:05:16 097[W(0)][mmi_mw_ctrl.c-107]MainWnd no InitOver，filter msg cmd:10191
12-01 00:05:20 148[W(0)][mmi_mw_ctrl.c-107]MainWnd no InitOver，filter msg cmd:10189
12-01 00:05:24 146[W(0)][mmi_mw_ctrl.c-107]MainWnd no InitOver，filter msg cmd:10002
12-01 00:05:24 147[W(0)][mmi_mw_ctrl.c-107]MainWnd no InitOver，filter msg cmd:10191
12-01 00:05:32 177[W(0)][mmi_mw_ctrl.c-107]MainWnd no InitOver，filter msg cmd:10002
12-01 00:05:32 177[W(0)][mmi_mw_ctrl.c-107]MainWnd no InitOver，filter msg cmd:10191
12-01 00:05:40 218[W(0)][mmi_mw_ctrl.c-107]MainWnd no InitOver，filter msg cmd:10002
12-01 00:05:40 218[W(0)][mmi_mw_ctrl.c-107]MainWnd no InitOver，filter msg cmd:10191
12-01 00:05:48 267[W(0)][mmi_mw_ctrl.c-107]MainWnd no InitOver，filter msg cmd:10002
12-01 00:05:48 268[W(0)][mmi_mw_ctrl.c-107]MainWnd no InitOver，filter msg cmd:10191
12-01 00:05:56 312[W(0)][mmi_mw_ctrl.c-107]MainWnd no InitOver，filter msg cmd:10002
12-01 00:05:56 312[W(0)][mmi_mw_ctrl.c-107]MainWnd no InitOver，filter msg cmd:10191
12-01 00:06:04 349[W(0)][mmi_mw_ctrl.c-107]MainWnd no InitOver，filter msg cmd:10002
12-01 00:06:04 349[W(0)][mmi_mw_ctrl.c-107]MainWnd no InitOver，filter msg cmd:10191
12-01 00:06:12 388[W(0)][mmi_mw_ctrl.c-107]MainWnd no InitOver，filter msg cmd:10002
12-01 00:06:12 389[W(0)][mmi_mw_ctrl.c-107]MainWnd no InitOver，filter msg cmd:10191
12-01 00:06:20 514[W(0)][mmi_mw_ctrl.c-107]MainWnd no InitOver，filter msg cmd:10002
12-01 00:06:20 515[W(0)][mmi_mw_ctrl.c-107]MainWnd no InitOver，filter msg cmd:10191
12-01 00:06:28 557[W(0)][mmi_mw_ctrl.c-107]MainWnd no InitOver，filter msg cmd:10002
12-01 00:06:28 557[W(0)][mmi_mw_ctrl.c-107]MainWnd no InitOver，filter msg cmd:10191
12-01 00:06:36 597[W(0)][mmi_mw_ctrl.c-107]MainWnd no InitOver，filter msg cmd:10002
12-01 00:06:36 597[W(0)][mmi_mw_ctrl.c-107]MainWnd no InitOver，filter msg cmd:10191
12-01 00:06:44 638[W(0)][mmi_mw_ctrl.c-107]MainWnd no InitOver，filter msg cmd:10002
12-01 00:06:44 638[W(0)][mmi_mw_ctrl.c-107]MainWnd no InitOver，filter msg cmd:10191
12-01 00:06:52 677[W(0)][mmi_mw_ctrl.c-107]MainWnd no InitOver，filter msg cmd:10002
12-01 00:06:52 677[W(0)][mmi_mw_ctrl.c-107]MainWnd no InitOver，filter msg cmd:10191
12-01 00:07:00 717[W(0)][mmi_mw_ctrl.c-107]MainWnd no InitOver，filter msg cmd:10002
12-01 00:07:00 717[W(0)][mmi_mw_ctrl.c-107]MainWnd no InitOver，filter msg cmd:10191
12-01 00:07:08 758[W(0)][mmi_mw_ctrl.c-107]MainWnd no InitOver，filter msg cmd:10002
12-01 00:07:08 758[W(0)][mmi_mw_ctrl.c-107]MainWnd no InitOver，filter msg cmd:10191
12-01 00:07:16 799[W(0)][mmi_mw_ctrl.c-107]MainWnd no InitOver，filter msg cmd:10002
12-01 00:07:16 800[W(0)][mmi_mw_ctrl.c-107]MainWnd no InitOver，filter msg cmd:10191
12-01 00:07:24 837[W(0)][mmi_mw_ctrl.c-107]MainWnd no InitOver，filter msg cmd:10002
12-01 00:07:24 837[W(0)][mmi_mw_ctrl.c-107]MainWnd no InitOver，filter msg cmd:10191
12-01 00:07:32 879[W(0)][mmi_mw_ctrl.c-107]MainWnd no InitOver，filter msg cmd:10002
12-01 00:07:32 880[W(0)][mmi_mw_ctrl.c-107]MainWnd no InitOver，filter msg cmd:10191
12-01 00:07:40 923[W(0)][mmi_mw_ctrl.c-107]MainWnd no InitOver，filter msg cmd:10002
12-01 00:07:40 923[W(0)][mmi_mw_ctrl.c-107]MainWnd no InitOver，filter msg cmd:10191
12-01 00:07:48 957[W(0)][mmi_mw_ctrl.c-107]MainWnd no InitOver，filter msg cmd:10002
12-01 00:07:48 957[W(0)][mmi_mw_ctrl.c-107]MainWnd no InitOver，filter msg cmd:10191
12-01 00:07:56 998[W(0)][mmi_mw_ctrl.c-107]MainWnd no InitOver，filter msg cmd:10002
12-01 00:07:56 999[W(0)][mmi_mw_ctrl.c-107]MainWnd no InitOver，filter msg cmd:10191
12-01 00:08:05 039[W(0)][mmi_mw_ctrl.c-107]MainWnd no InitOver，filter msg cmd:10002
12-01 00:08:05 039[W(0)][mmi_mw_ctrl.c-107]MainWnd no InitOver，filter msg cmd:10191
12-01 00:08:13 078[W(0)][mmi_mw_ctrl.c-107]MainWnd no InitOver，filter msg cmd:10002
12-01 00:08:13 078[W(0)][mmi_mw_ctrl.c-107]MainWnd no InitOver，filter msg cmd:10191
12-01 00:08:21 118[W(0)][mmi_mw_ctrl.c-107]MainWnd no InitOver，filter msg cmd:10002
12-01 00:08:21 118[W(0)][mmi_mw_ctrl.c-107]MainWnd no InitOver，filter msg cmd:10191
12-01 00:08:29 159[W(0)][mmi_mw_ctrl.c-107]MainWnd no InitOver，filter msg cmd:10002
12-01 00:08:29 159[W(0)][mmi_mw_ctrl.c-107]MainWnd no InitOver，filter msg cmd:10191
12-01 00:08:37 219[W(0)][mmi_mw_ctrl.c-107]MainWnd no InitOver，filter msg cmd:10002
12-01 00:08:37 219[W(0)][mmi_mw_ctrl.c-107]MainWnd no InitOver，filter msg cmd:10191
12-01 00:08:45 258[W(0)][mmi_mw_ctrl.c-107]MainWnd no InitOver，filter msg cmd:10002
12-01 00:08:45 258[W(0)][mmi_mw_ctrl.c-107]MainWnd no InitOver，filter msg cmd:10191
12-01 00:08:53 298[W(0)][mmi_mw_ctrl.c-107]MainWnd no InitOver，filter msg cmd:10002
12-01 00:08:53 298[W(0)][mmi_mw_ctrl.c-107]MainWnd no InitOver，filter msg cmd:10191
12-01 00:09:01 337[W(0)][mmi_mw_ctrl.c-107]MainWnd no InitOver，filter msg cmd:10002
12-01 00:09:01 337[W(0)][mmi_mw_ctrl.c-107]MainWnd no InitOver，filter msg cmd:10191
12-01 00:09:09 377[W(0)][mmi_mw_ctrl.c-107]MainWnd no InitOver，filter msg cmd:10002
12-01 00:09:09 377[W(0)][mmi_mw_ctrl.c-107]MainWnd no InitOver，filter msg cmd:10191
12-01 00:09:17 417[W(0)][mmi_mw_ctrl.c-107]MainWnd no InitOver，filter msg cmd:10002
12-01 00:09:17 417[W(0)][mmi_mw_ctrl.c-107]MainWnd no InitOver，filter msg cmd:10191
12-01 00:09:25 459[W(0)][mmi_mw_ctrl.c-107]MainWnd no InitOver，filter msg cmd:10002
12-01 00:09:25 459[W(0)][mmi_mw_ctrl.c-107]MainWnd no InitOver，filter msg cmd:10191
12-01 00:09:33 498[W(0)][mmi_mw_ctrl.c-107]MainWnd no InitOver，filter msg cmd:10002
12-01 00:09:33 498[W(0)][mmi_mw_ctrl.c-107]MainWnd no InitOver，filter msg cmd:10191
12-01 00:09:41 539[W(0)][mmi_mw_ctrl.c-107]MainWnd no InitOver，filter msg cmd:10002
12-01 00:09:41 539[W(0)][mmi_mw_ctrl.c-107]MainWnd no InitOver，filter msg cmd:10191
12-01 00:09:43 818[W(0)][mmi_mw_ctrl.c-107]MainWnd no InitOver，filter msg cmd:10145
12-01 00:09:49 577[W(0)][mmi_mw_ctrl.c-107]MainWnd no InitOver，filter msg cmd:10002
12-01 00:09:49 577[W(0)][mmi_mw_ctrl.c-107]MainWnd no InitOver，filter msg cmd:10191
12-01 00:09:57 617[W(0)][mmi_mw_ctrl.c-107]MainWnd no InitOver，filter msg cmd:10002
12-01 00:09:57 617[W(0)][mmi_mw_ctrl.c-107]MainWnd no InitOver，filter msg cmd:10191
12-01 00:10:05 667[W(0)][mmi_mw_ctrl.c-107]MainWnd no InitOver，filter msg cmd:10002
12-01 00:10:05 667[W(0)][mmi_mw_ctrl.c-107]MainWnd no InitOver，filter msg cmd:10191
12-01 00:10:11 399[W(0)][mmi_mw_ctrl.c-107]MainWnd no InitOver，filter msg cmd:10189
12-01 00:10:13 707[W(0)][mmi_mw_ctrl.c-107]MainWnd no InitOver，filter msg cmd:10002
12-01 00:10:13 707[W(0)][mmi_mw_ctrl.c-107]MainWnd no InitOver，filter msg cmd:10191
12-01 00:10:21 748[W(0)][mmi_mw_ctrl.c-107]MainWnd no InitOver，filter msg cmd:10002
12-01 00:10:21 748[W(0)][mmi_mw_ctrl.c-107]MainWnd no InitOver，filter msg cmd:10191
