Timer_slab: msg[236-491], size:0x8;
Msg_slab: msg[492-495], size:0x4000; msg[496-503], size:0x1000; msg[504-519], size:0x800; msg[520-551], size:0x400;
          msg[552-615], size:0x200; msg[616-743], size:0x100; msg[744-999], size:0x80.
msg[236]: TimerID[5] UsedFlag[1]
msg[237]: TimerID[4] UsedFlag[1]
msg[238]: TimerID[5] UsedFlag[1]
msg[239]: TimerID[4] UsedFlag[1]
msg[240]: TimerID[6] UsedFlag[1]
msg[241]: TimerID[4] UsedFlag[1]
msg[242]: TimerID[5] UsedFlag[1]
msg[243]: TimerID[6] UsedFlag[1]
msg[244]: TimerID[6] UsedFlag[1]
msg[245]: TimerID[4] UsedFlag[1]
msg[246]: TimerID[5] UsedFlag[1]
msg[247]: TimerID[4] UsedFlag[1]
msg[248]: TimerID[5] UsedFlag[1]
msg[249]: TimerID[6] UsedFlag[1]
msg[250]: TimerID[4] UsedFlag[1]
msg[251]: TimerID[5] UsedFlag[1]
msg[252]: TimerID[6] UsedFlag[1]
msg[253]: TimerID[6] UsedFlag[1]
msg[254]: TimerID[4] UsedFlag[1]
msg[255]: TimerID[5] UsedFlag[1]
msg[256]: TimerID[4] UsedFlag[1]
msg[257]: TimerID[5] UsedFlag[1]
msg[258]: TimerID[6] UsedFlag[1]
msg[259]: TimerID[4] UsedFlag[1]
msg[260]: TimerID[5] UsedFlag[1]
msg[261]: TimerID[6] UsedFlag[1]
msg[262]: TimerID[6] UsedFlag[1]
msg[263]: TimerID[4] UsedFlag[1]
msg[264]: TimerID[5] UsedFlag[1]
msg[265]: TimerID[4] UsedFlag[1]
msg[266]: TimerID[5] UsedFlag[1]
msg[267]: TimerID[6] UsedFlag[1]
msg[268]: TimerID[4] UsedFlag[1]
msg[269]: TimerID[5] UsedFlag[1]
msg[270]: TimerID[6] UsedFlag[1]
msg[271]: TimerID[5] UsedFlag[1]
msg[272]: TimerID[6] UsedFlag[1]
msg[273]: TimerID[6] UsedFlag[1]
msg[274]: TimerID[4] UsedFlag[1]
msg[275]: TimerID[5] UsedFlag[1]
msg[276]: TimerID[6] UsedFlag[1]
msg[277]: TimerID[5] UsedFlag[1]
msg[278]: TimerID[4] UsedFlag[1]
msg[279]: TimerID[6] UsedFlag[1]
msg[280]: TimerID[6] UsedFlag[1]
msg[281]: TimerID[5] UsedFlag[1]
msg[282]: TimerID[4] UsedFlag[1]
msg[283]: TimerID[4] UsedFlag[1]
msg[284]: TimerID[6] UsedFlag[1]
msg[285]: TimerID[6] UsedFlag[1]
msg[286]: TimerID[5] UsedFlag[1]
msg[287]: TimerID[4] UsedFlag[1]
msg[288]: TimerID[6] UsedFlag[1]
msg[289]: TimerID[5] UsedFlag[1]
msg[290]: TimerID[4] UsedFlag[1]
msg[291]: TimerID[5] UsedFlag[1]
msg[292]: TimerID[4] UsedFlag[1]
msg[293]: TimerID[6] UsedFlag[1]
msg[294]: TimerID[6] UsedFlag[1]
msg[295]: TimerID[5] UsedFlag[1]
msg[296]: TimerID[4] UsedFlag[1]
msg[297]: TimerID[6] UsedFlag[1]
msg[298]: TimerID[5] UsedFlag[1]
msg[299]: TimerID[4] UsedFlag[1]
msg[300]: TimerID[5] UsedFlag[1]
msg[301]: TimerID[4] UsedFlag[1]
msg[302]: TimerID[5] UsedFlag[1]
msg[303]: TimerID[6] UsedFlag[1]
msg[304]: TimerID[5] UsedFlag[1]
msg[305]: TimerID[4] UsedFlag[1]
msg[306]: TimerID[6] UsedFlag[1]
msg[307]: TimerID[5] UsedFlag[1]
msg[308]: TimerID[4] UsedFlag[1]
msg[309]: TimerID[6] UsedFlag[1]
msg[310]: TimerID[4] UsedFlag[1]
msg[311]: TimerID[6] UsedFlag[1]
msg[312]: TimerID[6] UsedFlag[1]
msg[313]: TimerID[5] UsedFlag[1]
msg[314]: TimerID[4] UsedFlag[1]
msg[315]: TimerID[6] UsedFlag[1]
msg[316]: TimerID[5] UsedFlag[1]
msg[317]: TimerID[4] UsedFlag[1]
msg[318]: TimerID[5] UsedFlag[1]
msg[319]: TimerID[4] UsedFlag[1]
msg[320]: TimerID[6] UsedFlag[1]
msg[321]: TimerID[6] UsedFlag[1]
msg[322]: TimerID[5] UsedFlag[1]
msg[323]: TimerID[4] UsedFlag[1]
msg[324]: TimerID[6] UsedFlag[1]
msg[325]: TimerID[5] UsedFlag[1]
msg[326]: TimerID[4] UsedFlag[1]
msg[327]: TimerID[5] UsedFlag[1]
msg[328]: TimerID[4] UsedFlag[1]
msg[329]: TimerID[6] UsedFlag[1]
msg[330]: TimerID[6] UsedFlag[1]
msg[331]: TimerID[5] UsedFlag[1]
msg[332]: TimerID[4] UsedFlag[1]
msg[333]: TimerID[6] UsedFlag[1]
msg[334]: TimerID[5] UsedFlag[1]
msg[335]: TimerID[4] UsedFlag[1]
msg[336]: TimerID[5] UsedFlag[1]
msg[337]: TimerID[4] UsedFlag[1]
msg[338]: TimerID[6] UsedFlag[1]
msg[339]: TimerID[6] UsedFlag[1]
msg[340]: TimerID[5] UsedFlag[1]
msg[341]: TimerID[4] UsedFlag[1]
msg[342]: TimerID[6] UsedFlag[1]
msg[343]: TimerID[5] UsedFlag[1]
msg[344]: TimerID[4] UsedFlag[1]
msg[345]: TimerID[5] UsedFlag[1]
msg[346]: TimerID[4] UsedFlag[1]
msg[347]: TimerID[6] UsedFlag[1]
msg[348]: TimerID[6] UsedFlag[1]
msg[349]: TimerID[5] UsedFlag[1]
msg[350]: TimerID[4] UsedFlag[1]
msg[351]: TimerID[6] UsedFlag[1]
msg[352]: TimerID[5] UsedFlag[1]
msg[353]: TimerID[4] UsedFlag[1]
msg[354]: TimerID[5] UsedFlag[1]
msg[355]: TimerID[4] UsedFlag[1]
msg[356]: TimerID[6] UsedFlag[1]
msg[357]: TimerID[6] UsedFlag[1]
msg[358]: TimerID[5] UsedFlag[1]
msg[359]: TimerID[4] UsedFlag[1]
msg[360]: TimerID[6] UsedFlag[1]
msg[361]: TimerID[5] UsedFlag[1]
msg[362]: TimerID[4] UsedFlag[1]
msg[363]: TimerID[5] UsedFlag[1]
msg[364]: TimerID[4] UsedFlag[1]
msg[365]: TimerID[6] UsedFlag[1]
msg[366]: TimerID[6] UsedFlag[1]
msg[367]: TimerID[5] UsedFlag[1]
msg[368]: TimerID[4] UsedFlag[1]
msg[369]: TimerID[6] UsedFlag[1]
msg[370]: TimerID[5] UsedFlag[1]
msg[371]: TimerID[4] UsedFlag[1]
msg[372]: TimerID[5] UsedFlag[1]
msg[373]: TimerID[4] UsedFlag[1]
msg[374]: TimerID[6] UsedFlag[1]
msg[375]: TimerID[6] UsedFlag[1]
msg[376]: TimerID[5] UsedFlag[1]
msg[377]: TimerID[4] UsedFlag[1]
msg[378]: TimerID[6] UsedFlag[1]
msg[379]: TimerID[5] UsedFlag[1]
msg[380]: TimerID[4] UsedFlag[1]
msg[381]: TimerID[5] UsedFlag[1]
msg[382]: TimerID[4] UsedFlag[1]
msg[383]: TimerID[7] UsedFlag[1]
msg[384]: TimerID[6] UsedFlag[1]
msg[385]: TimerID[5] UsedFlag[1]
msg[386]: TimerID[4] UsedFlag[1]
msg[387]: TimerID[6] UsedFlag[1]
msg[388]: TimerID[5] UsedFlag[1]
msg[389]: TimerID[4] UsedFlag[1]
msg[390]: TimerID[6] UsedFlag[1]
msg[391]: TimerID[5] UsedFlag[1]
msg[392]: TimerID[4] UsedFlag[1]
msg[393]: TimerID[6] UsedFlag[1]
msg[394]: TimerID[6] UsedFlag[1]
msg[395]: TimerID[5] UsedFlag[1]
msg[396]: TimerID[4] UsedFlag[1]
msg[397]: TimerID[6] UsedFlag[1]
msg[398]: TimerID[5] UsedFlag[1]
msg[399]: TimerID[4] UsedFlag[1]
msg[400]: TimerID[5] UsedFlag[1]
msg[401]: TimerID[4] UsedFlag[1]
msg[402]: TimerID[6] UsedFlag[1]
msg[403]: TimerID[6] UsedFlag[1]
msg[404]: TimerID[5] UsedFlag[1]
msg[405]: TimerID[4] UsedFlag[1]
msg[406]: TimerID[6] UsedFlag[1]
msg[407]: TimerID[5] UsedFlag[1]
msg[408]: TimerID[4] UsedFlag[1]
msg[409]: TimerID[5] UsedFlag[1]
msg[410]: TimerID[4] UsedFlag[1]
msg[411]: TimerID[6] UsedFlag[1]
msg[412]: TimerID[6] UsedFlag[1]
msg[413]: TimerID[5] UsedFlag[1]
msg[414]: TimerID[4] UsedFlag[1]
msg[415]: TimerID[6] UsedFlag[1]
msg[416]: TimerID[5] UsedFlag[1]
msg[417]: TimerID[4] UsedFlag[1]
msg[418]: TimerID[5] UsedFlag[1]
msg[419]: TimerID[4] UsedFlag[1]
msg[420]: TimerID[6] UsedFlag[1]
msg[421]: TimerID[6] UsedFlag[1]
msg[422]: TimerID[5] UsedFlag[1]
msg[423]: TimerID[4] UsedFlag[1]
msg[424]: TimerID[6] UsedFlag[1]
msg[425]: TimerID[5] UsedFlag[1]
msg[426]: TimerID[4] UsedFlag[1]
msg[427]: TimerID[5] UsedFlag[1]
msg[428]: TimerID[4] UsedFlag[1]
msg[429]: TimerID[10] UsedFlag[1]
msg[430]: TimerID[6] UsedFlag[1]
msg[431]: TimerID[6] UsedFlag[1]
msg[432]: TimerID[5] UsedFlag[1]
msg[433]: TimerID[4] UsedFlag[1]
msg[434]: TimerID[6] UsedFlag[1]
msg[435]: TimerID[5] UsedFlag[1]
msg[436]: TimerID[4] UsedFlag[1]
msg[437]: TimerID[6] UsedFlag[1]
msg[438]: TimerID[5] UsedFlag[1]
msg[439]: TimerID[4] UsedFlag[1]
msg[440]: TimerID[5] UsedFlag[1]
msg[441]: TimerID[4] UsedFlag[1]
msg[442]: TimerID[6] UsedFlag[1]
msg[443]: TimerID[6] UsedFlag[1]
msg[444]: TimerID[5] UsedFlag[1]
msg[445]: TimerID[4] UsedFlag[1]
msg[446]: TimerID[6] UsedFlag[1]
msg[447]: TimerID[5] UsedFlag[1]
msg[448]: TimerID[4] UsedFlag[1]
msg[449]: TimerID[5] UsedFlag[1]
msg[450]: TimerID[4] UsedFlag[1]
msg[451]: TimerID[6] UsedFlag[1]
msg[452]: TimerID[6] UsedFlag[1]
msg[453]: TimerID[5] UsedFlag[1]
msg[454]: TimerID[4] UsedFlag[1]
msg[455]: TimerID[6] UsedFlag[1]
msg[456]: TimerID[5] UsedFlag[1]
msg[457]: TimerID[4] UsedFlag[1]
msg[458]: TimerID[5] UsedFlag[1]
msg[459]: TimerID[4] UsedFlag[1]
msg[460]: TimerID[6] UsedFlag[1]
msg[461]: TimerID[6] UsedFlag[1]
msg[462]: TimerID[5] UsedFlag[1]
msg[463]: TimerID[4] UsedFlag[1]
msg[464]: TimerID[6] UsedFlag[1]
msg[465]: TimerID[5] UsedFlag[1]
msg[466]: TimerID[4] UsedFlag[1]
msg[467]: TimerID[5] UsedFlag[1]
msg[468]: TimerID[4] UsedFlag[1]
msg[469]: TimerID[6] UsedFlag[1]
msg[470]: TimerID[6] UsedFlag[1]
msg[471]: TimerID[5] UsedFlag[1]
msg[472]: TimerID[4] UsedFlag[1]
msg[473]: TimerID[6] UsedFlag[1]
msg[474]: TimerID[5] UsedFlag[1]
msg[475]: TimerID[4] UsedFlag[1]
msg[476]: TimerID[5] UsedFlag[1]
msg[477]: TimerID[4] UsedFlag[1]
msg[478]: TimerID[6] UsedFlag[1]
msg[479]: TimerID[6] UsedFlag[1]
msg[480]: TimerID[5] UsedFlag[1]
msg[481]: TimerID[4] UsedFlag[1]
msg[482]: TimerID[6] UsedFlag[1]
msg[483]: TimerID[5] UsedFlag[1]
msg[484]: TimerID[4] UsedFlag[1]
msg[485]: TimerID[5] UsedFlag[1]
msg[486]: TimerID[4] UsedFlag[1]
msg[487]: TimerID[6] UsedFlag[1]
msg[488]: TimerID[6] UsedFlag[1]
msg[489]: TimerID[5] UsedFlag[1]
msg[490]: TimerID[4] UsedFlag[1]
msg[491]: TimerID[33] UsedFlag[1]
msg[508]: type[16] cmd[2068] incmd[0] from[0x90000001] to[0x0] UsedFlag[3]
12-01 00:00:28 
