MW_MWARE_cmd:644
MW_CTRL_IPCTaskMsgProc:646
MW_MWARE:777
MW_INTERFACE:780
MW_SNMP:781
MW_UPNP:790
MW_IW:788
MW_LIGHTAPI:786
MW_SDK:785
MW_ALM:783
MW_CTRL:778
MW_WEB:791
MW_SERIAL:789
MW_LISTEN:787
MW_PTZ:784
MW_STOR_MCP:782
HTTPPushThread:846
MW_MCP_StoreThread:844
EmailSendThread:845
MP_SD_FwdThread(2564564048):843
AudioCaptureThread:856
MW_AUDIO_OUT:859
VideoCaptureThread:860
MW_STOR_QueueProc:866
FaceLibFTPThd:874
BasicFTPThread:873
MW_STOR_TmsThread 0:1220
MW_STOR_StorResProc:869
MW_STOR_LYThread:1223
InitCDSThd:870
MW_STOR_RecycleLocalStorDir:931
MW_STOR_UploadTask:932
MP_SR_ThreadProc(513):934
MW_CTRL_InitSnmp:940
MW_SDK_Server_init:943
MW_CTRL_WEB_HttpThread:949
LAPI_SubsThr:951
LAPI_FrSubsThr:952
MW_LAPI_ServerTask:958
Longalarm_Pipe_Servertask:960
ListenThread(NoSSL):962
MW_CTRL_USBDevLsnTh:963
SA_main:985
AM_SIP:988
RA_main:992
AM_RM:991
NetLinkStatusRroc:997
MW_Ctrl_NetDetectThd:1000
MW_IW_ProcMsgFromIwareThread:1006
IW_SmartMsgProcThread.:1005
IW_ZK2IN1Thr:1014
VehicleDetMsgTh:1013
IW_ProcAlgResultThread:1020
IW_USBIDCardThr:1024
GetPictureThrd:1036
IW_Qr-CodeThr:1022
IW_SmartMainThread:1021
LibInitThread:1035
FaceDetThr:1033
PushYUVThr:1034
AcsPollingThr:1031
DecodeThr:1029
CardPicRecogThr:1028
FaceRecogThr:1032
FaceCompThr:1030
SecurityModuleThr:1025
MW_Ctrl_RarpSer:1047
DiscoveryThread:946
LibTimingUpThr:1204
SaveCfgThr:2681
LAPI_TarDiagnosisThd:2662
